[ 2013-04-25T20:15:13+08:00 ] 0.0.0.0 /MyStage/admin.php/blog/index.tyc
INFO: [ route_check ] --START--
INFO: Run CheckRoute Behavior [ RunTime:0.001364s ]
INFO: [ route_check ] --END-- [ RunTime:0.001462s ]
INFO: [ app_begin ] --START--
INFO: Run ReadHtmlCache Behavior [ RunTime:0.000934s ]
INFO: [ app_begin ] --END-- [ RunTime:0.001012s ]
SQL: SHOW COLUMNS FROM `mystage_blog` [ RunTime:0.003782s ]
SQL: SELECT blog.id,blog.title,blog.inputtime,topic.name AS topicname FROM mystage_blog AS blog,mystage_blog_topic AS topic,mystage_topic_blog_map AS topicmap WHERE blog.status=1 AND topicmap.topicid=topic.id AND topicmap.blogid=blog.id ORDER BY updatetime DESC  [ RunTime:0.000776s ]
INFO: [ view_template ] --START--
INFO: Run LocationTemplate Behavior [ RunTime:0.001204s ]
INFO: [ view_template ] --END-- [ RunTime:0.001283s ]
INFO: [ view_parse ] --START--
NOTIC: [8] Use of undefined constant index - assumed 'index' D:\xampp\htdocs\MyStage\Admin\Runtime\Cache\d759778e500ef01dd827314dff0dcd80.php 第 24 行.
NOTIC: [8] Use of undefined constant topic_manage - assumed 'topic_manage' D:\xampp\htdocs\MyStage\Admin\Runtime\Cache\d759778e500ef01dd827314dff0dcd80.php 第 27 行.
NOTIC: [8] Use of undefined constant draftbox - assumed 'draftbox' D:\xampp\htdocs\MyStage\Admin\Runtime\Cache\d759778e500ef01dd827314dff0dcd80.php 第 30 行.
NOTIC: [8] Use of undefined constant wastebasket - assumed 'wastebasket' D:\xampp\htdocs\MyStage\Admin\Runtime\Cache\d759778e500ef01dd827314dff0dcd80.php 第 33 行.
NOTIC: [8] Use of undefined constant add_blog - assumed 'add_blog' D:\xampp\htdocs\MyStage\Admin\Runtime\Cache\d759778e500ef01dd827314dff0dcd80.php 第 36 行.
NOTIC: [8] Use of undefined constant blog_details - assumed 'blog_details' D:\xampp\htdocs\MyStage\Admin\Runtime\Cache\d759778e500ef01dd827314dff0dcd80.php 第 59 行.
NOTIC: [8] Use of undefined constant edit_blog - assumed 'edit_blog' D:\xampp\htdocs\MyStage\Admin\Runtime\Cache\d759778e500ef01dd827314dff0dcd80.php 第 64 行.
NOTIC: [8] Use of undefined constant blog_details - assumed 'blog_details' D:\xampp\htdocs\MyStage\Admin\Runtime\Cache\d759778e500ef01dd827314dff0dcd80.php 第 59 行.
NOTIC: [8] Use of undefined constant edit_blog - assumed 'edit_blog' D:\xampp\htdocs\MyStage\Admin\Runtime\Cache\d759778e500ef01dd827314dff0dcd80.php 第 64 行.
NOTIC: [8] Use of undefined constant blog_details - assumed 'blog_details' D:\xampp\htdocs\MyStage\Admin\Runtime\Cache\d759778e500ef01dd827314dff0dcd80.php 第 59 行.
NOTIC: [8] Use of undefined constant edit_blog - assumed 'edit_blog' D:\xampp\htdocs\MyStage\Admin\Runtime\Cache\d759778e500ef01dd827314dff0dcd80.php 第 64 行.
NOTIC: [8] Use of undefined constant blog_details - assumed 'blog_details' D:\xampp\htdocs\MyStage\Admin\Runtime\Cache\d759778e500ef01dd827314dff0dcd80.php 第 59 行.
NOTIC: [8] Use of undefined constant edit_blog - assumed 'edit_blog' D:\xampp\htdocs\MyStage\Admin\Runtime\Cache\d759778e500ef01dd827314dff0dcd80.php 第 64 行.
NOTIC: [8] Use of undefined constant blog_details - assumed 'blog_details' D:\xampp\htdocs\MyStage\Admin\Runtime\Cache\d759778e500ef01dd827314dff0dcd80.php 第 59 行.
NOTIC: [8] Use of undefined constant edit_blog - assumed 'edit_blog' D:\xampp\htdocs\MyStage\Admin\Runtime\Cache\d759778e500ef01dd827314dff0dcd80.php 第 64 行.
NOTIC: [8] Use of undefined constant blog_details - assumed 'blog_details' D:\xampp\htdocs\MyStage\Admin\Runtime\Cache\d759778e500ef01dd827314dff0dcd80.php 第 59 行.
NOTIC: [8] Use of undefined constant edit_blog - assumed 'edit_blog' D:\xampp\htdocs\MyStage\Admin\Runtime\Cache\d759778e500ef01dd827314dff0dcd80.php 第 64 行.
INFO: Run ParseTemplate Behavior [ RunTime:0.015664s ]
INFO: [ view_parse ] --END-- [ RunTime:0.015735s ]
INFO: [ view_filter ] --START--
INFO: Run ContentReplace Behavior [ RunTime:0.000751s ]
INFO: Run TokenBuild Behavior [ RunTime:0.000696s ]
INFO: Run WriteHtmlCache Behavior [ RunTime:0.000558s ]
INFO: Run ShowRuntime Behavior [ RunTime:0.000801s ]
INFO: [ view_filter ] --END-- [ RunTime:0.003022s ]
INFO: [ view_end ] --START--
INFO: Run ShowPageTrace Behavior [ RunTime:0.000987s ]
INFO: [ view_end ] --END-- [ RunTime:0.001056s ]

[ 2013-04-25T20:15:16+08:00 ] 0.0.0.0 /MyStage/admin.php/blog/index
INFO: [ route_check ] --START--
INFO: Run CheckRoute Behavior [ RunTime:0.000605s ]
INFO: [ route_check ] --END-- [ RunTime:0.000648s ]
INFO: [ app_begin ] --START--
INFO: Run ReadHtmlCache Behavior [ RunTime:0.000401s ]
INFO: [ app_begin ] --END-- [ RunTime:0.000435s ]
SQL: SHOW COLUMNS FROM `mystage_blog` [ RunTime:0.001907s ]
SQL: SELECT blog.id,blog.title,blog.inputtime,topic.name AS topicname FROM mystage_blog AS blog,mystage_blog_topic AS topic,mystage_topic_blog_map AS topicmap WHERE blog.status=1 AND topicmap.topicid=topic.id AND topicmap.blogid=blog.id ORDER BY updatetime DESC  [ RunTime:0.000396s ]
INFO: [ view_template ] --START--
INFO: Run LocationTemplate Behavior [ RunTime:0.000689s ]
INFO: [ view_template ] --END-- [ RunTime:0.000725s ]
INFO: [ view_parse ] --START--
NOTIC: [8] Use of undefined constant index - assumed 'index' D:\xampp\htdocs\MyStage\Admin\Runtime\Cache\d759778e500ef01dd827314dff0dcd80.php 第 24 行.
NOTIC: [8] Use of undefined constant topic_manage - assumed 'topic_manage' D:\xampp\htdocs\MyStage\Admin\Runtime\Cache\d759778e500ef01dd827314dff0dcd80.php 第 27 行.
NOTIC: [8] Use of undefined constant draftbox - assumed 'draftbox' D:\xampp\htdocs\MyStage\Admin\Runtime\Cache\d759778e500ef01dd827314dff0dcd80.php 第 30 行.
NOTIC: [8] Use of undefined constant wastebasket - assumed 'wastebasket' D:\xampp\htdocs\MyStage\Admin\Runtime\Cache\d759778e500ef01dd827314dff0dcd80.php 第 33 行.
NOTIC: [8] Use of undefined constant add_blog - assumed 'add_blog' D:\xampp\htdocs\MyStage\Admin\Runtime\Cache\d759778e500ef01dd827314dff0dcd80.php 第 36 行.
NOTIC: [8] Use of undefined constant blog_details - assumed 'blog_details' D:\xampp\htdocs\MyStage\Admin\Runtime\Cache\d759778e500ef01dd827314dff0dcd80.php 第 59 行.
NOTIC: [8] Use of undefined constant edit_blog - assumed 'edit_blog' D:\xampp\htdocs\MyStage\Admin\Runtime\Cache\d759778e500ef01dd827314dff0dcd80.php 第 64 行.
NOTIC: [8] Use of undefined constant blog_details - assumed 'blog_details' D:\xampp\htdocs\MyStage\Admin\Runtime\Cache\d759778e500ef01dd827314dff0dcd80.php 第 59 行.
NOTIC: [8] Use of undefined constant edit_blog - assumed 'edit_blog' D:\xampp\htdocs\MyStage\Admin\Runtime\Cache\d759778e500ef01dd827314dff0dcd80.php 第 64 行.
NOTIC: [8] Use of undefined constant blog_details - assumed 'blog_details' D:\xampp\htdocs\MyStage\Admin\Runtime\Cache\d759778e500ef01dd827314dff0dcd80.php 第 59 行.
NOTIC: [8] Use of undefined constant edit_blog - assumed 'edit_blog' D:\xampp\htdocs\MyStage\Admin\Runtime\Cache\d759778e500ef01dd827314dff0dcd80.php 第 64 行.
NOTIC: [8] Use of undefined constant blog_details - assumed 'blog_details' D:\xampp\htdocs\MyStage\Admin\Runtime\Cache\d759778e500ef01dd827314dff0dcd80.php 第 59 行.
NOTIC: [8] Use of undefined constant edit_blog - assumed 'edit_blog' D:\xampp\htdocs\MyStage\Admin\Runtime\Cache\d759778e500ef01dd827314dff0dcd80.php 第 64 行.
NOTIC: [8] Use of undefined constant blog_details - assumed 'blog_details' D:\xampp\htdocs\MyStage\Admin\Runtime\Cache\d759778e500ef01dd827314dff0dcd80.php 第 59 行.
NOTIC: [8] Use of undefined constant edit_blog - assumed 'edit_blog' D:\xampp\htdocs\MyStage\Admin\Runtime\Cache\d759778e500ef01dd827314dff0dcd80.php 第 64 行.
NOTIC: [8] Use of undefined constant blog_details - assumed 'blog_details' D:\xampp\htdocs\MyStage\Admin\Runtime\Cache\d759778e500ef01dd827314dff0dcd80.php 第 59 行.
NOTIC: [8] Use of undefined constant edit_blog - assumed 'edit_blog' D:\xampp\htdocs\MyStage\Admin\Runtime\Cache\d759778e500ef01dd827314dff0dcd80.php 第 64 行.
INFO: Run ParseTemplate Behavior [ RunTime:0.007849s ]
INFO: [ view_parse ] --END-- [ RunTime:0.007882s ]
INFO: [ view_filter ] --START--
INFO: Run ContentReplace Behavior [ RunTime:0.000405s ]
INFO: Run TokenBuild Behavior [ RunTime:0.000380s ]
INFO: Run WriteHtmlCache Behavior [ RunTime:0.000326s ]
INFO: Run ShowRuntime Behavior [ RunTime:0.000483s ]
INFO: [ view_filter ] --END-- [ RunTime:0.001696s ]
INFO: [ view_end ] --START--
INFO: Run ShowPageTrace Behavior [ RunTime:0.000503s ]
INFO: [ view_end ] --END-- [ RunTime:0.000534s ]

