[ 2013-04-29T06:30:36+08:00 ] 127.0.0.1 /mystage/admin.php/public/admin_login
INFO: [ route_check ] --START--
INFO: Run CheckRoute Behavior [ RunTime:0.041429s ]
INFO: [ route_check ] --END-- [ RunTime:0.041491s ]
INFO: [ app_begin ] --START--
INFO: Run ReadHtmlCache Behavior [ RunTime:0.001366s ]
INFO: [ app_begin ] --END-- [ RunTime:0.001495s ]
INFO: [ view_template ] --START--
INFO: Run LocationTemplate Behavior [ RunTime:0.055619s ]
INFO: [ view_template ] --END-- [ RunTime:0.055720s ]
INFO: [ view_parse ] --START--
INFO: Run ParseTemplate Behavior [ RunTime:0.312104s ]
INFO: [ view_parse ] --END-- [ RunTime:0.312178s ]
INFO: [ view_filter ] --START--
INFO: Run ContentReplace Behavior [ RunTime:0.017054s ]
INFO: Run TokenBuild Behavior [ RunTime:0.010515s ]
INFO: Run WriteHtmlCache Behavior [ RunTime:0.001747s ]
INFO: Run ShowRuntime Behavior [ RunTime:0.001111s ]
INFO: [ view_filter ] --END-- [ RunTime:0.030564s ]
INFO: [ view_end ] --START--
INFO: Run ShowPageTrace Behavior [ RunTime:0.009366s ]
INFO: [ view_end ] --END-- [ RunTime:0.009415s ]

[ 2013-04-29T06:30:38+08:00 ] 127.0.0.1 /mystage/admin.php/blog/index
INFO: [ route_check ] --START--
INFO: Run CheckRoute Behavior [ RunTime:0.000605s ]
INFO: [ route_check ] --END-- [ RunTime:0.000660s ]
INFO: [ app_begin ] --START--
INFO: Run ReadHtmlCache Behavior [ RunTime:0.000445s ]
INFO: [ app_begin ] --END-- [ RunTime:0.000483s ]
SQL: SHOW COLUMNS FROM `mystage_blog` [ RunTime:0.054692s ]
SQL: SELECT blog.id,blog.title,blog.inputtime,topic.name AS topicname FROM mystage_blog AS blog,mystage_blog_topic AS topic WHERE blog.status=1 AND blog.topicid=topic.id  ORDER BY updatetime DESC  [ RunTime:0.031457s ]
INFO: [ view_template ] --START--
INFO: Run LocationTemplate Behavior [ RunTime:0.001042s ]
INFO: [ view_template ] --END-- [ RunTime:0.001089s ]
INFO: [ view_parse ] --START--
NOTIC: [8] Use of undefined constant index - assumed 'index' D:\xampp\htdocs\MyStage\Admin\Runtime\Cache\d759778e500ef01dd827314dff0dcd80.php 第 25 行.
NOTIC: [8] Use of undefined constant topic_manage - assumed 'topic_manage' D:\xampp\htdocs\MyStage\Admin\Runtime\Cache\d759778e500ef01dd827314dff0dcd80.php 第 28 行.
NOTIC: [8] Use of undefined constant draftbox - assumed 'draftbox' D:\xampp\htdocs\MyStage\Admin\Runtime\Cache\d759778e500ef01dd827314dff0dcd80.php 第 31 行.
NOTIC: [8] Use of undefined constant wastebasket - assumed 'wastebasket' D:\xampp\htdocs\MyStage\Admin\Runtime\Cache\d759778e500ef01dd827314dff0dcd80.php 第 34 行.
NOTIC: [8] Use of undefined constant add_blog - assumed 'add_blog' D:\xampp\htdocs\MyStage\Admin\Runtime\Cache\d759778e500ef01dd827314dff0dcd80.php 第 37 行.
NOTIC: [8] Use of undefined constant blog_details - assumed 'blog_details' D:\xampp\htdocs\MyStage\Admin\Runtime\Cache\d759778e500ef01dd827314dff0dcd80.php 第 61 行.
NOTIC: [8] Use of undefined constant edit_blog - assumed 'edit_blog' D:\xampp\htdocs\MyStage\Admin\Runtime\Cache\d759778e500ef01dd827314dff0dcd80.php 第 66 行.
NOTIC: [8] Use of undefined constant blog_details - assumed 'blog_details' D:\xampp\htdocs\MyStage\Admin\Runtime\Cache\d759778e500ef01dd827314dff0dcd80.php 第 61 行.
NOTIC: [8] Use of undefined constant edit_blog - assumed 'edit_blog' D:\xampp\htdocs\MyStage\Admin\Runtime\Cache\d759778e500ef01dd827314dff0dcd80.php 第 66 行.
NOTIC: [8] Use of undefined constant blog_details - assumed 'blog_details' D:\xampp\htdocs\MyStage\Admin\Runtime\Cache\d759778e500ef01dd827314dff0dcd80.php 第 61 行.
NOTIC: [8] Use of undefined constant edit_blog - assumed 'edit_blog' D:\xampp\htdocs\MyStage\Admin\Runtime\Cache\d759778e500ef01dd827314dff0dcd80.php 第 66 行.
NOTIC: [8] Use of undefined constant blog_details - assumed 'blog_details' D:\xampp\htdocs\MyStage\Admin\Runtime\Cache\d759778e500ef01dd827314dff0dcd80.php 第 61 行.
NOTIC: [8] Use of undefined constant edit_blog - assumed 'edit_blog' D:\xampp\htdocs\MyStage\Admin\Runtime\Cache\d759778e500ef01dd827314dff0dcd80.php 第 66 行.
NOTIC: [8] Use of undefined constant blog_details - assumed 'blog_details' D:\xampp\htdocs\MyStage\Admin\Runtime\Cache\d759778e500ef01dd827314dff0dcd80.php 第 61 行.
NOTIC: [8] Use of undefined constant edit_blog - assumed 'edit_blog' D:\xampp\htdocs\MyStage\Admin\Runtime\Cache\d759778e500ef01dd827314dff0dcd80.php 第 66 行.
NOTIC: [8] Use of undefined constant blog_details - assumed 'blog_details' D:\xampp\htdocs\MyStage\Admin\Runtime\Cache\d759778e500ef01dd827314dff0dcd80.php 第 61 行.
NOTIC: [8] Use of undefined constant edit_blog - assumed 'edit_blog' D:\xampp\htdocs\MyStage\Admin\Runtime\Cache\d759778e500ef01dd827314dff0dcd80.php 第 66 行.
NOTIC: [8] Use of undefined constant blog_details - assumed 'blog_details' D:\xampp\htdocs\MyStage\Admin\Runtime\Cache\d759778e500ef01dd827314dff0dcd80.php 第 61 行.
NOTIC: [8] Use of undefined constant edit_blog - assumed 'edit_blog' D:\xampp\htdocs\MyStage\Admin\Runtime\Cache\d759778e500ef01dd827314dff0dcd80.php 第 66 行.
NOTIC: [8] Use of undefined constant blog_details - assumed 'blog_details' D:\xampp\htdocs\MyStage\Admin\Runtime\Cache\d759778e500ef01dd827314dff0dcd80.php 第 61 行.
NOTIC: [8] Use of undefined constant edit_blog - assumed 'edit_blog' D:\xampp\htdocs\MyStage\Admin\Runtime\Cache\d759778e500ef01dd827314dff0dcd80.php 第 66 行.
INFO: Run ParseTemplate Behavior [ RunTime:0.024168s ]
INFO: [ view_parse ] --END-- [ RunTime:0.024212s ]
INFO: [ view_filter ] --START--
INFO: Run ContentReplace Behavior [ RunTime:0.000612s ]
INFO: Run TokenBuild Behavior [ RunTime:0.000357s ]
INFO: Run WriteHtmlCache Behavior [ RunTime:0.000284s ]
INFO: Run ShowRuntime Behavior [ RunTime:0.000417s ]
INFO: [ view_filter ] --END-- [ RunTime:0.001776s ]
INFO: [ view_end ] --START--
INFO: Run ShowPageTrace Behavior [ RunTime:0.000505s ]
INFO: [ view_end ] --END-- [ RunTime:0.000542s ]

[ 2013-04-29T06:30:41+08:00 ] 127.0.0.1 /mystage/admin.php/public/admin_login
INFO: [ route_check ] --START--
INFO: Run CheckRoute Behavior [ RunTime:0.000610s ]
INFO: [ route_check ] --END-- [ RunTime:0.000673s ]
INFO: [ app_begin ] --START--
INFO: Run ReadHtmlCache Behavior [ RunTime:0.000447s ]
INFO: [ app_begin ] --END-- [ RunTime:0.000484s ]
INFO: [ view_template ] --START--
INFO: Run LocationTemplate Behavior [ RunTime:0.000509s ]
INFO: [ view_template ] --END-- [ RunTime:0.000568s ]
INFO: [ view_parse ] --START--
INFO: Run ParseTemplate Behavior [ RunTime:0.005887s ]
INFO: [ view_parse ] --END-- [ RunTime:0.005942s ]
INFO: [ view_filter ] --START--
INFO: Run ContentReplace Behavior [ RunTime:0.000346s ]
INFO: Run TokenBuild Behavior [ RunTime:0.000342s ]
INFO: Run WriteHtmlCache Behavior [ RunTime:0.000246s ]
INFO: Run ShowRuntime Behavior [ RunTime:0.000390s ]
INFO: [ view_filter ] --END-- [ RunTime:0.001422s ]
INFO: [ view_end ] --START--
INFO: Run ShowPageTrace Behavior [ RunTime:0.000473s ]
INFO: [ view_end ] --END-- [ RunTime:0.000506s ]

[ 2013-04-29T06:30:54+08:00 ] 127.0.0.1 /mystage/admin.php/blog/index
INFO: [ route_check ] --START--
INFO: Run CheckRoute Behavior [ RunTime:0.000610s ]
INFO: [ route_check ] --END-- [ RunTime:0.000664s ]
INFO: [ app_begin ] --START--
INFO: Run ReadHtmlCache Behavior [ RunTime:0.000425s ]
INFO: [ app_begin ] --END-- [ RunTime:0.000462s ]
SQL: SHOW COLUMNS FROM `mystage_blog` [ RunTime:0.002944s ]
SQL: SELECT blog.id,blog.title,blog.inputtime,topic.name AS topicname FROM mystage_blog AS blog,mystage_blog_topic AS topic WHERE blog.status=1 AND blog.topicid=topic.id  ORDER BY updatetime DESC  [ RunTime:0.000493s ]
INFO: [ view_template ] --START--
INFO: Run LocationTemplate Behavior [ RunTime:0.001300s ]
INFO: [ view_template ] --END-- [ RunTime:0.001344s ]
INFO: [ view_parse ] --START--
NOTIC: [8] Use of undefined constant index - assumed 'index' D:\xampp\htdocs\MyStage\Admin\Runtime\Cache\d759778e500ef01dd827314dff0dcd80.php 第 25 行.
NOTIC: [8] Use of undefined constant topic_manage - assumed 'topic_manage' D:\xampp\htdocs\MyStage\Admin\Runtime\Cache\d759778e500ef01dd827314dff0dcd80.php 第 28 行.
NOTIC: [8] Use of undefined constant draftbox - assumed 'draftbox' D:\xampp\htdocs\MyStage\Admin\Runtime\Cache\d759778e500ef01dd827314dff0dcd80.php 第 31 行.
NOTIC: [8] Use of undefined constant wastebasket - assumed 'wastebasket' D:\xampp\htdocs\MyStage\Admin\Runtime\Cache\d759778e500ef01dd827314dff0dcd80.php 第 34 行.
NOTIC: [8] Use of undefined constant add_blog - assumed 'add_blog' D:\xampp\htdocs\MyStage\Admin\Runtime\Cache\d759778e500ef01dd827314dff0dcd80.php 第 37 行.
NOTIC: [8] Use of undefined constant blog_details - assumed 'blog_details' D:\xampp\htdocs\MyStage\Admin\Runtime\Cache\d759778e500ef01dd827314dff0dcd80.php 第 61 行.
NOTIC: [8] Use of undefined constant edit_blog - assumed 'edit_blog' D:\xampp\htdocs\MyStage\Admin\Runtime\Cache\d759778e500ef01dd827314dff0dcd80.php 第 66 行.
NOTIC: [8] Use of undefined constant blog_details - assumed 'blog_details' D:\xampp\htdocs\MyStage\Admin\Runtime\Cache\d759778e500ef01dd827314dff0dcd80.php 第 61 行.
NOTIC: [8] Use of undefined constant edit_blog - assumed 'edit_blog' D:\xampp\htdocs\MyStage\Admin\Runtime\Cache\d759778e500ef01dd827314dff0dcd80.php 第 66 行.
NOTIC: [8] Use of undefined constant blog_details - assumed 'blog_details' D:\xampp\htdocs\MyStage\Admin\Runtime\Cache\d759778e500ef01dd827314dff0dcd80.php 第 61 行.
NOTIC: [8] Use of undefined constant edit_blog - assumed 'edit_blog' D:\xampp\htdocs\MyStage\Admin\Runtime\Cache\d759778e500ef01dd827314dff0dcd80.php 第 66 行.
NOTIC: [8] Use of undefined constant blog_details - assumed 'blog_details' D:\xampp\htdocs\MyStage\Admin\Runtime\Cache\d759778e500ef01dd827314dff0dcd80.php 第 61 行.
NOTIC: [8] Use of undefined constant edit_blog - assumed 'edit_blog' D:\xampp\htdocs\MyStage\Admin\Runtime\Cache\d759778e500ef01dd827314dff0dcd80.php 第 66 行.
NOTIC: [8] Use of undefined constant blog_details - assumed 'blog_details' D:\xampp\htdocs\MyStage\Admin\Runtime\Cache\d759778e500ef01dd827314dff0dcd80.php 第 61 行.
NOTIC: [8] Use of undefined constant edit_blog - assumed 'edit_blog' D:\xampp\htdocs\MyStage\Admin\Runtime\Cache\d759778e500ef01dd827314dff0dcd80.php 第 66 行.
NOTIC: [8] Use of undefined constant blog_details - assumed 'blog_details' D:\xampp\htdocs\MyStage\Admin\Runtime\Cache\d759778e500ef01dd827314dff0dcd80.php 第 61 行.
NOTIC: [8] Use of undefined constant edit_blog - assumed 'edit_blog' D:\xampp\htdocs\MyStage\Admin\Runtime\Cache\d759778e500ef01dd827314dff0dcd80.php 第 66 行.
NOTIC: [8] Use of undefined constant blog_details - assumed 'blog_details' D:\xampp\htdocs\MyStage\Admin\Runtime\Cache\d759778e500ef01dd827314dff0dcd80.php 第 61 行.
NOTIC: [8] Use of undefined constant edit_blog - assumed 'edit_blog' D:\xampp\htdocs\MyStage\Admin\Runtime\Cache\d759778e500ef01dd827314dff0dcd80.php 第 66 行.
NOTIC: [8] Use of undefined constant blog_details - assumed 'blog_details' D:\xampp\htdocs\MyStage\Admin\Runtime\Cache\d759778e500ef01dd827314dff0dcd80.php 第 61 行.
NOTIC: [8] Use of undefined constant edit_blog - assumed 'edit_blog' D:\xampp\htdocs\MyStage\Admin\Runtime\Cache\d759778e500ef01dd827314dff0dcd80.php 第 66 行.
INFO: Run ParseTemplate Behavior [ RunTime:0.015491s ]
INFO: [ view_parse ] --END-- [ RunTime:0.015532s ]
INFO: [ view_filter ] --START--
INFO: Run ContentReplace Behavior [ RunTime:0.000618s ]
INFO: Run TokenBuild Behavior [ RunTime:0.000495s ]
INFO: Run WriteHtmlCache Behavior [ RunTime:0.000472s ]
INFO: Run ShowRuntime Behavior [ RunTime:0.000614s ]
INFO: [ view_filter ] --END-- [ RunTime:0.002304s ]
INFO: [ view_end ] --START--
INFO: Run ShowPageTrace Behavior [ RunTime:0.000665s ]
INFO: [ view_end ] --END-- [ RunTime:0.000701s ]

[ 2013-04-29T06:30:58+08:00 ] 127.0.0.1 /mystage/admin.php/blog/add_blog
INFO: [ route_check ] --START--
INFO: Run CheckRoute Behavior [ RunTime:0.000588s ]
INFO: [ route_check ] --END-- [ RunTime:0.000646s ]
INFO: [ app_begin ] --START--
INFO: Run ReadHtmlCache Behavior [ RunTime:0.000421s ]
INFO: [ app_begin ] --END-- [ RunTime:0.000460s ]
SQL: SHOW COLUMNS FROM `mystage_blog_topic` [ RunTime:0.002918s ]
SQL: SELECT cat.name AS catname,topic.*
			FROM mystage_blog_topic AS topic,mystage_blog_cat AS cat
			WHERE topic.catid=cat.id ORDER BY cat.id,topic.listorder [ RunTime:0.049118s ]
SQL: SHOW COLUMNS FROM `mystage_blog_cat` [ RunTime:0.003205s ]
SQL: SELECT * FROM `mystage_blog_cat`  [ RunTime:0.000316s ]
SQL: SHOW COLUMNS FROM `mystage_blog_type` [ RunTime:0.019028s ]
SQL: SELECT * FROM `mystage_blog_type`  [ RunTime:0.000332s ]
INFO: [ view_template ] --START--
INFO: Run LocationTemplate Behavior [ RunTime:0.000793s ]
INFO: [ view_template ] --END-- [ RunTime:0.000843s ]
INFO: [ view_parse ] --START--
NOTIC: [8] Use of undefined constant index - assumed 'index' D:\xampp\htdocs\MyStage\Admin\Runtime\Cache\cedb0ea141b06cf0be54e41ede6a20cc.php 第 22 行.
NOTIC: [8] Use of undefined constant topic_manage - assumed 'topic_manage' D:\xampp\htdocs\MyStage\Admin\Runtime\Cache\cedb0ea141b06cf0be54e41ede6a20cc.php 第 25 行.
NOTIC: [8] Use of undefined constant draftbox - assumed 'draftbox' D:\xampp\htdocs\MyStage\Admin\Runtime\Cache\cedb0ea141b06cf0be54e41ede6a20cc.php 第 28 行.
NOTIC: [8] Use of undefined constant wastebasket - assumed 'wastebasket' D:\xampp\htdocs\MyStage\Admin\Runtime\Cache\cedb0ea141b06cf0be54e41ede6a20cc.php 第 31 行.
NOTIC: [8] Use of undefined constant add_blog - assumed 'add_blog' D:\xampp\htdocs\MyStage\Admin\Runtime\Cache\cedb0ea141b06cf0be54e41ede6a20cc.php 第 34 行.
NOTIC: [8] Use of undefined constant addBlog - assumed 'addBlog' D:\xampp\htdocs\MyStage\Admin\Runtime\Cache\cedb0ea141b06cf0be54e41ede6a20cc.php 第 41 行.
INFO: Run ParseTemplate Behavior [ RunTime:0.036964s ]
INFO: [ view_parse ] --END-- [ RunTime:0.037016s ]
INFO: [ view_filter ] --START--
INFO: Run ContentReplace Behavior [ RunTime:0.000395s ]
INFO: Run TokenBuild Behavior [ RunTime:0.000340s ]
INFO: Run WriteHtmlCache Behavior [ RunTime:0.000246s ]
INFO: Run ShowRuntime Behavior [ RunTime:0.000369s ]
INFO: [ view_filter ] --END-- [ RunTime:0.001456s ]
INFO: [ view_end ] --START--
INFO: Run ShowPageTrace Behavior [ RunTime:0.000482s ]
INFO: [ view_end ] --END-- [ RunTime:0.000515s ]

[ 2013-04-29T06:47:16+08:00 ] 127.0.0.1 /mystage/admin.php/blog/add_blog
INFO: [ route_check ] --START--
INFO: Run CheckRoute Behavior [ RunTime:0.060591s ]
INFO: [ route_check ] --END-- [ RunTime:0.060667s ]
INFO: [ app_begin ] --START--
INFO: Run ReadHtmlCache Behavior [ RunTime:0.075848s ]
INFO: [ app_begin ] --END-- [ RunTime:0.075925s ]
SQL: SHOW COLUMNS FROM `mystage_blog_topic` [ RunTime:0.003041s ]
SQL: SELECT cat.name AS catname,topic.*
			FROM mystage_blog_topic AS topic,mystage_blog_cat AS cat
			WHERE topic.catid=cat.id ORDER BY cat.id,topic.listorder [ RunTime:0.000546s ]
SQL: SHOW COLUMNS FROM `mystage_blog_cat` [ RunTime:0.093563s ]
SQL: SELECT * FROM `mystage_blog_cat`  [ RunTime:0.000455s ]
SQL: SHOW COLUMNS FROM `mystage_blog_type` [ RunTime:0.002624s ]
SQL: SELECT * FROM `mystage_blog_type`  [ RunTime:0.000319s ]
INFO: [ view_template ] --START--
INFO: Run LocationTemplate Behavior [ RunTime:0.405943s ]
INFO: [ view_template ] --END-- [ RunTime:0.406015s ]
INFO: [ view_parse ] --START--
NOTIC: [8] Use of undefined constant index - assumed 'index' D:\xampp\htdocs\MyStage\Admin\Runtime\Cache\cedb0ea141b06cf0be54e41ede6a20cc.php 第 22 行.
NOTIC: [8] Use of undefined constant topic_manage - assumed 'topic_manage' D:\xampp\htdocs\MyStage\Admin\Runtime\Cache\cedb0ea141b06cf0be54e41ede6a20cc.php 第 25 行.
NOTIC: [8] Use of undefined constant draftbox - assumed 'draftbox' D:\xampp\htdocs\MyStage\Admin\Runtime\Cache\cedb0ea141b06cf0be54e41ede6a20cc.php 第 28 行.
NOTIC: [8] Use of undefined constant wastebasket - assumed 'wastebasket' D:\xampp\htdocs\MyStage\Admin\Runtime\Cache\cedb0ea141b06cf0be54e41ede6a20cc.php 第 31 行.
NOTIC: [8] Use of undefined constant add_blog - assumed 'add_blog' D:\xampp\htdocs\MyStage\Admin\Runtime\Cache\cedb0ea141b06cf0be54e41ede6a20cc.php 第 34 行.
NOTIC: [8] Use of undefined constant addBlog - assumed 'addBlog' D:\xampp\htdocs\MyStage\Admin\Runtime\Cache\cedb0ea141b06cf0be54e41ede6a20cc.php 第 41 行.
INFO: Run ParseTemplate Behavior [ RunTime:2.381809s ]
INFO: [ view_parse ] --END-- [ RunTime:2.381859s ]
INFO: [ view_filter ] --START--
INFO: Run ContentReplace Behavior [ RunTime:0.598990s ]
INFO: Run TokenBuild Behavior [ RunTime:0.241586s ]
INFO: Run WriteHtmlCache Behavior [ RunTime:0.186847s ]
INFO: Run ShowRuntime Behavior [ RunTime:0.075625s ]
INFO: [ view_filter ] --END-- [ RunTime:1.103241s ]
INFO: [ view_end ] --START--
INFO: Run ShowPageTrace Behavior [ RunTime:0.046762s ]
INFO: [ view_end ] --END-- [ RunTime:0.046826s ]

