[ 2013-04-15T20:48:20+08:00 ] ERR: (ThinkException) 无法加载模块:Ads
[ 2013-04-15T20:48:27+08:00 ] 0.0.0.0 /MyStage/admin.php/Blog/index
INFO: [ route_check ] --START--
INFO: Run CheckRoute Behavior [ RunTime:0.001153s ]
INFO: [ route_check ] --END-- [ RunTime:0.001280s ]
INFO: [ app_begin ] --START--
INFO: Run ReadHtmlCache Behavior [ RunTime:0.000878s ]
INFO: [ app_begin ] --END-- [ RunTime:0.000963s ]
INFO: [ view_template ] --START--
INFO: Run LocationTemplate Behavior [ RunTime:0.001124s ]
INFO: [ view_template ] --END-- [ RunTime:0.001206s ]
INFO: [ view_parse ] --START--
INFO: Run ParseTemplate Behavior [ RunTime:0.011561s ]
INFO: [ view_parse ] --END-- [ RunTime:0.011620s ]
INFO: [ view_filter ] --START--
INFO: Run ContentReplace Behavior [ RunTime:0.000374s ]
INFO: Run TokenBuild Behavior [ RunTime:0.000351s ]
INFO: Run WriteHtmlCache Behavior [ RunTime:0.000286s ]
INFO: Run ShowRuntime Behavior [ RunTime:0.000400s ]
INFO: [ view_filter ] --END-- [ RunTime:0.001508s ]
INFO: [ view_end ] --START--
INFO: Run ShowPageTrace Behavior [ RunTime:0.000491s ]
INFO: [ view_end ] --END-- [ RunTime:0.000524s ]

[ 2013-04-15T20:48:30+08:00 ] 0.0.0.0 /MyStage/admin.php/Blog/index
INFO: [ route_check ] --START--
INFO: Run CheckRoute Behavior [ RunTime:0.000628s ]
INFO: [ route_check ] --END-- [ RunTime:0.000687s ]
INFO: [ app_begin ] --START--
INFO: Run ReadHtmlCache Behavior [ RunTime:0.000453s ]
INFO: [ app_begin ] --END-- [ RunTime:0.000496s ]
INFO: [ view_template ] --START--
INFO: Run LocationTemplate Behavior [ RunTime:0.000332s ]
INFO: [ view_template ] --END-- [ RunTime:0.000376s ]
INFO: [ view_parse ] --START--
INFO: Run ParseTemplate Behavior [ RunTime:0.005501s ]
INFO: [ view_parse ] --END-- [ RunTime:0.005559s ]
INFO: [ view_filter ] --START--
INFO: Run ContentReplace Behavior [ RunTime:0.000351s ]
INFO: Run TokenBuild Behavior [ RunTime:0.000336s ]
INFO: Run WriteHtmlCache Behavior [ RunTime:0.000247s ]
INFO: Run ShowRuntime Behavior [ RunTime:0.000389s ]
INFO: [ view_filter ] --END-- [ RunTime:0.001432s ]
INFO: [ view_end ] --START--
INFO: Run ShowPageTrace Behavior [ RunTime:0.000483s ]
INFO: [ view_end ] --END-- [ RunTime:0.000521s ]

[ 2013-04-15T20:49:13+08:00 ] 0.0.0.0 /MyStage/admin.php/Blog/index
INFO: [ route_check ] --START--
INFO: Run CheckRoute Behavior [ RunTime:0.001104s ]
INFO: [ route_check ] --END-- [ RunTime:0.001207s ]
INFO: [ app_begin ] --START--
INFO: Run ReadHtmlCache Behavior [ RunTime:0.000804s ]
INFO: [ app_begin ] --END-- [ RunTime:0.000880s ]
INFO: [ view_template ] --START--
INFO: Run LocationTemplate Behavior [ RunTime:0.000599s ]
INFO: [ view_template ] --END-- [ RunTime:0.000677s ]
INFO: [ view_parse ] --START--
INFO: Run ParseTemplate Behavior [ RunTime:0.008464s ]
INFO: [ view_parse ] --END-- [ RunTime:0.008518s ]
INFO: [ view_filter ] --START--
INFO: Run ContentReplace Behavior [ RunTime:0.000272s ]
INFO: Run TokenBuild Behavior [ RunTime:0.000267s ]
INFO: Run WriteHtmlCache Behavior [ RunTime:0.000205s ]
INFO: Run ShowRuntime Behavior [ RunTime:0.000317s ]
INFO: [ view_filter ] --END-- [ RunTime:0.001149s ]
INFO: [ view_end ] --START--
INFO: Run ShowPageTrace Behavior [ RunTime:0.000395s ]
INFO: [ view_end ] --END-- [ RunTime:0.000426s ]

[ 2013-04-15T20:49:14+08:00 ] 0.0.0.0 /MyStage/admin.php/Blog/index
INFO: [ route_check ] --START--
INFO: Run CheckRoute Behavior [ RunTime:0.000835s ]
INFO: [ route_check ] --END-- [ RunTime:0.000894s ]
INFO: [ app_begin ] --START--
INFO: Run ReadHtmlCache Behavior [ RunTime:0.000522s ]
INFO: [ app_begin ] --END-- [ RunTime:0.000566s ]
INFO: [ view_template ] --START--
INFO: Run LocationTemplate Behavior [ RunTime:0.000623s ]
INFO: [ view_template ] --END-- [ RunTime:0.000666s ]
INFO: [ view_parse ] --START--
INFO: Run ParseTemplate Behavior [ RunTime:0.006202s ]
INFO: [ view_parse ] --END-- [ RunTime:0.006247s ]
INFO: [ view_filter ] --START--
INFO: Run ContentReplace Behavior [ RunTime:0.000409s ]
INFO: Run TokenBuild Behavior [ RunTime:0.000403s ]
INFO: Run WriteHtmlCache Behavior [ RunTime:0.000325s ]
INFO: Run ShowRuntime Behavior [ RunTime:0.000465s ]
INFO: [ view_filter ] --END-- [ RunTime:0.001710s ]
INFO: [ view_end ] --START--
INFO: Run ShowPageTrace Behavior [ RunTime:0.000566s ]
INFO: [ view_end ] --END-- [ RunTime:0.000604s ]

[ 2013-04-15T20:49:14+08:00 ] 0.0.0.0 /MyStage/admin.php/Blog/index
INFO: [ route_check ] --START--
INFO: Run CheckRoute Behavior [ RunTime:0.000767s ]
INFO: [ route_check ] --END-- [ RunTime:0.000830s ]
INFO: [ app_begin ] --START--
INFO: Run ReadHtmlCache Behavior [ RunTime:0.000539s ]
INFO: [ app_begin ] --END-- [ RunTime:0.000589s ]
INFO: [ view_template ] --START--
INFO: Run LocationTemplate Behavior [ RunTime:0.000391s ]
INFO: [ view_template ] --END-- [ RunTime:0.000440s ]
INFO: [ view_parse ] --START--
INFO: Run ParseTemplate Behavior [ RunTime:0.006310s ]
INFO: [ view_parse ] --END-- [ RunTime:0.006362s ]
INFO: [ view_filter ] --START--
INFO: Run ContentReplace Behavior [ RunTime:0.000376s ]
INFO: Run TokenBuild Behavior [ RunTime:0.000373s ]
INFO: Run WriteHtmlCache Behavior [ RunTime:0.000285s ]
INFO: Run ShowRuntime Behavior [ RunTime:0.000442s ]
INFO: [ view_filter ] --END-- [ RunTime:0.001603s ]
INFO: [ view_end ] --START--
INFO: Run ShowPageTrace Behavior [ RunTime:0.000563s ]
INFO: [ view_end ] --END-- [ RunTime:0.000606s ]

[ 2013-04-15T20:49:15+08:00 ] 0.0.0.0 /MyStage/admin.php/Blog/index
INFO: [ route_check ] --START--
INFO: Run CheckRoute Behavior [ RunTime:0.001104s ]
INFO: [ route_check ] --END-- [ RunTime:0.001196s ]
INFO: [ app_begin ] --START--
INFO: Run ReadHtmlCache Behavior [ RunTime:0.000799s ]
INFO: [ app_begin ] --END-- [ RunTime:0.000873s ]
INFO: [ view_template ] --START--
INFO: Run LocationTemplate Behavior [ RunTime:0.000598s ]
INFO: [ view_template ] --END-- [ RunTime:0.000672s ]
INFO: [ view_parse ] --START--
INFO: Run ParseTemplate Behavior [ RunTime:0.009736s ]
INFO: [ view_parse ] --END-- [ RunTime:0.009817s ]
INFO: [ view_filter ] --START--
INFO: Run ContentReplace Behavior [ RunTime:0.000585s ]
INFO: Run TokenBuild Behavior [ RunTime:0.000580s ]
INFO: Run WriteHtmlCache Behavior [ RunTime:0.000448s ]
INFO: Run ShowRuntime Behavior [ RunTime:0.000692s ]
INFO: [ view_filter ] --END-- [ RunTime:0.002502s ]
INFO: [ view_end ] --START--
INFO: Run ShowPageTrace Behavior [ RunTime:0.000864s ]
INFO: [ view_end ] --END-- [ RunTime:0.000932s ]

[ 2013-04-15T20:49:15+08:00 ] ERR: (ThinkException) 无法加载模块:Ads
[ 2013-04-15T20:49:41+08:00 ] ERR: (ThinkException) 无法加载模块:Ads
[ 2013-04-15T20:49:43+08:00 ] 0.0.0.0 /MyStage/admin.php/Blog/index
INFO: [ route_check ] --START--
INFO: Run CheckRoute Behavior [ RunTime:0.001095s ]
INFO: [ route_check ] --END-- [ RunTime:0.001188s ]
INFO: [ app_begin ] --START--
INFO: Run ReadHtmlCache Behavior [ RunTime:0.000798s ]
INFO: [ app_begin ] --END-- [ RunTime:0.000873s ]
INFO: [ view_template ] --START--
INFO: Run LocationTemplate Behavior [ RunTime:0.000596s ]
INFO: [ view_template ] --END-- [ RunTime:0.000673s ]
INFO: [ view_parse ] --START--
INFO: Run ParseTemplate Behavior [ RunTime:0.007370s ]
INFO: [ view_parse ] --END-- [ RunTime:0.007426s ]
INFO: [ view_filter ] --START--
INFO: Run ContentReplace Behavior [ RunTime:0.000278s ]
INFO: Run TokenBuild Behavior [ RunTime:0.000269s ]
INFO: Run WriteHtmlCache Behavior [ RunTime:0.000205s ]
INFO: Run ShowRuntime Behavior [ RunTime:0.000333s ]
INFO: [ view_filter ] --END-- [ RunTime:0.001176s ]
INFO: [ view_end ] --START--
INFO: Run ShowPageTrace Behavior [ RunTime:0.000410s ]
INFO: [ view_end ] --END-- [ RunTime:0.000442s ]

[ 2013-04-15T20:49:44+08:00 ] 0.0.0.0 /MyStage/admin.php/Blog/index
INFO: [ route_check ] --START--
INFO: Run CheckRoute Behavior [ RunTime:0.000929s ]
INFO: [ route_check ] --END-- [ RunTime:0.001009s ]
INFO: [ app_begin ] --START--
INFO: Run ReadHtmlCache Behavior [ RunTime:0.000678s ]
INFO: [ app_begin ] --END-- [ RunTime:0.000743s ]
INFO: [ view_template ] --START--
INFO: Run LocationTemplate Behavior [ RunTime:0.000504s ]
INFO: [ view_template ] --END-- [ RunTime:0.000568s ]
INFO: [ view_parse ] --START--
INFO: Run ParseTemplate Behavior [ RunTime:0.008214s ]
INFO: [ view_parse ] --END-- [ RunTime:0.008282s ]
INFO: [ view_filter ] --START--
INFO: Run ContentReplace Behavior [ RunTime:0.000490s ]
INFO: Run TokenBuild Behavior [ RunTime:0.000490s ]
INFO: Run WriteHtmlCache Behavior [ RunTime:0.000375s ]
INFO: Run ShowRuntime Behavior [ RunTime:0.000581s ]
INFO: [ view_filter ] --END-- [ RunTime:0.002102s ]
INFO: [ view_end ] --START--
INFO: Run ShowPageTrace Behavior [ RunTime:0.000728s ]
INFO: [ view_end ] --END-- [ RunTime:0.000784s ]

[ 2013-04-15T20:49:44+08:00 ] ERR: (ThinkException) 无法加载模块:Ads
