[ 2013-05-03T16:22:42+08:00 ] 127.0.0.1 /mystage/index.php/Blog/blog_details/blogid/37
INFO: [ route_check ] --START--
INFO: Run CheckRoute Behavior [ RunTime:0.000597s ]
INFO: [ route_check ] --END-- [ RunTime:0.000662s ]
INFO: [ app_begin ] --START--
INFO: Run ReadHtmlCache Behavior [ RunTime:0.000429s ]
INFO: [ app_begin ] --END-- [ RunTime:0.000468s ]
SQL: SHOW COLUMNS FROM `mystage_blog` [ RunTime:0.003071s ]
SQL: SELECT blog.*,topic.name AS topicname FROM mystage_blog AS blog,mystage_blog_topic AS topic WHERE blog.id=37 AND blog.topicid=topic.id [ RunTime:0.000657s ]
INFO: [ view_template ] --START--
INFO: Run LocationTemplate Behavior [ RunTime:0.000612s ]
INFO: [ view_template ] --END-- [ RunTime:0.000656s ]
INFO: [ view_parse ] --START--
NOTIC: [8] Use of undefined constant index - assumed 'index' D:\xampp\htdocs\MyStage\Home\Runtime\Cache\099acdf128154d6cd2d2551568af1971.php 第 22 行.
NOTIC: [8] Use of undefined constant monkey - assumed 'monkey' D:\xampp\htdocs\MyStage\Home\Runtime\Cache\099acdf128154d6cd2d2551568af1971.php 第 25 行.
NOTIC: [8] Use of undefined constant essay - assumed 'essay' D:\xampp\htdocs\MyStage\Home\Runtime\Cache\099acdf128154d6cd2d2551568af1971.php 第 28 行.
NOTIC: [8] Use of undefined constant enshrine - assumed 'enshrine' D:\xampp\htdocs\MyStage\Home\Runtime\Cache\099acdf128154d6cd2d2551568af1971.php 第 31 行.
NOTIC: [8] Use of undefined constant about - assumed 'about' D:\xampp\htdocs\MyStage\Home\Runtime\Cache\099acdf128154d6cd2d2551568af1971.php 第 34 行.
NOTIC: [8] Use of undefined constant blog_details - assumed 'blog_details' D:\xampp\htdocs\MyStage\Home\Runtime\Cache\099acdf128154d6cd2d2551568af1971.php 第 44 行.
NOTIC: [8] Undefined index: commentcount D:\xampp\htdocs\MyStage\Home\Runtime\Cache\099acdf128154d6cd2d2551568af1971.php 第 49 行.
INFO: Run ParseTemplate Behavior [ RunTime:0.006873s ]
INFO: [ view_parse ] --END-- [ RunTime:0.006914s ]
INFO: [ view_filter ] --START--
INFO: Run ContentReplace Behavior [ RunTime:0.000385s ]
INFO: Run TokenBuild Behavior [ RunTime:0.000324s ]
INFO: Run WriteHtmlCache Behavior [ RunTime:0.000321s ]
INFO: Run ShowRuntime Behavior [ RunTime:0.000388s ]
INFO: [ view_filter ] --END-- [ RunTime:0.001513s ]
INFO: [ view_end ] --START--
INFO: Run ShowPageTrace Behavior [ RunTime:0.000492s ]
INFO: [ view_end ] --END-- [ RunTime:0.000527s ]

[ 2013-05-03T16:23:05+08:00 ] 127.0.0.1 /mystage/index.php/Blog/index
INFO: [ route_check ] --START--
INFO: Run CheckRoute Behavior [ RunTime:0.001423s ]
INFO: [ route_check ] --END-- [ RunTime:0.001515s ]
INFO: [ app_begin ] --START--
INFO: Run ReadHtmlCache Behavior [ RunTime:0.000755s ]
INFO: [ app_begin ] --END-- [ RunTime:0.000817s ]
SQL: SHOW COLUMNS FROM `mystage_blog` [ RunTime:0.002964s ]
SQL: SELECT blog.id,blog.title,blog.catid,blog.content,blog.readcount,blog.inputtime,topic.name AS topicname ,(SELECT count(comm.id) FROM mystage_blog_comment AS comm WHERE blog.id=comm.blogid ) AS commentcount 
		FROM mystage_blog AS blog ,mystage_blog_topic AS topic 
		WHERE blog.status=1   AND blog.topicid=topic.id 
		ORDER BY updatetime DESC [ RunTime:0.003203s ]
INFO: [ view_template ] --START--
INFO: Run LocationTemplate Behavior [ RunTime:0.001258s ]
INFO: [ view_template ] --END-- [ RunTime:0.001304s ]
INFO: [ view_parse ] --START--
NOTIC: [8] Use of undefined constant index - assumed 'index' D:\xampp\htdocs\MyStage\Home\Runtime\Cache\cfdd517e0d671e92ae3da660d3de2eb0.php 第 18 行.
NOTIC: [8] Use of undefined constant monkey - assumed 'monkey' D:\xampp\htdocs\MyStage\Home\Runtime\Cache\cfdd517e0d671e92ae3da660d3de2eb0.php 第 21 行.
NOTIC: [8] Use of undefined constant essay - assumed 'essay' D:\xampp\htdocs\MyStage\Home\Runtime\Cache\cfdd517e0d671e92ae3da660d3de2eb0.php 第 24 行.
NOTIC: [8] Use of undefined constant enshrine - assumed 'enshrine' D:\xampp\htdocs\MyStage\Home\Runtime\Cache\cfdd517e0d671e92ae3da660d3de2eb0.php 第 27 行.
NOTIC: [8] Use of undefined constant about - assumed 'about' D:\xampp\htdocs\MyStage\Home\Runtime\Cache\cfdd517e0d671e92ae3da660d3de2eb0.php 第 30 行.
NOTIC: [8] Use of undefined constant blog_details - assumed 'blog_details' D:\xampp\htdocs\MyStage\Home\Runtime\Cache\cfdd517e0d671e92ae3da660d3de2eb0.php 第 55 行.
NOTIC: [8] Use of undefined constant blog_details - assumed 'blog_details' D:\xampp\htdocs\MyStage\Home\Runtime\Cache\cfdd517e0d671e92ae3da660d3de2eb0.php 第 66 行.
NOTIC: [8] Use of undefined constant blog_details - assumed 'blog_details' D:\xampp\htdocs\MyStage\Home\Runtime\Cache\cfdd517e0d671e92ae3da660d3de2eb0.php 第 55 行.
NOTIC: [8] Use of undefined constant blog_details - assumed 'blog_details' D:\xampp\htdocs\MyStage\Home\Runtime\Cache\cfdd517e0d671e92ae3da660d3de2eb0.php 第 66 行.
NOTIC: [8] Use of undefined constant blog_details - assumed 'blog_details' D:\xampp\htdocs\MyStage\Home\Runtime\Cache\cfdd517e0d671e92ae3da660d3de2eb0.php 第 55 行.
NOTIC: [8] Use of undefined constant blog_details - assumed 'blog_details' D:\xampp\htdocs\MyStage\Home\Runtime\Cache\cfdd517e0d671e92ae3da660d3de2eb0.php 第 66 行.
NOTIC: [8] Use of undefined constant blog_details - assumed 'blog_details' D:\xampp\htdocs\MyStage\Home\Runtime\Cache\cfdd517e0d671e92ae3da660d3de2eb0.php 第 55 行.
NOTIC: [8] Use of undefined constant blog_details - assumed 'blog_details' D:\xampp\htdocs\MyStage\Home\Runtime\Cache\cfdd517e0d671e92ae3da660d3de2eb0.php 第 66 行.
NOTIC: [8] Use of undefined constant blog_details - assumed 'blog_details' D:\xampp\htdocs\MyStage\Home\Runtime\Cache\cfdd517e0d671e92ae3da660d3de2eb0.php 第 55 行.
NOTIC: [8] Use of undefined constant blog_details - assumed 'blog_details' D:\xampp\htdocs\MyStage\Home\Runtime\Cache\cfdd517e0d671e92ae3da660d3de2eb0.php 第 66 行.
NOTIC: [8] Use of undefined constant blog_details - assumed 'blog_details' D:\xampp\htdocs\MyStage\Home\Runtime\Cache\cfdd517e0d671e92ae3da660d3de2eb0.php 第 55 行.
NOTIC: [8] Use of undefined constant blog_details - assumed 'blog_details' D:\xampp\htdocs\MyStage\Home\Runtime\Cache\cfdd517e0d671e92ae3da660d3de2eb0.php 第 66 行.
NOTIC: [8] Use of undefined constant blog_details - assumed 'blog_details' D:\xampp\htdocs\MyStage\Home\Runtime\Cache\cfdd517e0d671e92ae3da660d3de2eb0.php 第 55 行.
NOTIC: [8] Use of undefined constant blog_details - assumed 'blog_details' D:\xampp\htdocs\MyStage\Home\Runtime\Cache\cfdd517e0d671e92ae3da660d3de2eb0.php 第 66 行.
NOTIC: [8] Use of undefined constant blog_details - assumed 'blog_details' D:\xampp\htdocs\MyStage\Home\Runtime\Cache\cfdd517e0d671e92ae3da660d3de2eb0.php 第 55 行.
NOTIC: [8] Use of undefined constant blog_details - assumed 'blog_details' D:\xampp\htdocs\MyStage\Home\Runtime\Cache\cfdd517e0d671e92ae3da660d3de2eb0.php 第 66 行.
NOTIC: [8] Use of undefined constant blog_details - assumed 'blog_details' D:\xampp\htdocs\MyStage\Home\Runtime\Cache\cfdd517e0d671e92ae3da660d3de2eb0.php 第 55 行.
NOTIC: [8] Use of undefined constant blog_details - assumed 'blog_details' D:\xampp\htdocs\MyStage\Home\Runtime\Cache\cfdd517e0d671e92ae3da660d3de2eb0.php 第 66 行.
NOTIC: [8] Use of undefined constant blog_details - assumed 'blog_details' D:\xampp\htdocs\MyStage\Home\Runtime\Cache\cfdd517e0d671e92ae3da660d3de2eb0.php 第 55 行.
NOTIC: [8] Use of undefined constant blog_details - assumed 'blog_details' D:\xampp\htdocs\MyStage\Home\Runtime\Cache\cfdd517e0d671e92ae3da660d3de2eb0.php 第 66 行.
NOTIC: [8] Use of undefined constant blog_details - assumed 'blog_details' D:\xampp\htdocs\MyStage\Home\Runtime\Cache\cfdd517e0d671e92ae3da660d3de2eb0.php 第 55 行.
NOTIC: [8] Use of undefined constant blog_details - assumed 'blog_details' D:\xampp\htdocs\MyStage\Home\Runtime\Cache\cfdd517e0d671e92ae3da660d3de2eb0.php 第 66 行.
NOTIC: [8] Use of undefined constant blog_details - assumed 'blog_details' D:\xampp\htdocs\MyStage\Home\Runtime\Cache\cfdd517e0d671e92ae3da660d3de2eb0.php 第 55 行.
NOTIC: [8] Use of undefined constant blog_details - assumed 'blog_details' D:\xampp\htdocs\MyStage\Home\Runtime\Cache\cfdd517e0d671e92ae3da660d3de2eb0.php 第 66 行.
NOTIC: [8] Use of undefined constant blog_details - assumed 'blog_details' D:\xampp\htdocs\MyStage\Home\Runtime\Cache\cfdd517e0d671e92ae3da660d3de2eb0.php 第 55 行.
NOTIC: [8] Use of undefined constant blog_details - assumed 'blog_details' D:\xampp\htdocs\MyStage\Home\Runtime\Cache\cfdd517e0d671e92ae3da660d3de2eb0.php 第 66 行.
INFO: Run ParseTemplate Behavior [ RunTime:0.011103s ]
INFO: [ view_parse ] --END-- [ RunTime:0.011146s ]
INFO: [ view_filter ] --START--
INFO: Run ContentReplace Behavior [ RunTime:0.000979s ]
INFO: Run TokenBuild Behavior [ RunTime:0.000637s ]
INFO: Run WriteHtmlCache Behavior [ RunTime:0.000485s ]
INFO: Run ShowRuntime Behavior [ RunTime:0.000672s ]
INFO: [ view_filter ] --END-- [ RunTime:0.002891s ]
INFO: [ view_end ] --START--
INFO: Run ShowPageTrace Behavior [ RunTime:0.000704s ]
INFO: [ view_end ] --END-- [ RunTime:0.000740s ]

[ 2013-05-03T16:23:07+08:00 ] 127.0.0.1 /mystage/index.php/Blog/blog_details/blogid/37
INFO: [ route_check ] --START--
INFO: Run CheckRoute Behavior [ RunTime:0.000611s ]
INFO: [ route_check ] --END-- [ RunTime:0.000666s ]
INFO: [ app_begin ] --START--
INFO: Run ReadHtmlCache Behavior [ RunTime:0.000424s ]
INFO: [ app_begin ] --END-- [ RunTime:0.000463s ]
SQL: SHOW COLUMNS FROM `mystage_blog` [ RunTime:0.003077s ]
SQL: SELECT blog.*,topic.name AS topicname FROM mystage_blog AS blog,mystage_blog_topic AS topic WHERE blog.id=37 AND blog.topicid=topic.id [ RunTime:0.000510s ]
INFO: [ view_template ] --START--
INFO: Run LocationTemplate Behavior [ RunTime:0.000727s ]
INFO: [ view_template ] --END-- [ RunTime:0.000773s ]
INFO: [ view_parse ] --START--
NOTIC: [8] Use of undefined constant index - assumed 'index' D:\xampp\htdocs\MyStage\Home\Runtime\Cache\099acdf128154d6cd2d2551568af1971.php 第 19 行.
NOTIC: [8] Use of undefined constant monkey - assumed 'monkey' D:\xampp\htdocs\MyStage\Home\Runtime\Cache\099acdf128154d6cd2d2551568af1971.php 第 22 行.
NOTIC: [8] Use of undefined constant essay - assumed 'essay' D:\xampp\htdocs\MyStage\Home\Runtime\Cache\099acdf128154d6cd2d2551568af1971.php 第 25 行.
NOTIC: [8] Use of undefined constant enshrine - assumed 'enshrine' D:\xampp\htdocs\MyStage\Home\Runtime\Cache\099acdf128154d6cd2d2551568af1971.php 第 28 行.
NOTIC: [8] Use of undefined constant about - assumed 'about' D:\xampp\htdocs\MyStage\Home\Runtime\Cache\099acdf128154d6cd2d2551568af1971.php 第 31 行.
NOTIC: [8] Use of undefined constant blog_details - assumed 'blog_details' D:\xampp\htdocs\MyStage\Home\Runtime\Cache\099acdf128154d6cd2d2551568af1971.php 第 41 行.
NOTIC: [8] Undefined index: commentcount D:\xampp\htdocs\MyStage\Home\Runtime\Cache\099acdf128154d6cd2d2551568af1971.php 第 46 行.
INFO: Run ParseTemplate Behavior [ RunTime:0.006876s ]
INFO: [ view_parse ] --END-- [ RunTime:0.006918s ]
INFO: [ view_filter ] --START--
INFO: Run ContentReplace Behavior [ RunTime:0.000376s ]
INFO: Run TokenBuild Behavior [ RunTime:0.000319s ]
INFO: Run WriteHtmlCache Behavior [ RunTime:0.000263s ]
INFO: Run ShowRuntime Behavior [ RunTime:0.000374s ]
INFO: [ view_filter ] --END-- [ RunTime:0.001428s ]
INFO: [ view_end ] --START--
INFO: Run ShowPageTrace Behavior [ RunTime:0.000479s ]
INFO: [ view_end ] --END-- [ RunTime:0.000514s ]

[ 2013-05-03T16:23:27+08:00 ] 127.0.0.1 /mystage/index.php/Blog/index
INFO: [ route_check ] --START--
INFO: Run CheckRoute Behavior [ RunTime:0.000651s ]
INFO: [ route_check ] --END-- [ RunTime:0.000711s ]
INFO: [ app_begin ] --START--
INFO: Run ReadHtmlCache Behavior [ RunTime:0.000456s ]
INFO: [ app_begin ] --END-- [ RunTime:0.000497s ]
SQL: SHOW COLUMNS FROM `mystage_blog` [ RunTime:0.003275s ]
SQL: SELECT blog.id,blog.title,blog.catid,blog.content,blog.readcount,blog.inputtime,topic.name AS topicname ,(SELECT count(comm.id) FROM mystage_blog_comment AS comm WHERE blog.id=comm.blogid ) AS commentcount 
		FROM mystage_blog AS blog ,mystage_blog_topic AS topic 
		WHERE blog.status=1   AND blog.topicid=topic.id 
		ORDER BY updatetime DESC [ RunTime:0.004388s ]
INFO: [ view_template ] --START--
INFO: Run LocationTemplate Behavior [ RunTime:0.000470s ]
INFO: [ view_template ] --END-- [ RunTime:0.000512s ]
INFO: [ view_parse ] --START--
NOTIC: [8] Use of undefined constant index - assumed 'index' D:\xampp\htdocs\MyStage\Home\Runtime\Cache\cfdd517e0d671e92ae3da660d3de2eb0.php 第 18 行.
NOTIC: [8] Use of undefined constant monkey - assumed 'monkey' D:\xampp\htdocs\MyStage\Home\Runtime\Cache\cfdd517e0d671e92ae3da660d3de2eb0.php 第 21 行.
NOTIC: [8] Use of undefined constant essay - assumed 'essay' D:\xampp\htdocs\MyStage\Home\Runtime\Cache\cfdd517e0d671e92ae3da660d3de2eb0.php 第 24 行.
NOTIC: [8] Use of undefined constant enshrine - assumed 'enshrine' D:\xampp\htdocs\MyStage\Home\Runtime\Cache\cfdd517e0d671e92ae3da660d3de2eb0.php 第 27 行.
NOTIC: [8] Use of undefined constant about - assumed 'about' D:\xampp\htdocs\MyStage\Home\Runtime\Cache\cfdd517e0d671e92ae3da660d3de2eb0.php 第 30 行.
NOTIC: [8] Use of undefined constant blog_details - assumed 'blog_details' D:\xampp\htdocs\MyStage\Home\Runtime\Cache\cfdd517e0d671e92ae3da660d3de2eb0.php 第 55 行.
NOTIC: [8] Use of undefined constant blog_details - assumed 'blog_details' D:\xampp\htdocs\MyStage\Home\Runtime\Cache\cfdd517e0d671e92ae3da660d3de2eb0.php 第 66 行.
NOTIC: [8] Use of undefined constant blog_details - assumed 'blog_details' D:\xampp\htdocs\MyStage\Home\Runtime\Cache\cfdd517e0d671e92ae3da660d3de2eb0.php 第 55 行.
NOTIC: [8] Use of undefined constant blog_details - assumed 'blog_details' D:\xampp\htdocs\MyStage\Home\Runtime\Cache\cfdd517e0d671e92ae3da660d3de2eb0.php 第 66 行.
NOTIC: [8] Use of undefined constant blog_details - assumed 'blog_details' D:\xampp\htdocs\MyStage\Home\Runtime\Cache\cfdd517e0d671e92ae3da660d3de2eb0.php 第 55 行.
NOTIC: [8] Use of undefined constant blog_details - assumed 'blog_details' D:\xampp\htdocs\MyStage\Home\Runtime\Cache\cfdd517e0d671e92ae3da660d3de2eb0.php 第 66 行.
NOTIC: [8] Use of undefined constant blog_details - assumed 'blog_details' D:\xampp\htdocs\MyStage\Home\Runtime\Cache\cfdd517e0d671e92ae3da660d3de2eb0.php 第 55 行.
NOTIC: [8] Use of undefined constant blog_details - assumed 'blog_details' D:\xampp\htdocs\MyStage\Home\Runtime\Cache\cfdd517e0d671e92ae3da660d3de2eb0.php 第 66 行.
NOTIC: [8] Use of undefined constant blog_details - assumed 'blog_details' D:\xampp\htdocs\MyStage\Home\Runtime\Cache\cfdd517e0d671e92ae3da660d3de2eb0.php 第 55 行.
NOTIC: [8] Use of undefined constant blog_details - assumed 'blog_details' D:\xampp\htdocs\MyStage\Home\Runtime\Cache\cfdd517e0d671e92ae3da660d3de2eb0.php 第 66 行.
NOTIC: [8] Use of undefined constant blog_details - assumed 'blog_details' D:\xampp\htdocs\MyStage\Home\Runtime\Cache\cfdd517e0d671e92ae3da660d3de2eb0.php 第 55 行.
NOTIC: [8] Use of undefined constant blog_details - assumed 'blog_details' D:\xampp\htdocs\MyStage\Home\Runtime\Cache\cfdd517e0d671e92ae3da660d3de2eb0.php 第 66 行.
NOTIC: [8] Use of undefined constant blog_details - assumed 'blog_details' D:\xampp\htdocs\MyStage\Home\Runtime\Cache\cfdd517e0d671e92ae3da660d3de2eb0.php 第 55 行.
NOTIC: [8] Use of undefined constant blog_details - assumed 'blog_details' D:\xampp\htdocs\MyStage\Home\Runtime\Cache\cfdd517e0d671e92ae3da660d3de2eb0.php 第 66 行.
NOTIC: [8] Use of undefined constant blog_details - assumed 'blog_details' D:\xampp\htdocs\MyStage\Home\Runtime\Cache\cfdd517e0d671e92ae3da660d3de2eb0.php 第 55 行.
NOTIC: [8] Use of undefined constant blog_details - assumed 'blog_details' D:\xampp\htdocs\MyStage\Home\Runtime\Cache\cfdd517e0d671e92ae3da660d3de2eb0.php 第 66 行.
NOTIC: [8] Use of undefined constant blog_details - assumed 'blog_details' D:\xampp\htdocs\MyStage\Home\Runtime\Cache\cfdd517e0d671e92ae3da660d3de2eb0.php 第 55 行.
NOTIC: [8] Use of undefined constant blog_details - assumed 'blog_details' D:\xampp\htdocs\MyStage\Home\Runtime\Cache\cfdd517e0d671e92ae3da660d3de2eb0.php 第 66 行.
NOTIC: [8] Use of undefined constant blog_details - assumed 'blog_details' D:\xampp\htdocs\MyStage\Home\Runtime\Cache\cfdd517e0d671e92ae3da660d3de2eb0.php 第 55 行.
NOTIC: [8] Use of undefined constant blog_details - assumed 'blog_details' D:\xampp\htdocs\MyStage\Home\Runtime\Cache\cfdd517e0d671e92ae3da660d3de2eb0.php 第 66 行.
NOTIC: [8] Use of undefined constant blog_details - assumed 'blog_details' D:\xampp\htdocs\MyStage\Home\Runtime\Cache\cfdd517e0d671e92ae3da660d3de2eb0.php 第 55 行.
NOTIC: [8] Use of undefined constant blog_details - assumed 'blog_details' D:\xampp\htdocs\MyStage\Home\Runtime\Cache\cfdd517e0d671e92ae3da660d3de2eb0.php 第 66 行.
NOTIC: [8] Use of undefined constant blog_details - assumed 'blog_details' D:\xampp\htdocs\MyStage\Home\Runtime\Cache\cfdd517e0d671e92ae3da660d3de2eb0.php 第 55 行.
NOTIC: [8] Use of undefined constant blog_details - assumed 'blog_details' D:\xampp\htdocs\MyStage\Home\Runtime\Cache\cfdd517e0d671e92ae3da660d3de2eb0.php 第 66 行.
NOTIC: [8] Use of undefined constant blog_details - assumed 'blog_details' D:\xampp\htdocs\MyStage\Home\Runtime\Cache\cfdd517e0d671e92ae3da660d3de2eb0.php 第 55 行.
NOTIC: [8] Use of undefined constant blog_details - assumed 'blog_details' D:\xampp\htdocs\MyStage\Home\Runtime\Cache\cfdd517e0d671e92ae3da660d3de2eb0.php 第 66 行.
INFO: Run ParseTemplate Behavior [ RunTime:0.009195s ]
INFO: [ view_parse ] --END-- [ RunTime:0.009237s ]
INFO: [ view_filter ] --START--
INFO: Run ContentReplace Behavior [ RunTime:0.000724s ]
INFO: Run TokenBuild Behavior [ RunTime:0.000375s ]
INFO: Run WriteHtmlCache Behavior [ RunTime:0.000273s ]
INFO: Run ShowRuntime Behavior [ RunTime:0.000444s ]
INFO: [ view_filter ] --END-- [ RunTime:0.001919s ]
INFO: [ view_end ] --START--
INFO: Run ShowPageTrace Behavior [ RunTime:0.000495s ]
INFO: [ view_end ] --END-- [ RunTime:0.000529s ]

[ 2013-05-03T16:23:30+08:00 ] 127.0.0.1 /mystage/index.php/Blog/blog_details/blogid/37
INFO: [ route_check ] --START--
INFO: Run CheckRoute Behavior [ RunTime:0.000601s ]
INFO: [ route_check ] --END-- [ RunTime:0.000665s ]
INFO: [ app_begin ] --START--
INFO: Run ReadHtmlCache Behavior [ RunTime:0.000427s ]
INFO: [ app_begin ] --END-- [ RunTime:0.000466s ]
SQL: SHOW COLUMNS FROM `mystage_blog` [ RunTime:0.002930s ]
SQL: SELECT blog.*,topic.name AS topicname FROM mystage_blog AS blog,mystage_blog_topic AS topic WHERE blog.id=37 AND blog.topicid=topic.id [ RunTime:0.000535s ]
INFO: [ view_template ] --START--
INFO: Run LocationTemplate Behavior [ RunTime:0.000534s ]
INFO: [ view_template ] --END-- [ RunTime:0.000576s ]
INFO: [ view_parse ] --START--
NOTIC: [8] Use of undefined constant index - assumed 'index' D:\xampp\htdocs\MyStage\Home\Runtime\Cache\099acdf128154d6cd2d2551568af1971.php 第 19 行.
NOTIC: [8] Use of undefined constant monkey - assumed 'monkey' D:\xampp\htdocs\MyStage\Home\Runtime\Cache\099acdf128154d6cd2d2551568af1971.php 第 22 行.
NOTIC: [8] Use of undefined constant essay - assumed 'essay' D:\xampp\htdocs\MyStage\Home\Runtime\Cache\099acdf128154d6cd2d2551568af1971.php 第 25 行.
NOTIC: [8] Use of undefined constant enshrine - assumed 'enshrine' D:\xampp\htdocs\MyStage\Home\Runtime\Cache\099acdf128154d6cd2d2551568af1971.php 第 28 行.
NOTIC: [8] Use of undefined constant about - assumed 'about' D:\xampp\htdocs\MyStage\Home\Runtime\Cache\099acdf128154d6cd2d2551568af1971.php 第 31 行.
NOTIC: [8] Use of undefined constant blog_details - assumed 'blog_details' D:\xampp\htdocs\MyStage\Home\Runtime\Cache\099acdf128154d6cd2d2551568af1971.php 第 41 行.
NOTIC: [8] Undefined index: commentcount D:\xampp\htdocs\MyStage\Home\Runtime\Cache\099acdf128154d6cd2d2551568af1971.php 第 46 行.
INFO: Run ParseTemplate Behavior [ RunTime:0.006926s ]
INFO: [ view_parse ] --END-- [ RunTime:0.006968s ]
INFO: [ view_filter ] --START--
INFO: Run ContentReplace Behavior [ RunTime:0.000377s ]
INFO: Run TokenBuild Behavior [ RunTime:0.000339s ]
INFO: Run WriteHtmlCache Behavior [ RunTime:0.000244s ]
INFO: Run ShowRuntime Behavior [ RunTime:0.000376s ]
INFO: [ view_filter ] --END-- [ RunTime:0.001434s ]
INFO: [ view_end ] --START--
INFO: Run ShowPageTrace Behavior [ RunTime:0.000481s ]
INFO: [ view_end ] --END-- [ RunTime:0.000516s ]

[ 2013-05-03T16:23:35+08:00 ] 127.0.0.1 /mystage/index.php/Blog/blog_details/blogid/37
INFO: [ route_check ] --START--
INFO: Run CheckRoute Behavior [ RunTime:0.000631s ]
INFO: [ route_check ] --END-- [ RunTime:0.000688s ]
INFO: [ app_begin ] --START--
INFO: Run ReadHtmlCache Behavior [ RunTime:0.000430s ]
INFO: [ app_begin ] --END-- [ RunTime:0.000471s ]
SQL: SHOW COLUMNS FROM `mystage_blog` [ RunTime:0.002862s ]
SQL: SELECT blog.*,topic.name AS topicname FROM mystage_blog AS blog,mystage_blog_topic AS topic WHERE blog.id=37 AND blog.topicid=topic.id [ RunTime:0.000416s ]
INFO: [ view_template ] --START--
INFO: Run LocationTemplate Behavior [ RunTime:0.000709s ]
INFO: [ view_template ] --END-- [ RunTime:0.000773s ]
INFO: [ view_parse ] --START--
NOTIC: [8] Use of undefined constant index - assumed 'index' D:\xampp\htdocs\MyStage\Home\Runtime\Cache\099acdf128154d6cd2d2551568af1971.php 第 19 行.
NOTIC: [8] Use of undefined constant monkey - assumed 'monkey' D:\xampp\htdocs\MyStage\Home\Runtime\Cache\099acdf128154d6cd2d2551568af1971.php 第 22 行.
NOTIC: [8] Use of undefined constant essay - assumed 'essay' D:\xampp\htdocs\MyStage\Home\Runtime\Cache\099acdf128154d6cd2d2551568af1971.php 第 25 行.
NOTIC: [8] Use of undefined constant enshrine - assumed 'enshrine' D:\xampp\htdocs\MyStage\Home\Runtime\Cache\099acdf128154d6cd2d2551568af1971.php 第 28 行.
NOTIC: [8] Use of undefined constant about - assumed 'about' D:\xampp\htdocs\MyStage\Home\Runtime\Cache\099acdf128154d6cd2d2551568af1971.php 第 31 行.
NOTIC: [8] Use of undefined constant blog_details - assumed 'blog_details' D:\xampp\htdocs\MyStage\Home\Runtime\Cache\099acdf128154d6cd2d2551568af1971.php 第 41 行.
NOTIC: [8] Undefined index: commentcount D:\xampp\htdocs\MyStage\Home\Runtime\Cache\099acdf128154d6cd2d2551568af1971.php 第 46 行.
INFO: Run ParseTemplate Behavior [ RunTime:0.008356s ]
INFO: [ view_parse ] --END-- [ RunTime:0.008410s ]
INFO: [ view_filter ] --START--
INFO: Run ContentReplace Behavior [ RunTime:0.000378s ]
INFO: Run TokenBuild Behavior [ RunTime:0.000345s ]
INFO: Run WriteHtmlCache Behavior [ RunTime:0.000257s ]
INFO: Run ShowRuntime Behavior [ RunTime:0.000383s ]
INFO: [ view_filter ] --END-- [ RunTime:0.001463s ]
INFO: [ view_end ] --START--
INFO: Run ShowPageTrace Behavior [ RunTime:0.000483s ]
INFO: [ view_end ] --END-- [ RunTime:0.000518s ]

[ 2013-05-03T16:24:40+08:00 ] 127.0.0.1 /mystage/index.php/Blog/blog_details/blogid/37
INFO: [ route_check ] --START--
INFO: Run CheckRoute Behavior [ RunTime:0.000598s ]
INFO: [ route_check ] --END-- [ RunTime:0.000671s ]
INFO: [ app_begin ] --START--
INFO: Run ReadHtmlCache Behavior [ RunTime:0.000609s ]
INFO: [ app_begin ] --END-- [ RunTime:0.000668s ]
SQL: SHOW COLUMNS FROM `mystage_blog` [ RunTime:0.003047s ]
SQL: SELECT blog.*,topic.name AS topicname,(SELECT count(comm.id) FROM mystage_blog_comment AS comm WHERE blog.id=comm.blogid ) AS commentcount FROM mystage_blog AS blog,mystage_blog_topic AS topic WHERE blog.id=37 AND blog.topicid=topic.id [ RunTime:0.000635s ]
INFO: [ view_template ] --START--
INFO: Run LocationTemplate Behavior [ RunTime:0.000528s ]
INFO: [ view_template ] --END-- [ RunTime:0.000570s ]
INFO: [ view_parse ] --START--
NOTIC: [8] Use of undefined constant index - assumed 'index' D:\xampp\htdocs\MyStage\Home\Runtime\Cache\099acdf128154d6cd2d2551568af1971.php 第 19 行.
NOTIC: [8] Use of undefined constant monkey - assumed 'monkey' D:\xampp\htdocs\MyStage\Home\Runtime\Cache\099acdf128154d6cd2d2551568af1971.php 第 22 行.
NOTIC: [8] Use of undefined constant essay - assumed 'essay' D:\xampp\htdocs\MyStage\Home\Runtime\Cache\099acdf128154d6cd2d2551568af1971.php 第 25 行.
NOTIC: [8] Use of undefined constant enshrine - assumed 'enshrine' D:\xampp\htdocs\MyStage\Home\Runtime\Cache\099acdf128154d6cd2d2551568af1971.php 第 28 行.
NOTIC: [8] Use of undefined constant about - assumed 'about' D:\xampp\htdocs\MyStage\Home\Runtime\Cache\099acdf128154d6cd2d2551568af1971.php 第 31 行.
NOTIC: [8] Use of undefined constant blog_details - assumed 'blog_details' D:\xampp\htdocs\MyStage\Home\Runtime\Cache\099acdf128154d6cd2d2551568af1971.php 第 41 行.
INFO: Run ParseTemplate Behavior [ RunTime:0.007234s ]
INFO: [ view_parse ] --END-- [ RunTime:0.007277s ]
INFO: [ view_filter ] --START--
INFO: Run ContentReplace Behavior [ RunTime:0.000416s ]
INFO: Run TokenBuild Behavior [ RunTime:0.000341s ]
INFO: Run WriteHtmlCache Behavior [ RunTime:0.000256s ]
INFO: Run ShowRuntime Behavior [ RunTime:0.000419s ]
INFO: [ view_filter ] --END-- [ RunTime:0.001537s ]
INFO: [ view_end ] --START--
INFO: Run ShowPageTrace Behavior [ RunTime:0.000488s ]
INFO: [ view_end ] --END-- [ RunTime:0.000523s ]

[ 2013-05-03T16:24:44+08:00 ] 127.0.0.1 /mystage/index.php/Blog/blog_details/blogid/37
INFO: [ route_check ] --START--
INFO: Run CheckRoute Behavior [ RunTime:0.000581s ]
INFO: [ route_check ] --END-- [ RunTime:0.000632s ]
INFO: [ app_begin ] --START--
INFO: Run ReadHtmlCache Behavior [ RunTime:0.000912s ]
INFO: [ app_begin ] --END-- [ RunTime:0.000975s ]
SQL: SHOW COLUMNS FROM `mystage_blog` [ RunTime:0.002846s ]
SQL: SELECT blog.*,topic.name AS topicname,(SELECT count(comm.id) FROM mystage_blog_comment AS comm WHERE blog.id=comm.blogid ) AS commentcount FROM mystage_blog AS blog,mystage_blog_topic AS topic WHERE blog.id=37 AND blog.topicid=topic.id [ RunTime:0.000578s ]
INFO: [ view_template ] --START--
INFO: Run LocationTemplate Behavior [ RunTime:0.000531s ]
INFO: [ view_template ] --END-- [ RunTime:0.000577s ]
INFO: [ view_parse ] --START--
NOTIC: [8] Use of undefined constant index - assumed 'index' D:\xampp\htdocs\MyStage\Home\Runtime\Cache\099acdf128154d6cd2d2551568af1971.php 第 19 行.
NOTIC: [8] Use of undefined constant monkey - assumed 'monkey' D:\xampp\htdocs\MyStage\Home\Runtime\Cache\099acdf128154d6cd2d2551568af1971.php 第 22 行.
NOTIC: [8] Use of undefined constant essay - assumed 'essay' D:\xampp\htdocs\MyStage\Home\Runtime\Cache\099acdf128154d6cd2d2551568af1971.php 第 25 行.
NOTIC: [8] Use of undefined constant enshrine - assumed 'enshrine' D:\xampp\htdocs\MyStage\Home\Runtime\Cache\099acdf128154d6cd2d2551568af1971.php 第 28 行.
NOTIC: [8] Use of undefined constant about - assumed 'about' D:\xampp\htdocs\MyStage\Home\Runtime\Cache\099acdf128154d6cd2d2551568af1971.php 第 31 行.
NOTIC: [8] Use of undefined constant blog_details - assumed 'blog_details' D:\xampp\htdocs\MyStage\Home\Runtime\Cache\099acdf128154d6cd2d2551568af1971.php 第 41 行.
INFO: Run ParseTemplate Behavior [ RunTime:0.007071s ]
INFO: [ view_parse ] --END-- [ RunTime:0.007112s ]
INFO: [ view_filter ] --START--
INFO: Run ContentReplace Behavior [ RunTime:0.000384s ]
INFO: Run TokenBuild Behavior [ RunTime:0.000334s ]
INFO: Run WriteHtmlCache Behavior [ RunTime:0.000256s ]
INFO: Run ShowRuntime Behavior [ RunTime:0.000389s ]
INFO: [ view_filter ] --END-- [ RunTime:0.001476s ]
INFO: [ view_end ] --START--
INFO: Run ShowPageTrace Behavior [ RunTime:0.000460s ]
INFO: [ view_end ] --END-- [ RunTime:0.000493s ]

[ 2013-05-03T16:24:49+08:00 ] 127.0.0.1 /mystage/index.php/Blog/blog_details/blogid/37
INFO: [ route_check ] --START--
INFO: Run CheckRoute Behavior [ RunTime:0.000598s ]
INFO: [ route_check ] --END-- [ RunTime:0.000652s ]
INFO: [ app_begin ] --START--
INFO: Run ReadHtmlCache Behavior [ RunTime:0.000438s ]
INFO: [ app_begin ] --END-- [ RunTime:0.000486s ]
SQL: SHOW COLUMNS FROM `mystage_blog` [ RunTime:0.002917s ]
SQL: SELECT blog.*,topic.name AS topicname,(SELECT count(comm.id) FROM mystage_blog_comment AS comm WHERE blog.id=comm.blogid ) AS commentcount FROM mystage_blog AS blog,mystage_blog_topic AS topic WHERE blog.id=37 AND blog.topicid=topic.id [ RunTime:0.000563s ]
INFO: [ view_template ] --START--
INFO: Run LocationTemplate Behavior [ RunTime:0.000524s ]
INFO: [ view_template ] --END-- [ RunTime:0.000565s ]
INFO: [ view_parse ] --START--
NOTIC: [8] Use of undefined constant index - assumed 'index' D:\xampp\htdocs\MyStage\Home\Runtime\Cache\099acdf128154d6cd2d2551568af1971.php 第 19 行.
NOTIC: [8] Use of undefined constant monkey - assumed 'monkey' D:\xampp\htdocs\MyStage\Home\Runtime\Cache\099acdf128154d6cd2d2551568af1971.php 第 22 行.
NOTIC: [8] Use of undefined constant essay - assumed 'essay' D:\xampp\htdocs\MyStage\Home\Runtime\Cache\099acdf128154d6cd2d2551568af1971.php 第 25 行.
NOTIC: [8] Use of undefined constant enshrine - assumed 'enshrine' D:\xampp\htdocs\MyStage\Home\Runtime\Cache\099acdf128154d6cd2d2551568af1971.php 第 28 行.
NOTIC: [8] Use of undefined constant about - assumed 'about' D:\xampp\htdocs\MyStage\Home\Runtime\Cache\099acdf128154d6cd2d2551568af1971.php 第 31 行.
NOTIC: [8] Use of undefined constant blog_details - assumed 'blog_details' D:\xampp\htdocs\MyStage\Home\Runtime\Cache\099acdf128154d6cd2d2551568af1971.php 第 41 行.
INFO: Run ParseTemplate Behavior [ RunTime:0.007012s ]
INFO: [ view_parse ] --END-- [ RunTime:0.007054s ]
INFO: [ view_filter ] --START--
INFO: Run ContentReplace Behavior [ RunTime:0.000386s ]
INFO: Run TokenBuild Behavior [ RunTime:0.000322s ]
INFO: Run WriteHtmlCache Behavior [ RunTime:0.000245s ]
INFO: Run ShowRuntime Behavior [ RunTime:0.000423s ]
INFO: [ view_filter ] --END-- [ RunTime:0.001474s ]
INFO: [ view_end ] --START--
INFO: Run ShowPageTrace Behavior [ RunTime:0.000460s ]
INFO: [ view_end ] --END-- [ RunTime:0.000493s ]

[ 2013-05-03T16:24:51+08:00 ] 127.0.0.1 /mystage/index.php/Blog/blog_details/blogid/37
INFO: [ route_check ] --START--
INFO: Run CheckRoute Behavior [ RunTime:0.000680s ]
INFO: [ route_check ] --END-- [ RunTime:0.000742s ]
INFO: [ app_begin ] --START--
INFO: Run ReadHtmlCache Behavior [ RunTime:0.000457s ]
INFO: [ app_begin ] --END-- [ RunTime:0.000496s ]
SQL: SHOW COLUMNS FROM `mystage_blog` [ RunTime:0.002792s ]
SQL: SELECT blog.*,topic.name AS topicname,(SELECT count(comm.id) FROM mystage_blog_comment AS comm WHERE blog.id=comm.blogid ) AS commentcount FROM mystage_blog AS blog,mystage_blog_topic AS topic WHERE blog.id=37 AND blog.topicid=topic.id [ RunTime:0.000565s ]
INFO: [ view_template ] --START--
INFO: Run LocationTemplate Behavior [ RunTime:0.000499s ]
INFO: [ view_template ] --END-- [ RunTime:0.000542s ]
INFO: [ view_parse ] --START--
NOTIC: [8] Use of undefined constant index - assumed 'index' D:\xampp\htdocs\MyStage\Home\Runtime\Cache\099acdf128154d6cd2d2551568af1971.php 第 19 行.
NOTIC: [8] Use of undefined constant monkey - assumed 'monkey' D:\xampp\htdocs\MyStage\Home\Runtime\Cache\099acdf128154d6cd2d2551568af1971.php 第 22 行.
NOTIC: [8] Use of undefined constant essay - assumed 'essay' D:\xampp\htdocs\MyStage\Home\Runtime\Cache\099acdf128154d6cd2d2551568af1971.php 第 25 行.
NOTIC: [8] Use of undefined constant enshrine - assumed 'enshrine' D:\xampp\htdocs\MyStage\Home\Runtime\Cache\099acdf128154d6cd2d2551568af1971.php 第 28 行.
NOTIC: [8] Use of undefined constant about - assumed 'about' D:\xampp\htdocs\MyStage\Home\Runtime\Cache\099acdf128154d6cd2d2551568af1971.php 第 31 行.
NOTIC: [8] Use of undefined constant blog_details - assumed 'blog_details' D:\xampp\htdocs\MyStage\Home\Runtime\Cache\099acdf128154d6cd2d2551568af1971.php 第 41 行.
INFO: Run ParseTemplate Behavior [ RunTime:0.034569s ]
INFO: [ view_parse ] --END-- [ RunTime:0.034623s ]
INFO: [ view_filter ] --START--
INFO: Run ContentReplace Behavior [ RunTime:0.000422s ]
INFO: Run TokenBuild Behavior [ RunTime:0.000339s ]
INFO: Run WriteHtmlCache Behavior [ RunTime:0.000258s ]
INFO: Run ShowRuntime Behavior [ RunTime:0.000460s ]
INFO: [ view_filter ] --END-- [ RunTime:0.001589s ]
INFO: [ view_end ] --START--
INFO: Run ShowPageTrace Behavior [ RunTime:0.000609s ]
INFO: [ view_end ] --END-- [ RunTime:0.000647s ]

[ 2013-05-03T16:25:53+08:00 ] 127.0.0.1 /mystage/index.php/Blog/index
INFO: [ route_check ] --START--
INFO: Run CheckRoute Behavior [ RunTime:0.000624s ]
INFO: [ route_check ] --END-- [ RunTime:0.000690s ]
INFO: [ app_begin ] --START--
INFO: Run ReadHtmlCache Behavior [ RunTime:0.000722s ]
INFO: [ app_begin ] --END-- [ RunTime:0.000784s ]
SQL: SHOW COLUMNS FROM `mystage_blog` [ RunTime:0.002964s ]
SQL: SELECT blog.id,blog.title,blog.catid,blog.content,blog.readcount,blog.inputtime,topic.name AS topicname ,(SELECT count(comm.id) FROM mystage_blog_comment AS comm WHERE blog.id=comm.blogid ) AS commentcount 
		FROM mystage_blog AS blog ,mystage_blog_topic AS topic 
		WHERE blog.status=1   AND blog.topicid=topic.id 
		ORDER BY updatetime DESC [ RunTime:0.003470s ]
INFO: [ view_template ] --START--
INFO: Run LocationTemplate Behavior [ RunTime:0.001105s ]
INFO: [ view_template ] --END-- [ RunTime:0.001165s ]
INFO: [ view_parse ] --START--
NOTIC: [8] Use of undefined constant index - assumed 'index' D:\xampp\htdocs\MyStage\Home\Runtime\Cache\cfdd517e0d671e92ae3da660d3de2eb0.php 第 18 行.
NOTIC: [8] Use of undefined constant monkey - assumed 'monkey' D:\xampp\htdocs\MyStage\Home\Runtime\Cache\cfdd517e0d671e92ae3da660d3de2eb0.php 第 21 行.
NOTIC: [8] Use of undefined constant essay - assumed 'essay' D:\xampp\htdocs\MyStage\Home\Runtime\Cache\cfdd517e0d671e92ae3da660d3de2eb0.php 第 24 行.
NOTIC: [8] Use of undefined constant enshrine - assumed 'enshrine' D:\xampp\htdocs\MyStage\Home\Runtime\Cache\cfdd517e0d671e92ae3da660d3de2eb0.php 第 27 行.
NOTIC: [8] Use of undefined constant about - assumed 'about' D:\xampp\htdocs\MyStage\Home\Runtime\Cache\cfdd517e0d671e92ae3da660d3de2eb0.php 第 30 行.
NOTIC: [8] Use of undefined constant blog_details - assumed 'blog_details' D:\xampp\htdocs\MyStage\Home\Runtime\Cache\cfdd517e0d671e92ae3da660d3de2eb0.php 第 55 行.
NOTIC: [8] Use of undefined constant blog_details - assumed 'blog_details' D:\xampp\htdocs\MyStage\Home\Runtime\Cache\cfdd517e0d671e92ae3da660d3de2eb0.php 第 66 行.
NOTIC: [8] Use of undefined constant blog_details - assumed 'blog_details' D:\xampp\htdocs\MyStage\Home\Runtime\Cache\cfdd517e0d671e92ae3da660d3de2eb0.php 第 55 行.
NOTIC: [8] Use of undefined constant blog_details - assumed 'blog_details' D:\xampp\htdocs\MyStage\Home\Runtime\Cache\cfdd517e0d671e92ae3da660d3de2eb0.php 第 66 行.
NOTIC: [8] Use of undefined constant blog_details - assumed 'blog_details' D:\xampp\htdocs\MyStage\Home\Runtime\Cache\cfdd517e0d671e92ae3da660d3de2eb0.php 第 55 行.
NOTIC: [8] Use of undefined constant blog_details - assumed 'blog_details' D:\xampp\htdocs\MyStage\Home\Runtime\Cache\cfdd517e0d671e92ae3da660d3de2eb0.php 第 66 行.
NOTIC: [8] Use of undefined constant blog_details - assumed 'blog_details' D:\xampp\htdocs\MyStage\Home\Runtime\Cache\cfdd517e0d671e92ae3da660d3de2eb0.php 第 55 行.
NOTIC: [8] Use of undefined constant blog_details - assumed 'blog_details' D:\xampp\htdocs\MyStage\Home\Runtime\Cache\cfdd517e0d671e92ae3da660d3de2eb0.php 第 66 行.
NOTIC: [8] Use of undefined constant blog_details - assumed 'blog_details' D:\xampp\htdocs\MyStage\Home\Runtime\Cache\cfdd517e0d671e92ae3da660d3de2eb0.php 第 55 行.
NOTIC: [8] Use of undefined constant blog_details - assumed 'blog_details' D:\xampp\htdocs\MyStage\Home\Runtime\Cache\cfdd517e0d671e92ae3da660d3de2eb0.php 第 66 行.
NOTIC: [8] Use of undefined constant blog_details - assumed 'blog_details' D:\xampp\htdocs\MyStage\Home\Runtime\Cache\cfdd517e0d671e92ae3da660d3de2eb0.php 第 55 行.
NOTIC: [8] Use of undefined constant blog_details - assumed 'blog_details' D:\xampp\htdocs\MyStage\Home\Runtime\Cache\cfdd517e0d671e92ae3da660d3de2eb0.php 第 66 行.
NOTIC: [8] Use of undefined constant blog_details - assumed 'blog_details' D:\xampp\htdocs\MyStage\Home\Runtime\Cache\cfdd517e0d671e92ae3da660d3de2eb0.php 第 55 行.
NOTIC: [8] Use of undefined constant blog_details - assumed 'blog_details' D:\xampp\htdocs\MyStage\Home\Runtime\Cache\cfdd517e0d671e92ae3da660d3de2eb0.php 第 66 行.
NOTIC: [8] Use of undefined constant blog_details - assumed 'blog_details' D:\xampp\htdocs\MyStage\Home\Runtime\Cache\cfdd517e0d671e92ae3da660d3de2eb0.php 第 55 行.
NOTIC: [8] Use of undefined constant blog_details - assumed 'blog_details' D:\xampp\htdocs\MyStage\Home\Runtime\Cache\cfdd517e0d671e92ae3da660d3de2eb0.php 第 66 行.
NOTIC: [8] Use of undefined constant blog_details - assumed 'blog_details' D:\xampp\htdocs\MyStage\Home\Runtime\Cache\cfdd517e0d671e92ae3da660d3de2eb0.php 第 55 行.
NOTIC: [8] Use of undefined constant blog_details - assumed 'blog_details' D:\xampp\htdocs\MyStage\Home\Runtime\Cache\cfdd517e0d671e92ae3da660d3de2eb0.php 第 66 行.
NOTIC: [8] Use of undefined constant blog_details - assumed 'blog_details' D:\xampp\htdocs\MyStage\Home\Runtime\Cache\cfdd517e0d671e92ae3da660d3de2eb0.php 第 55 行.
NOTIC: [8] Use of undefined constant blog_details - assumed 'blog_details' D:\xampp\htdocs\MyStage\Home\Runtime\Cache\cfdd517e0d671e92ae3da660d3de2eb0.php 第 66 行.
NOTIC: [8] Use of undefined constant blog_details - assumed 'blog_details' D:\xampp\htdocs\MyStage\Home\Runtime\Cache\cfdd517e0d671e92ae3da660d3de2eb0.php 第 55 行.
NOTIC: [8] Use of undefined constant blog_details - assumed 'blog_details' D:\xampp\htdocs\MyStage\Home\Runtime\Cache\cfdd517e0d671e92ae3da660d3de2eb0.php 第 66 行.
NOTIC: [8] Use of undefined constant blog_details - assumed 'blog_details' D:\xampp\htdocs\MyStage\Home\Runtime\Cache\cfdd517e0d671e92ae3da660d3de2eb0.php 第 55 行.
NOTIC: [8] Use of undefined constant blog_details - assumed 'blog_details' D:\xampp\htdocs\MyStage\Home\Runtime\Cache\cfdd517e0d671e92ae3da660d3de2eb0.php 第 66 行.
NOTIC: [8] Use of undefined constant blog_details - assumed 'blog_details' D:\xampp\htdocs\MyStage\Home\Runtime\Cache\cfdd517e0d671e92ae3da660d3de2eb0.php 第 55 行.
NOTIC: [8] Use of undefined constant blog_details - assumed 'blog_details' D:\xampp\htdocs\MyStage\Home\Runtime\Cache\cfdd517e0d671e92ae3da660d3de2eb0.php 第 66 行.
INFO: Run ParseTemplate Behavior [ RunTime:0.009364s ]
INFO: [ view_parse ] --END-- [ RunTime:0.009405s ]
INFO: [ view_filter ] --START--
INFO: Run ContentReplace Behavior [ RunTime:0.000742s ]
INFO: Run TokenBuild Behavior [ RunTime:0.000371s ]
INFO: Run WriteHtmlCache Behavior [ RunTime:0.000246s ]
INFO: Run ShowRuntime Behavior [ RunTime:0.000707s ]
INFO: [ view_filter ] --END-- [ RunTime:0.002167s ]
INFO: [ view_end ] --START--
INFO: Run ShowPageTrace Behavior [ RunTime:0.000517s ]
INFO: [ view_end ] --END-- [ RunTime:0.000551s ]

