[ 2013-05-17T00:06:56+08:00 ] 127.0.0.1 /MyStage/index.php/Blog/index
INFO: [ route_check ] --START--
INFO: Run CheckRoute Behavior [ RunTime:0.016589s ]
INFO: [ route_check ] --END-- [ RunTime:0.016658s ]
INFO: [ app_begin ] --START--
INFO: Run ReadHtmlCache Behavior [ RunTime:0.000528s ]
INFO: [ app_begin ] --END-- [ RunTime:0.000569s ]
SQL: SHOW COLUMNS FROM `mystage_blog` [ RunTime:0.249119s ]
SQL: SELECT blog.id,blog.inputtime,blog.title,blog.catid,blog.content,blog.readcount,topic.name AS topicname ,(SELECT count(comm.id) FROM mystage_blog_comm AS comm WHERE blog.id=comm.blogid ) AS commentcount 
		FROM mystage_blog AS blog ,mystage_blog_topic AS topic 
		WHERE blog.status=1 AND blog.topicid=topic.id 
		ORDER BY updatetime DESC [ RunTime:0.493893s ]
INFO: [ view_template ] --START--
INFO: Run LocationTemplate Behavior [ RunTime:0.028353s ]
INFO: [ view_template ] --END-- [ RunTime:0.028412s ]
INFO: [ view_parse ] --START--
NOTIC: [8] Use of undefined constant index - assumed 'index' D:\xampp\htdocs\MyStage\Home\Runtime\Cache\cfdd517e0d671e92ae3da660d3de2eb0.php 第 17 行.
NOTIC: [8] Use of undefined constant index - assumed 'index' D:\xampp\htdocs\MyStage\Home\Runtime\Cache\cfdd517e0d671e92ae3da660d3de2eb0.php 第 20 行.
NOTIC: [8] Use of undefined constant monkey - assumed 'monkey' D:\xampp\htdocs\MyStage\Home\Runtime\Cache\cfdd517e0d671e92ae3da660d3de2eb0.php 第 23 行.
NOTIC: [8] Use of undefined constant essay - assumed 'essay' D:\xampp\htdocs\MyStage\Home\Runtime\Cache\cfdd517e0d671e92ae3da660d3de2eb0.php 第 26 行.
NOTIC: [8] Use of undefined constant enshrine - assumed 'enshrine' D:\xampp\htdocs\MyStage\Home\Runtime\Cache\cfdd517e0d671e92ae3da660d3de2eb0.php 第 29 行.
NOTIC: [8] Use of undefined constant about - assumed 'about' D:\xampp\htdocs\MyStage\Home\Runtime\Cache\cfdd517e0d671e92ae3da660d3de2eb0.php 第 32 行.
NOTIC: [8] Use of undefined constant blog_details - assumed 'blog_details' D:\xampp\htdocs\MyStage\Home\Runtime\Cache\cfdd517e0d671e92ae3da660d3de2eb0.php 第 58 行.
NOTIC: [8] Use of undefined constant blog_details - assumed 'blog_details' D:\xampp\htdocs\MyStage\Home\Runtime\Cache\cfdd517e0d671e92ae3da660d3de2eb0.php 第 71 行.
NOTIC: [8] Use of undefined constant blog_details - assumed 'blog_details' D:\xampp\htdocs\MyStage\Home\Runtime\Cache\cfdd517e0d671e92ae3da660d3de2eb0.php 第 58 行.
NOTIC: [8] Use of undefined constant blog_details - assumed 'blog_details' D:\xampp\htdocs\MyStage\Home\Runtime\Cache\cfdd517e0d671e92ae3da660d3de2eb0.php 第 71 行.
NOTIC: [8] Use of undefined constant blog_details - assumed 'blog_details' D:\xampp\htdocs\MyStage\Home\Runtime\Cache\cfdd517e0d671e92ae3da660d3de2eb0.php 第 58 行.
NOTIC: [8] Use of undefined constant blog_details - assumed 'blog_details' D:\xampp\htdocs\MyStage\Home\Runtime\Cache\cfdd517e0d671e92ae3da660d3de2eb0.php 第 71 行.
NOTIC: [8] Use of undefined constant blog_details - assumed 'blog_details' D:\xampp\htdocs\MyStage\Home\Runtime\Cache\cfdd517e0d671e92ae3da660d3de2eb0.php 第 58 行.
NOTIC: [8] Use of undefined constant blog_details - assumed 'blog_details' D:\xampp\htdocs\MyStage\Home\Runtime\Cache\cfdd517e0d671e92ae3da660d3de2eb0.php 第 71 行.
NOTIC: [8] Use of undefined constant blog_details - assumed 'blog_details' D:\xampp\htdocs\MyStage\Home\Runtime\Cache\cfdd517e0d671e92ae3da660d3de2eb0.php 第 58 行.
NOTIC: [8] Use of undefined constant blog_details - assumed 'blog_details' D:\xampp\htdocs\MyStage\Home\Runtime\Cache\cfdd517e0d671e92ae3da660d3de2eb0.php 第 71 行.
NOTIC: [8] Use of undefined constant blog_details - assumed 'blog_details' D:\xampp\htdocs\MyStage\Home\Runtime\Cache\cfdd517e0d671e92ae3da660d3de2eb0.php 第 58 行.
NOTIC: [8] Use of undefined constant blog_details - assumed 'blog_details' D:\xampp\htdocs\MyStage\Home\Runtime\Cache\cfdd517e0d671e92ae3da660d3de2eb0.php 第 71 行.
INFO: Run ParseTemplate Behavior [ RunTime:0.685742s ]
INFO: [ view_parse ] --END-- [ RunTime:0.685788s ]
INFO: [ view_filter ] --START--
INFO: Run ContentReplace Behavior [ RunTime:0.028715s ]
INFO: Run TokenBuild Behavior [ RunTime:0.001341s ]
INFO: Run WriteHtmlCache Behavior [ RunTime:0.002564s ]
INFO: Run ShowRuntime Behavior [ RunTime:0.001212s ]
INFO: [ view_filter ] --END-- [ RunTime:0.034012s ]
INFO: [ view_end ] --START--
INFO: Run ShowPageTrace Behavior [ RunTime:0.045311s ]
INFO: [ view_end ] --END-- [ RunTime:0.045366s ]

[ 2013-05-17T00:23:14+08:00 ] 127.0.0.1 /MyStage/index.php/Blog/index
INFO: [ route_check ] --START--
INFO: Run CheckRoute Behavior [ RunTime:0.000613s ]
INFO: [ route_check ] --END-- [ RunTime:0.000680s ]
INFO: [ app_begin ] --START--
INFO: Run ReadHtmlCache Behavior [ RunTime:0.000438s ]
INFO: [ app_begin ] --END-- [ RunTime:0.000479s ]
SQL: SHOW COLUMNS FROM `mystage_blog` [ RunTime:0.002532s ]
SQL: SELECT blog.id,blog.inputtime,blog.title,blog.catid,blog.content,blog.readcount,topic.name AS topicname ,(SELECT count(comm.id) FROM mystage_blog_comm AS comm WHERE blog.id=comm.blogid ) AS commentcount 
		FROM mystage_blog AS blog ,mystage_blog_topic AS topic 
		WHERE blog.status=1 AND blog.topicid=topic.id 
		ORDER BY updatetime DESC [ RunTime:0.002756s ]
INFO: [ view_template ] --START--
INFO: Run LocationTemplate Behavior [ RunTime:0.020748s ]
INFO: [ view_template ] --END-- [ RunTime:0.020849s ]
INFO: [ view_parse ] --START--
NOTIC: [8] Use of undefined constant index - assumed 'index' D:\xampp\htdocs\MyStage\Home\Runtime\Cache\cfdd517e0d671e92ae3da660d3de2eb0.php 第 17 行.
NOTIC: [8] Use of undefined constant index - assumed 'index' D:\xampp\htdocs\MyStage\Home\Runtime\Cache\cfdd517e0d671e92ae3da660d3de2eb0.php 第 20 行.
NOTIC: [8] Use of undefined constant monkey - assumed 'monkey' D:\xampp\htdocs\MyStage\Home\Runtime\Cache\cfdd517e0d671e92ae3da660d3de2eb0.php 第 23 行.
NOTIC: [8] Use of undefined constant essay - assumed 'essay' D:\xampp\htdocs\MyStage\Home\Runtime\Cache\cfdd517e0d671e92ae3da660d3de2eb0.php 第 26 行.
NOTIC: [8] Use of undefined constant enshrine - assumed 'enshrine' D:\xampp\htdocs\MyStage\Home\Runtime\Cache\cfdd517e0d671e92ae3da660d3de2eb0.php 第 29 行.
NOTIC: [8] Use of undefined constant about - assumed 'about' D:\xampp\htdocs\MyStage\Home\Runtime\Cache\cfdd517e0d671e92ae3da660d3de2eb0.php 第 32 行.
NOTIC: [8] Use of undefined constant blog_details - assumed 'blog_details' D:\xampp\htdocs\MyStage\Home\Runtime\Cache\cfdd517e0d671e92ae3da660d3de2eb0.php 第 58 行.
NOTIC: [8] Use of undefined constant blog_details - assumed 'blog_details' D:\xampp\htdocs\MyStage\Home\Runtime\Cache\cfdd517e0d671e92ae3da660d3de2eb0.php 第 71 行.
NOTIC: [8] Use of undefined constant blog_details - assumed 'blog_details' D:\xampp\htdocs\MyStage\Home\Runtime\Cache\cfdd517e0d671e92ae3da660d3de2eb0.php 第 58 行.
NOTIC: [8] Use of undefined constant blog_details - assumed 'blog_details' D:\xampp\htdocs\MyStage\Home\Runtime\Cache\cfdd517e0d671e92ae3da660d3de2eb0.php 第 71 行.
NOTIC: [8] Use of undefined constant blog_details - assumed 'blog_details' D:\xampp\htdocs\MyStage\Home\Runtime\Cache\cfdd517e0d671e92ae3da660d3de2eb0.php 第 58 行.
NOTIC: [8] Use of undefined constant blog_details - assumed 'blog_details' D:\xampp\htdocs\MyStage\Home\Runtime\Cache\cfdd517e0d671e92ae3da660d3de2eb0.php 第 71 行.
NOTIC: [8] Use of undefined constant blog_details - assumed 'blog_details' D:\xampp\htdocs\MyStage\Home\Runtime\Cache\cfdd517e0d671e92ae3da660d3de2eb0.php 第 58 行.
NOTIC: [8] Use of undefined constant blog_details - assumed 'blog_details' D:\xampp\htdocs\MyStage\Home\Runtime\Cache\cfdd517e0d671e92ae3da660d3de2eb0.php 第 71 行.
NOTIC: [8] Use of undefined constant blog_details - assumed 'blog_details' D:\xampp\htdocs\MyStage\Home\Runtime\Cache\cfdd517e0d671e92ae3da660d3de2eb0.php 第 58 行.
NOTIC: [8] Use of undefined constant blog_details - assumed 'blog_details' D:\xampp\htdocs\MyStage\Home\Runtime\Cache\cfdd517e0d671e92ae3da660d3de2eb0.php 第 71 行.
NOTIC: [8] Use of undefined constant blog_details - assumed 'blog_details' D:\xampp\htdocs\MyStage\Home\Runtime\Cache\cfdd517e0d671e92ae3da660d3de2eb0.php 第 58 行.
NOTIC: [8] Use of undefined constant blog_details - assumed 'blog_details' D:\xampp\htdocs\MyStage\Home\Runtime\Cache\cfdd517e0d671e92ae3da660d3de2eb0.php 第 71 行.
NOTIC: [8] Use of undefined constant blog_details - assumed 'blog_details' D:\xampp\htdocs\MyStage\Home\Runtime\Cache\cfdd517e0d671e92ae3da660d3de2eb0.php 第 58 行.
NOTIC: [8] Use of undefined constant blog_details - assumed 'blog_details' D:\xampp\htdocs\MyStage\Home\Runtime\Cache\cfdd517e0d671e92ae3da660d3de2eb0.php 第 71 行.
INFO: Run ParseTemplate Behavior [ RunTime:0.108666s ]
INFO: [ view_parse ] --END-- [ RunTime:0.108725s ]
INFO: [ view_filter ] --START--
INFO: Run ContentReplace Behavior [ RunTime:0.000490s ]
INFO: Run TokenBuild Behavior [ RunTime:0.000332s ]
INFO: Run WriteHtmlCache Behavior [ RunTime:0.000251s ]
INFO: Run ShowRuntime Behavior [ RunTime:0.000390s ]
INFO: [ view_filter ] --END-- [ RunTime:0.001568s ]
INFO: [ view_end ] --START--
INFO: Run ShowPageTrace Behavior [ RunTime:0.000472s ]
INFO: [ view_end ] --END-- [ RunTime:0.000507s ]

[ 2013-05-17T00:23:16+08:00 ] 127.0.0.1 /MyStage/index.php/Blog/blog_details/blog/55
INFO: [ route_check ] --START--
INFO: Run CheckRoute Behavior [ RunTime:0.001175s ]
INFO: [ route_check ] --END-- [ RunTime:0.001313s ]
INFO: [ app_begin ] --START--
INFO: Run ReadHtmlCache Behavior [ RunTime:0.001462s ]
INFO: [ app_begin ] --END-- [ RunTime:0.001648s ]
SQL: SHOW COLUMNS FROM `mystage_blog` [ RunTime:0.006519s ]
SQL: UPDATE `mystage_blog` SET `readcount`=readcount+1 WHERE ( `id` = 55 ) [ RunTime:0.116566s ]
SQL: SELECT blog.*,topic.name AS topicname,(SELECT count(comm.id) FROM mystage_blog_comm AS comm WHERE blog.id=comm.blogid ) AS commentcount FROM mystage_blog AS blog,mystage_blog_topic AS topic WHERE blog.id=55 AND blog.topicid=topic.id [ RunTime:0.000562s ]
SQL: SHOW COLUMNS FROM `mystage_blog_comm` [ RunTime:0.002483s ]
SQL: SELECT * FROM `mystage_blog_comm` WHERE ( `blogid` = 55 )  [ RunTime:0.000363s ]
SQL: SELECT blog.id,blog.title,blog.inputtime FROM mystage_blog AS blog WHERE blog.status=1 AND blog.catid=1 ORDER BY inputtime DESC limit 10  [ RunTime:0.000300s ]
INFO: [ view_template ] --START--
INFO: Run LocationTemplate Behavior [ RunTime:0.001105s ]
INFO: [ view_template ] --END-- [ RunTime:0.001149s ]
INFO: [ view_parse ] --START--
NOTIC: [8] Use of undefined constant index - assumed 'index' D:\xampp\htdocs\MyStage\Home\Runtime\Cache\099acdf128154d6cd2d2551568af1971.php 第 22 行.
NOTIC: [8] Use of undefined constant index - assumed 'index' D:\xampp\htdocs\MyStage\Home\Runtime\Cache\099acdf128154d6cd2d2551568af1971.php 第 25 行.
NOTIC: [8] Use of undefined constant monkey - assumed 'monkey' D:\xampp\htdocs\MyStage\Home\Runtime\Cache\099acdf128154d6cd2d2551568af1971.php 第 28 行.
NOTIC: [8] Use of undefined constant essay - assumed 'essay' D:\xampp\htdocs\MyStage\Home\Runtime\Cache\099acdf128154d6cd2d2551568af1971.php 第 31 行.
NOTIC: [8] Use of undefined constant enshrine - assumed 'enshrine' D:\xampp\htdocs\MyStage\Home\Runtime\Cache\099acdf128154d6cd2d2551568af1971.php 第 34 行.
NOTIC: [8] Use of undefined constant about - assumed 'about' D:\xampp\htdocs\MyStage\Home\Runtime\Cache\099acdf128154d6cd2d2551568af1971.php 第 37 行.
NOTIC: [8] Use of undefined constant blog_details - assumed 'blog_details' D:\xampp\htdocs\MyStage\Home\Runtime\Cache\099acdf128154d6cd2d2551568af1971.php 第 56 行.
NOTIC: [8] Use of undefined constant blog_details - assumed 'blog_details' D:\xampp\htdocs\MyStage\Home\Runtime\Cache\099acdf128154d6cd2d2551568af1971.php 第 56 行.
NOTIC: [8] Use of undefined constant blog_details - assumed 'blog_details' D:\xampp\htdocs\MyStage\Home\Runtime\Cache\099acdf128154d6cd2d2551568af1971.php 第 56 行.
NOTIC: [8] Use of undefined constant blog_details - assumed 'blog_details' D:\xampp\htdocs\MyStage\Home\Runtime\Cache\099acdf128154d6cd2d2551568af1971.php 第 56 行.
NOTIC: [8] Use of undefined constant addComm - assumed 'addComm' D:\xampp\htdocs\MyStage\Home\Runtime\Cache\099acdf128154d6cd2d2551568af1971.php 第 103 行.
INFO: Run ParseTemplate Behavior [ RunTime:0.015638s ]
INFO: [ view_parse ] --END-- [ RunTime:0.015684s ]
INFO: [ view_filter ] --START--
INFO: Run ContentReplace Behavior [ RunTime:0.000344s ]
INFO: Run TokenBuild Behavior [ RunTime:0.000296s ]
INFO: Run WriteHtmlCache Behavior [ RunTime:0.000235s ]
INFO: Run ShowRuntime Behavior [ RunTime:0.000364s ]
INFO: [ view_filter ] --END-- [ RunTime:0.001345s ]
INFO: [ view_end ] --START--
INFO: Run ShowPageTrace Behavior [ RunTime:0.000438s ]
INFO: [ view_end ] --END-- [ RunTime:0.000491s ]

[ 2013-05-17T00:24:22+08:00 ] 127.0.0.1 /MyStage/index.php/Blog/blog_details/blog/55
INFO: [ route_check ] --START--
INFO: Run CheckRoute Behavior [ RunTime:0.001929s ]
INFO: [ route_check ] --END-- [ RunTime:0.002045s ]
INFO: [ app_begin ] --START--
INFO: Run ReadHtmlCache Behavior [ RunTime:0.000764s ]
INFO: [ app_begin ] --END-- [ RunTime:0.000827s ]
SQL: SHOW COLUMNS FROM `mystage_blog` [ RunTime:0.002483s ]
SQL: UPDATE `mystage_blog` SET `readcount`=readcount+1 WHERE ( `id` = 55 ) [ RunTime:0.088919s ]
SQL: SELECT blog.*,topic.name AS topicname,(SELECT count(comm.id) FROM mystage_blog_comm AS comm WHERE blog.id=comm.blogid ) AS commentcount FROM mystage_blog AS blog,mystage_blog_topic AS topic WHERE blog.id=55 AND blog.topicid=topic.id [ RunTime:0.000584s ]
SQL: SHOW COLUMNS FROM `mystage_blog_comm` [ RunTime:0.002401s ]
SQL: SELECT * FROM `mystage_blog_comm` WHERE ( `blogid` = 55 )  [ RunTime:0.000291s ]
SQL: SELECT blog.id,blog.title,blog.inputtime FROM mystage_blog AS blog WHERE blog.status=1 AND blog.catid=1 ORDER BY inputtime DESC limit 10  [ RunTime:0.000242s ]
INFO: [ view_template ] --START--
INFO: Run LocationTemplate Behavior [ RunTime:0.001056s ]
INFO: [ view_template ] --END-- [ RunTime:0.001102s ]
INFO: [ view_parse ] --START--
NOTIC: [8] Use of undefined constant index - assumed 'index' D:\xampp\htdocs\MyStage\Home\Runtime\Cache\099acdf128154d6cd2d2551568af1971.php 第 22 行.
NOTIC: [8] Use of undefined constant index - assumed 'index' D:\xampp\htdocs\MyStage\Home\Runtime\Cache\099acdf128154d6cd2d2551568af1971.php 第 25 行.
NOTIC: [8] Use of undefined constant monkey - assumed 'monkey' D:\xampp\htdocs\MyStage\Home\Runtime\Cache\099acdf128154d6cd2d2551568af1971.php 第 28 行.
NOTIC: [8] Use of undefined constant essay - assumed 'essay' D:\xampp\htdocs\MyStage\Home\Runtime\Cache\099acdf128154d6cd2d2551568af1971.php 第 31 行.
NOTIC: [8] Use of undefined constant enshrine - assumed 'enshrine' D:\xampp\htdocs\MyStage\Home\Runtime\Cache\099acdf128154d6cd2d2551568af1971.php 第 34 行.
NOTIC: [8] Use of undefined constant about - assumed 'about' D:\xampp\htdocs\MyStage\Home\Runtime\Cache\099acdf128154d6cd2d2551568af1971.php 第 37 行.
NOTIC: [8] Use of undefined constant blog_details - assumed 'blog_details' D:\xampp\htdocs\MyStage\Home\Runtime\Cache\099acdf128154d6cd2d2551568af1971.php 第 56 行.
NOTIC: [8] Use of undefined constant blog_details - assumed 'blog_details' D:\xampp\htdocs\MyStage\Home\Runtime\Cache\099acdf128154d6cd2d2551568af1971.php 第 56 行.
NOTIC: [8] Use of undefined constant blog_details - assumed 'blog_details' D:\xampp\htdocs\MyStage\Home\Runtime\Cache\099acdf128154d6cd2d2551568af1971.php 第 56 行.
NOTIC: [8] Use of undefined constant blog_details - assumed 'blog_details' D:\xampp\htdocs\MyStage\Home\Runtime\Cache\099acdf128154d6cd2d2551568af1971.php 第 56 行.
NOTIC: [8] Use of undefined constant addComm - assumed 'addComm' D:\xampp\htdocs\MyStage\Home\Runtime\Cache\099acdf128154d6cd2d2551568af1971.php 第 103 行.
INFO: Run ParseTemplate Behavior [ RunTime:0.010970s ]
INFO: [ view_parse ] --END-- [ RunTime:0.011015s ]
INFO: [ view_filter ] --START--
INFO: Run ContentReplace Behavior [ RunTime:0.000540s ]
INFO: Run TokenBuild Behavior [ RunTime:0.000470s ]
INFO: Run WriteHtmlCache Behavior [ RunTime:0.000366s ]
INFO: Run ShowRuntime Behavior [ RunTime:0.000656s ]
INFO: [ view_filter ] --END-- [ RunTime:0.002136s ]
INFO: [ view_end ] --START--
INFO: Run ShowPageTrace Behavior [ RunTime:0.000666s ]
INFO: [ view_end ] --END-- [ RunTime:0.000712s ]

[ 2013-05-17T00:24:23+08:00 ] 127.0.0.1 /MyStage/index.php/Blog/blog_details/blog/55
INFO: [ route_check ] --START--
INFO: Run CheckRoute Behavior [ RunTime:0.000610s ]
INFO: [ route_check ] --END-- [ RunTime:0.000670s ]
INFO: [ app_begin ] --START--
INFO: Run ReadHtmlCache Behavior [ RunTime:0.000435s ]
INFO: [ app_begin ] --END-- [ RunTime:0.000479s ]
SQL: SHOW COLUMNS FROM `mystage_blog` [ RunTime:0.002951s ]
SQL: UPDATE `mystage_blog` SET `readcount`=readcount+1 WHERE ( `id` = 55 ) [ RunTime:0.180203s ]
SQL: SELECT blog.*,topic.name AS topicname,(SELECT count(comm.id) FROM mystage_blog_comm AS comm WHERE blog.id=comm.blogid ) AS commentcount FROM mystage_blog AS blog,mystage_blog_topic AS topic WHERE blog.id=55 AND blog.topicid=topic.id [ RunTime:0.000554s ]
SQL: SHOW COLUMNS FROM `mystage_blog_comm` [ RunTime:0.002492s ]
SQL: SELECT * FROM `mystage_blog_comm` WHERE ( `blogid` = 55 )  [ RunTime:0.000356s ]
SQL: SELECT blog.id,blog.title,blog.inputtime FROM mystage_blog AS blog WHERE blog.status=1 AND blog.catid=1 ORDER BY inputtime DESC limit 10  [ RunTime:0.000276s ]
INFO: [ view_template ] --START--
INFO: Run LocationTemplate Behavior [ RunTime:0.000447s ]
INFO: [ view_template ] --END-- [ RunTime:0.000579s ]
INFO: [ view_parse ] --START--
NOTIC: [8] Use of undefined constant index - assumed 'index' D:\xampp\htdocs\MyStage\Home\Runtime\Cache\099acdf128154d6cd2d2551568af1971.php 第 22 行.
NOTIC: [8] Use of undefined constant index - assumed 'index' D:\xampp\htdocs\MyStage\Home\Runtime\Cache\099acdf128154d6cd2d2551568af1971.php 第 25 行.
NOTIC: [8] Use of undefined constant monkey - assumed 'monkey' D:\xampp\htdocs\MyStage\Home\Runtime\Cache\099acdf128154d6cd2d2551568af1971.php 第 28 行.
NOTIC: [8] Use of undefined constant essay - assumed 'essay' D:\xampp\htdocs\MyStage\Home\Runtime\Cache\099acdf128154d6cd2d2551568af1971.php 第 31 行.
NOTIC: [8] Use of undefined constant enshrine - assumed 'enshrine' D:\xampp\htdocs\MyStage\Home\Runtime\Cache\099acdf128154d6cd2d2551568af1971.php 第 34 行.
NOTIC: [8] Use of undefined constant about - assumed 'about' D:\xampp\htdocs\MyStage\Home\Runtime\Cache\099acdf128154d6cd2d2551568af1971.php 第 37 行.
NOTIC: [8] Use of undefined constant blog_details - assumed 'blog_details' D:\xampp\htdocs\MyStage\Home\Runtime\Cache\099acdf128154d6cd2d2551568af1971.php 第 56 行.
NOTIC: [8] Use of undefined constant blog_details - assumed 'blog_details' D:\xampp\htdocs\MyStage\Home\Runtime\Cache\099acdf128154d6cd2d2551568af1971.php 第 56 行.
NOTIC: [8] Use of undefined constant blog_details - assumed 'blog_details' D:\xampp\htdocs\MyStage\Home\Runtime\Cache\099acdf128154d6cd2d2551568af1971.php 第 56 行.
NOTIC: [8] Use of undefined constant blog_details - assumed 'blog_details' D:\xampp\htdocs\MyStage\Home\Runtime\Cache\099acdf128154d6cd2d2551568af1971.php 第 56 行.
NOTIC: [8] Use of undefined constant addComm - assumed 'addComm' D:\xampp\htdocs\MyStage\Home\Runtime\Cache\099acdf128154d6cd2d2551568af1971.php 第 103 行.
INFO: Run ParseTemplate Behavior [ RunTime:0.010267s ]
INFO: [ view_parse ] --END-- [ RunTime:0.010320s ]
INFO: [ view_filter ] --START--
INFO: Run ContentReplace Behavior [ RunTime:0.000353s ]
INFO: Run TokenBuild Behavior [ RunTime:0.000334s ]
INFO: Run WriteHtmlCache Behavior [ RunTime:0.000229s ]
INFO: Run ShowRuntime Behavior [ RunTime:0.000594s ]
INFO: [ view_filter ] --END-- [ RunTime:0.001610s ]
INFO: [ view_end ] --START--
INFO: Run ShowPageTrace Behavior [ RunTime:0.000439s ]
INFO: [ view_end ] --END-- [ RunTime:0.000472s ]

[ 2013-05-17T00:25:04+08:00 ] 127.0.0.1 /MyStage/index.php/Blog/blog_details/blog/55
INFO: [ route_check ] --START--
INFO: Run CheckRoute Behavior [ RunTime:0.001037s ]
INFO: [ route_check ] --END-- [ RunTime:0.001098s ]
INFO: [ app_begin ] --START--
INFO: Run ReadHtmlCache Behavior [ RunTime:0.000560s ]
INFO: [ app_begin ] --END-- [ RunTime:0.000606s ]
SQL: SHOW COLUMNS FROM `mystage_blog` [ RunTime:0.002569s ]
SQL: UPDATE `mystage_blog` SET `readcount`=readcount+1 WHERE ( `id` = 55 ) [ RunTime:0.030614s ]
SQL: SELECT blog.*,topic.name AS topicname,(SELECT count(comm.id) FROM mystage_blog_comm AS comm WHERE blog.id=comm.blogid ) AS commentcount FROM mystage_blog AS blog,mystage_blog_topic AS topic WHERE blog.id=55 AND blog.topicid=topic.id [ RunTime:0.000507s ]
SQL: SHOW COLUMNS FROM `mystage_blog_comm` [ RunTime:0.002431s ]
SQL: SELECT * FROM `mystage_blog_comm` WHERE ( `blogid` = 55 )  [ RunTime:0.000318s ]
SQL: SELECT blog.id,blog.title,blog.inputtime FROM mystage_blog AS blog WHERE blog.status=1 AND blog.catid=1 ORDER BY inputtime DESC limit 10  [ RunTime:0.000281s ]
INFO: [ view_template ] --START--
INFO: Run LocationTemplate Behavior [ RunTime:0.001074s ]
INFO: [ view_template ] --END-- [ RunTime:0.001119s ]
INFO: [ view_parse ] --START--
NOTIC: [8] Use of undefined constant index - assumed 'index' D:\xampp\htdocs\MyStage\Home\Runtime\Cache\099acdf128154d6cd2d2551568af1971.php 第 22 行.
NOTIC: [8] Use of undefined constant index - assumed 'index' D:\xampp\htdocs\MyStage\Home\Runtime\Cache\099acdf128154d6cd2d2551568af1971.php 第 25 行.
NOTIC: [8] Use of undefined constant monkey - assumed 'monkey' D:\xampp\htdocs\MyStage\Home\Runtime\Cache\099acdf128154d6cd2d2551568af1971.php 第 28 行.
NOTIC: [8] Use of undefined constant essay - assumed 'essay' D:\xampp\htdocs\MyStage\Home\Runtime\Cache\099acdf128154d6cd2d2551568af1971.php 第 31 行.
NOTIC: [8] Use of undefined constant enshrine - assumed 'enshrine' D:\xampp\htdocs\MyStage\Home\Runtime\Cache\099acdf128154d6cd2d2551568af1971.php 第 34 行.
NOTIC: [8] Use of undefined constant about - assumed 'about' D:\xampp\htdocs\MyStage\Home\Runtime\Cache\099acdf128154d6cd2d2551568af1971.php 第 37 行.
NOTIC: [8] Use of undefined constant blog_details - assumed 'blog_details' D:\xampp\htdocs\MyStage\Home\Runtime\Cache\099acdf128154d6cd2d2551568af1971.php 第 56 行.
NOTIC: [8] Use of undefined constant blog_details - assumed 'blog_details' D:\xampp\htdocs\MyStage\Home\Runtime\Cache\099acdf128154d6cd2d2551568af1971.php 第 56 行.
NOTIC: [8] Use of undefined constant blog_details - assumed 'blog_details' D:\xampp\htdocs\MyStage\Home\Runtime\Cache\099acdf128154d6cd2d2551568af1971.php 第 56 行.
NOTIC: [8] Use of undefined constant blog_details - assumed 'blog_details' D:\xampp\htdocs\MyStage\Home\Runtime\Cache\099acdf128154d6cd2d2551568af1971.php 第 56 行.
NOTIC: [8] Use of undefined constant addComm - assumed 'addComm' D:\xampp\htdocs\MyStage\Home\Runtime\Cache\099acdf128154d6cd2d2551568af1971.php 第 103 行.
INFO: Run ParseTemplate Behavior [ RunTime:0.010493s ]
INFO: [ view_parse ] --END-- [ RunTime:0.010536s ]
INFO: [ view_filter ] --START--
INFO: Run ContentReplace Behavior [ RunTime:0.000518s ]
INFO: Run TokenBuild Behavior [ RunTime:0.000473s ]
INFO: Run WriteHtmlCache Behavior [ RunTime:0.000366s ]
INFO: Run ShowRuntime Behavior [ RunTime:0.000548s ]
INFO: [ view_filter ] --END-- [ RunTime:0.002005s ]
INFO: [ view_end ] --START--
INFO: Run ShowPageTrace Behavior [ RunTime:0.000586s ]
INFO: [ view_end ] --END-- [ RunTime:0.000619s ]

[ 2013-05-17T00:25:07+08:00 ] 127.0.0.1 /MyStage/index.php/Blog/blog_details/blog/55
INFO: [ route_check ] --START--
INFO: Run CheckRoute Behavior [ RunTime:0.000615s ]
INFO: [ route_check ] --END-- [ RunTime:0.000686s ]
INFO: [ app_begin ] --START--
INFO: Run ReadHtmlCache Behavior [ RunTime:0.000433s ]
INFO: [ app_begin ] --END-- [ RunTime:0.000472s ]
SQL: SHOW COLUMNS FROM `mystage_blog` [ RunTime:0.003366s ]
SQL: UPDATE `mystage_blog` SET `readcount`=readcount+1 WHERE ( `id` = 55 ) [ RunTime:0.189604s ]
SQL: SELECT blog.*,topic.name AS topicname,(SELECT count(comm.id) FROM mystage_blog_comm AS comm WHERE blog.id=comm.blogid ) AS commentcount FROM mystage_blog AS blog,mystage_blog_topic AS topic WHERE blog.id=55 AND blog.topicid=topic.id [ RunTime:0.000506s ]
SQL: SHOW COLUMNS FROM `mystage_blog_comm` [ RunTime:0.003196s ]
SQL: SELECT * FROM `mystage_blog_comm` WHERE ( `blogid` = 55 )  [ RunTime:0.000296s ]
SQL: SELECT blog.id,blog.title,blog.inputtime FROM mystage_blog AS blog WHERE blog.status=1 AND blog.catid=1 ORDER BY inputtime DESC limit 10  [ RunTime:0.000255s ]
INFO: [ view_template ] --START--
INFO: Run LocationTemplate Behavior [ RunTime:0.000491s ]
INFO: [ view_template ] --END-- [ RunTime:0.000534s ]
INFO: [ view_parse ] --START--
NOTIC: [8] Use of undefined constant index - assumed 'index' D:\xampp\htdocs\MyStage\Home\Runtime\Cache\099acdf128154d6cd2d2551568af1971.php 第 22 行.
NOTIC: [8] Use of undefined constant index - assumed 'index' D:\xampp\htdocs\MyStage\Home\Runtime\Cache\099acdf128154d6cd2d2551568af1971.php 第 25 行.
NOTIC: [8] Use of undefined constant monkey - assumed 'monkey' D:\xampp\htdocs\MyStage\Home\Runtime\Cache\099acdf128154d6cd2d2551568af1971.php 第 28 行.
NOTIC: [8] Use of undefined constant essay - assumed 'essay' D:\xampp\htdocs\MyStage\Home\Runtime\Cache\099acdf128154d6cd2d2551568af1971.php 第 31 行.
NOTIC: [8] Use of undefined constant enshrine - assumed 'enshrine' D:\xampp\htdocs\MyStage\Home\Runtime\Cache\099acdf128154d6cd2d2551568af1971.php 第 34 行.
NOTIC: [8] Use of undefined constant about - assumed 'about' D:\xampp\htdocs\MyStage\Home\Runtime\Cache\099acdf128154d6cd2d2551568af1971.php 第 37 行.
NOTIC: [8] Use of undefined constant blog_details - assumed 'blog_details' D:\xampp\htdocs\MyStage\Home\Runtime\Cache\099acdf128154d6cd2d2551568af1971.php 第 56 行.
NOTIC: [8] Use of undefined constant blog_details - assumed 'blog_details' D:\xampp\htdocs\MyStage\Home\Runtime\Cache\099acdf128154d6cd2d2551568af1971.php 第 56 行.
NOTIC: [8] Use of undefined constant blog_details - assumed 'blog_details' D:\xampp\htdocs\MyStage\Home\Runtime\Cache\099acdf128154d6cd2d2551568af1971.php 第 56 行.
NOTIC: [8] Use of undefined constant blog_details - assumed 'blog_details' D:\xampp\htdocs\MyStage\Home\Runtime\Cache\099acdf128154d6cd2d2551568af1971.php 第 56 行.
NOTIC: [8] Use of undefined constant addComm - assumed 'addComm' D:\xampp\htdocs\MyStage\Home\Runtime\Cache\099acdf128154d6cd2d2551568af1971.php 第 103 行.
INFO: Run ParseTemplate Behavior [ RunTime:0.010182s ]
INFO: [ view_parse ] --END-- [ RunTime:0.010233s ]
INFO: [ view_filter ] --START--
INFO: Run ContentReplace Behavior [ RunTime:0.000403s ]
INFO: Run TokenBuild Behavior [ RunTime:0.000329s ]
INFO: Run WriteHtmlCache Behavior [ RunTime:0.000250s ]
INFO: Run ShowRuntime Behavior [ RunTime:0.000394s ]
INFO: [ view_filter ] --END-- [ RunTime:0.001479s ]
INFO: [ view_end ] --START--
INFO: Run ShowPageTrace Behavior [ RunTime:0.000481s ]
INFO: [ view_end ] --END-- [ RunTime:0.000516s ]

[ 2013-05-17T00:25:10+08:00 ] 127.0.0.1 /MyStage/index.php/Blog/index
INFO: [ route_check ] --START--
INFO: Run CheckRoute Behavior [ RunTime:0.000893s ]
INFO: [ route_check ] --END-- [ RunTime:0.000967s ]
INFO: [ app_begin ] --START--
INFO: Run ReadHtmlCache Behavior [ RunTime:0.000502s ]
INFO: [ app_begin ] --END-- [ RunTime:0.000544s ]
SQL: SHOW COLUMNS FROM `mystage_blog` [ RunTime:0.003580s ]
SQL: SELECT blog.id,blog.inputtime,blog.title,blog.catid,blog.content,blog.readcount,topic.name AS topicname ,(SELECT count(comm.id) FROM mystage_blog_comm AS comm WHERE blog.id=comm.blogid ) AS commentcount 
		FROM mystage_blog AS blog ,mystage_blog_topic AS topic 
		WHERE blog.status=1 AND blog.topicid=topic.id 
		ORDER BY updatetime DESC [ RunTime:0.003402s ]
INFO: [ view_template ] --START--
INFO: Run LocationTemplate Behavior [ RunTime:0.000704s ]
INFO: [ view_template ] --END-- [ RunTime:0.000747s ]
INFO: [ view_parse ] --START--
NOTIC: [8] Use of undefined constant index - assumed 'index' D:\xampp\htdocs\MyStage\Home\Runtime\Cache\cfdd517e0d671e92ae3da660d3de2eb0.php 第 17 行.
NOTIC: [8] Use of undefined constant index - assumed 'index' D:\xampp\htdocs\MyStage\Home\Runtime\Cache\cfdd517e0d671e92ae3da660d3de2eb0.php 第 20 行.
NOTIC: [8] Use of undefined constant monkey - assumed 'monkey' D:\xampp\htdocs\MyStage\Home\Runtime\Cache\cfdd517e0d671e92ae3da660d3de2eb0.php 第 23 行.
NOTIC: [8] Use of undefined constant essay - assumed 'essay' D:\xampp\htdocs\MyStage\Home\Runtime\Cache\cfdd517e0d671e92ae3da660d3de2eb0.php 第 26 行.
NOTIC: [8] Use of undefined constant enshrine - assumed 'enshrine' D:\xampp\htdocs\MyStage\Home\Runtime\Cache\cfdd517e0d671e92ae3da660d3de2eb0.php 第 29 行.
NOTIC: [8] Use of undefined constant about - assumed 'about' D:\xampp\htdocs\MyStage\Home\Runtime\Cache\cfdd517e0d671e92ae3da660d3de2eb0.php 第 32 行.
NOTIC: [8] Use of undefined constant blog_details - assumed 'blog_details' D:\xampp\htdocs\MyStage\Home\Runtime\Cache\cfdd517e0d671e92ae3da660d3de2eb0.php 第 58 行.
NOTIC: [8] Use of undefined constant blog_details - assumed 'blog_details' D:\xampp\htdocs\MyStage\Home\Runtime\Cache\cfdd517e0d671e92ae3da660d3de2eb0.php 第 71 行.
NOTIC: [8] Use of undefined constant blog_details - assumed 'blog_details' D:\xampp\htdocs\MyStage\Home\Runtime\Cache\cfdd517e0d671e92ae3da660d3de2eb0.php 第 58 行.
NOTIC: [8] Use of undefined constant blog_details - assumed 'blog_details' D:\xampp\htdocs\MyStage\Home\Runtime\Cache\cfdd517e0d671e92ae3da660d3de2eb0.php 第 71 行.
NOTIC: [8] Use of undefined constant blog_details - assumed 'blog_details' D:\xampp\htdocs\MyStage\Home\Runtime\Cache\cfdd517e0d671e92ae3da660d3de2eb0.php 第 58 行.
NOTIC: [8] Use of undefined constant blog_details - assumed 'blog_details' D:\xampp\htdocs\MyStage\Home\Runtime\Cache\cfdd517e0d671e92ae3da660d3de2eb0.php 第 71 行.
NOTIC: [8] Use of undefined constant blog_details - assumed 'blog_details' D:\xampp\htdocs\MyStage\Home\Runtime\Cache\cfdd517e0d671e92ae3da660d3de2eb0.php 第 58 行.
NOTIC: [8] Use of undefined constant blog_details - assumed 'blog_details' D:\xampp\htdocs\MyStage\Home\Runtime\Cache\cfdd517e0d671e92ae3da660d3de2eb0.php 第 71 行.
NOTIC: [8] Use of undefined constant blog_details - assumed 'blog_details' D:\xampp\htdocs\MyStage\Home\Runtime\Cache\cfdd517e0d671e92ae3da660d3de2eb0.php 第 58 行.
NOTIC: [8] Use of undefined constant blog_details - assumed 'blog_details' D:\xampp\htdocs\MyStage\Home\Runtime\Cache\cfdd517e0d671e92ae3da660d3de2eb0.php 第 71 行.
NOTIC: [8] Use of undefined constant blog_details - assumed 'blog_details' D:\xampp\htdocs\MyStage\Home\Runtime\Cache\cfdd517e0d671e92ae3da660d3de2eb0.php 第 58 行.
NOTIC: [8] Use of undefined constant blog_details - assumed 'blog_details' D:\xampp\htdocs\MyStage\Home\Runtime\Cache\cfdd517e0d671e92ae3da660d3de2eb0.php 第 71 行.
NOTIC: [8] Use of undefined constant blog_details - assumed 'blog_details' D:\xampp\htdocs\MyStage\Home\Runtime\Cache\cfdd517e0d671e92ae3da660d3de2eb0.php 第 58 行.
NOTIC: [8] Use of undefined constant blog_details - assumed 'blog_details' D:\xampp\htdocs\MyStage\Home\Runtime\Cache\cfdd517e0d671e92ae3da660d3de2eb0.php 第 71 行.
INFO: Run ParseTemplate Behavior [ RunTime:0.009615s ]
INFO: [ view_parse ] --END-- [ RunTime:0.009668s ]
INFO: [ view_filter ] --START--
INFO: Run ContentReplace Behavior [ RunTime:0.000665s ]
INFO: Run TokenBuild Behavior [ RunTime:0.000425s ]
INFO: Run WriteHtmlCache Behavior [ RunTime:0.000261s ]
INFO: Run ShowRuntime Behavior [ RunTime:0.000401s ]
INFO: [ view_filter ] --END-- [ RunTime:0.001887s ]
INFO: [ view_end ] --START--
INFO: Run ShowPageTrace Behavior [ RunTime:0.000486s ]
INFO: [ view_end ] --END-- [ RunTime:0.000521s ]

[ 2013-05-17T00:25:12+08:00 ] 127.0.0.1 /MyStage/index.php/Blog/blog_details/blog/55
INFO: [ route_check ] --START--
INFO: Run CheckRoute Behavior [ RunTime:0.001181s ]
INFO: [ route_check ] --END-- [ RunTime:0.001329s ]
INFO: [ app_begin ] --START--
INFO: Run ReadHtmlCache Behavior [ RunTime:0.000870s ]
INFO: [ app_begin ] --END-- [ RunTime:0.000974s ]
SQL: SHOW COLUMNS FROM `mystage_blog` [ RunTime:0.003223s ]
SQL: UPDATE `mystage_blog` SET `readcount`=readcount+1 WHERE ( `id` = 55 ) [ RunTime:0.311353s ]
SQL: SELECT blog.*,topic.name AS topicname,(SELECT count(comm.id) FROM mystage_blog_comm AS comm WHERE blog.id=comm.blogid ) AS commentcount FROM mystage_blog AS blog,mystage_blog_topic AS topic WHERE blog.id=55 AND blog.topicid=topic.id [ RunTime:0.000527s ]
SQL: SHOW COLUMNS FROM `mystage_blog_comm` [ RunTime:0.002421s ]
SQL: SELECT * FROM `mystage_blog_comm` WHERE ( `blogid` = 55 )  [ RunTime:0.000329s ]
SQL: SELECT blog.id,blog.title,blog.inputtime FROM mystage_blog AS blog WHERE blog.status=1 AND blog.catid=1 ORDER BY inputtime DESC limit 10  [ RunTime:0.000294s ]
INFO: [ view_template ] --START--
INFO: Run LocationTemplate Behavior [ RunTime:0.000454s ]
INFO: [ view_template ] --END-- [ RunTime:0.000496s ]
INFO: [ view_parse ] --START--
NOTIC: [8] Use of undefined constant index - assumed 'index' D:\xampp\htdocs\MyStage\Home\Runtime\Cache\099acdf128154d6cd2d2551568af1971.php 第 22 行.
NOTIC: [8] Use of undefined constant index - assumed 'index' D:\xampp\htdocs\MyStage\Home\Runtime\Cache\099acdf128154d6cd2d2551568af1971.php 第 25 行.
NOTIC: [8] Use of undefined constant monkey - assumed 'monkey' D:\xampp\htdocs\MyStage\Home\Runtime\Cache\099acdf128154d6cd2d2551568af1971.php 第 28 行.
NOTIC: [8] Use of undefined constant essay - assumed 'essay' D:\xampp\htdocs\MyStage\Home\Runtime\Cache\099acdf128154d6cd2d2551568af1971.php 第 31 行.
NOTIC: [8] Use of undefined constant enshrine - assumed 'enshrine' D:\xampp\htdocs\MyStage\Home\Runtime\Cache\099acdf128154d6cd2d2551568af1971.php 第 34 行.
NOTIC: [8] Use of undefined constant about - assumed 'about' D:\xampp\htdocs\MyStage\Home\Runtime\Cache\099acdf128154d6cd2d2551568af1971.php 第 37 行.
NOTIC: [8] Use of undefined constant blog_details - assumed 'blog_details' D:\xampp\htdocs\MyStage\Home\Runtime\Cache\099acdf128154d6cd2d2551568af1971.php 第 56 行.
NOTIC: [8] Use of undefined constant blog_details - assumed 'blog_details' D:\xampp\htdocs\MyStage\Home\Runtime\Cache\099acdf128154d6cd2d2551568af1971.php 第 56 行.
NOTIC: [8] Use of undefined constant blog_details - assumed 'blog_details' D:\xampp\htdocs\MyStage\Home\Runtime\Cache\099acdf128154d6cd2d2551568af1971.php 第 56 行.
NOTIC: [8] Use of undefined constant blog_details - assumed 'blog_details' D:\xampp\htdocs\MyStage\Home\Runtime\Cache\099acdf128154d6cd2d2551568af1971.php 第 56 行.
NOTIC: [8] Use of undefined constant addComm - assumed 'addComm' D:\xampp\htdocs\MyStage\Home\Runtime\Cache\099acdf128154d6cd2d2551568af1971.php 第 103 行.
INFO: Run ParseTemplate Behavior [ RunTime:0.010155s ]
INFO: [ view_parse ] --END-- [ RunTime:0.010199s ]
INFO: [ view_filter ] --START--
INFO: Run ContentReplace Behavior [ RunTime:0.000470s ]
INFO: Run TokenBuild Behavior [ RunTime:0.000323s ]
INFO: Run WriteHtmlCache Behavior [ RunTime:0.000264s ]
INFO: Run ShowRuntime Behavior [ RunTime:0.000613s ]
INFO: [ view_filter ] --END-- [ RunTime:0.001789s ]
INFO: [ view_end ] --START--
INFO: Run ShowPageTrace Behavior [ RunTime:0.000486s ]
INFO: [ view_end ] --END-- [ RunTime:0.000523s ]

[ 2013-05-17T00:25:40+08:00 ] 127.0.0.1 /MyStage/index.php/Blog/index
INFO: [ route_check ] --START--
INFO: Run CheckRoute Behavior [ RunTime:0.001263s ]
INFO: [ route_check ] --END-- [ RunTime:0.001339s ]
INFO: [ app_begin ] --START--
INFO: Run ReadHtmlCache Behavior [ RunTime:0.000646s ]
INFO: [ app_begin ] --END-- [ RunTime:0.000697s ]
SQL: SHOW COLUMNS FROM `mystage_blog` [ RunTime:0.002511s ]
SQL: SELECT blog.id,blog.inputtime,blog.title,blog.catid,blog.content,blog.readcount,topic.name AS topicname ,(SELECT count(comm.id) FROM mystage_blog_comm AS comm WHERE blog.id=comm.blogid ) AS commentcount 
		FROM mystage_blog AS blog ,mystage_blog_topic AS topic 
		WHERE blog.status=1 AND blog.topicid=topic.id 
		ORDER BY updatetime DESC [ RunTime:0.002840s ]
INFO: [ view_template ] --START--
INFO: Run LocationTemplate Behavior [ RunTime:0.001246s ]
INFO: [ view_template ] --END-- [ RunTime:0.001298s ]
INFO: [ view_parse ] --START--
NOTIC: [8] Use of undefined constant index - assumed 'index' D:\xampp\htdocs\MyStage\Home\Runtime\Cache\cfdd517e0d671e92ae3da660d3de2eb0.php 第 17 行.
NOTIC: [8] Use of undefined constant index - assumed 'index' D:\xampp\htdocs\MyStage\Home\Runtime\Cache\cfdd517e0d671e92ae3da660d3de2eb0.php 第 20 行.
NOTIC: [8] Use of undefined constant monkey - assumed 'monkey' D:\xampp\htdocs\MyStage\Home\Runtime\Cache\cfdd517e0d671e92ae3da660d3de2eb0.php 第 23 行.
NOTIC: [8] Use of undefined constant essay - assumed 'essay' D:\xampp\htdocs\MyStage\Home\Runtime\Cache\cfdd517e0d671e92ae3da660d3de2eb0.php 第 26 行.
NOTIC: [8] Use of undefined constant enshrine - assumed 'enshrine' D:\xampp\htdocs\MyStage\Home\Runtime\Cache\cfdd517e0d671e92ae3da660d3de2eb0.php 第 29 行.
NOTIC: [8] Use of undefined constant about - assumed 'about' D:\xampp\htdocs\MyStage\Home\Runtime\Cache\cfdd517e0d671e92ae3da660d3de2eb0.php 第 32 行.
NOTIC: [8] Use of undefined constant blog_details - assumed 'blog_details' D:\xampp\htdocs\MyStage\Home\Runtime\Cache\cfdd517e0d671e92ae3da660d3de2eb0.php 第 58 行.
NOTIC: [8] Use of undefined constant blog_details - assumed 'blog_details' D:\xampp\htdocs\MyStage\Home\Runtime\Cache\cfdd517e0d671e92ae3da660d3de2eb0.php 第 71 行.
NOTIC: [8] Use of undefined constant blog_details - assumed 'blog_details' D:\xampp\htdocs\MyStage\Home\Runtime\Cache\cfdd517e0d671e92ae3da660d3de2eb0.php 第 58 行.
NOTIC: [8] Use of undefined constant blog_details - assumed 'blog_details' D:\xampp\htdocs\MyStage\Home\Runtime\Cache\cfdd517e0d671e92ae3da660d3de2eb0.php 第 71 行.
NOTIC: [8] Use of undefined constant blog_details - assumed 'blog_details' D:\xampp\htdocs\MyStage\Home\Runtime\Cache\cfdd517e0d671e92ae3da660d3de2eb0.php 第 58 行.
NOTIC: [8] Use of undefined constant blog_details - assumed 'blog_details' D:\xampp\htdocs\MyStage\Home\Runtime\Cache\cfdd517e0d671e92ae3da660d3de2eb0.php 第 71 行.
NOTIC: [8] Use of undefined constant blog_details - assumed 'blog_details' D:\xampp\htdocs\MyStage\Home\Runtime\Cache\cfdd517e0d671e92ae3da660d3de2eb0.php 第 58 行.
NOTIC: [8] Use of undefined constant blog_details - assumed 'blog_details' D:\xampp\htdocs\MyStage\Home\Runtime\Cache\cfdd517e0d671e92ae3da660d3de2eb0.php 第 71 行.
NOTIC: [8] Use of undefined constant blog_details - assumed 'blog_details' D:\xampp\htdocs\MyStage\Home\Runtime\Cache\cfdd517e0d671e92ae3da660d3de2eb0.php 第 58 行.
NOTIC: [8] Use of undefined constant blog_details - assumed 'blog_details' D:\xampp\htdocs\MyStage\Home\Runtime\Cache\cfdd517e0d671e92ae3da660d3de2eb0.php 第 71 行.
NOTIC: [8] Use of undefined constant blog_details - assumed 'blog_details' D:\xampp\htdocs\MyStage\Home\Runtime\Cache\cfdd517e0d671e92ae3da660d3de2eb0.php 第 58 行.
NOTIC: [8] Use of undefined constant blog_details - assumed 'blog_details' D:\xampp\htdocs\MyStage\Home\Runtime\Cache\cfdd517e0d671e92ae3da660d3de2eb0.php 第 71 行.
NOTIC: [8] Use of undefined constant blog_details - assumed 'blog_details' D:\xampp\htdocs\MyStage\Home\Runtime\Cache\cfdd517e0d671e92ae3da660d3de2eb0.php 第 58 行.
NOTIC: [8] Use of undefined constant blog_details - assumed 'blog_details' D:\xampp\htdocs\MyStage\Home\Runtime\Cache\cfdd517e0d671e92ae3da660d3de2eb0.php 第 71 行.
INFO: Run ParseTemplate Behavior [ RunTime:0.010113s ]
INFO: [ view_parse ] --END-- [ RunTime:0.010157s ]
INFO: [ view_filter ] --START--
INFO: Run ContentReplace Behavior [ RunTime:0.000730s ]
INFO: Run TokenBuild Behavior [ RunTime:0.000489s ]
INFO: Run WriteHtmlCache Behavior [ RunTime:0.000435s ]
INFO: Run ShowRuntime Behavior [ RunTime:0.000739s ]
INFO: [ view_filter ] --END-- [ RunTime:0.002505s ]
INFO: [ view_end ] --START--
INFO: Run ShowPageTrace Behavior [ RunTime:0.000625s ]
INFO: [ view_end ] --END-- [ RunTime:0.000661s ]

[ 2013-05-17T00:25:41+08:00 ] 127.0.0.1 /MyStage/index.php/Blog/blog_details/blog/55
INFO: [ route_check ] --START--
INFO: Run CheckRoute Behavior [ RunTime:0.001760s ]
INFO: [ route_check ] --END-- [ RunTime:0.001922s ]
INFO: [ app_begin ] --START--
INFO: Run ReadHtmlCache Behavior [ RunTime:0.000941s ]
INFO: [ app_begin ] --END-- [ RunTime:0.001030s ]
SQL: SHOW COLUMNS FROM `mystage_blog` [ RunTime:0.004121s ]
SQL: UPDATE `mystage_blog` SET `readcount`=readcount+1 WHERE ( `id` = 55 ) [ RunTime:0.088287s ]
SQL: SELECT blog.*,topic.name AS topicname,(SELECT count(comm.id) FROM mystage_blog_comm AS comm WHERE blog.id=comm.blogid ) AS commentcount FROM mystage_blog AS blog,mystage_blog_topic AS topic WHERE blog.id=55 AND blog.topicid=topic.id [ RunTime:0.000593s ]
SQL: SHOW COLUMNS FROM `mystage_blog_comm` [ RunTime:0.002619s ]
SQL: SELECT * FROM `mystage_blog_comm` WHERE ( `blogid` = 55 )  [ RunTime:0.000280s ]
SQL: SELECT blog.id,blog.title,blog.inputtime FROM mystage_blog AS blog WHERE blog.status=1 AND blog.catid=1 ORDER BY inputtime DESC limit 10  [ RunTime:0.000238s ]
INFO: [ view_template ] --START--
INFO: Run LocationTemplate Behavior [ RunTime:0.000501s ]
INFO: [ view_template ] --END-- [ RunTime:0.000549s ]
INFO: [ view_parse ] --START--
NOTIC: [8] Use of undefined constant index - assumed 'index' D:\xampp\htdocs\MyStage\Home\Runtime\Cache\099acdf128154d6cd2d2551568af1971.php 第 22 行.
NOTIC: [8] Use of undefined constant index - assumed 'index' D:\xampp\htdocs\MyStage\Home\Runtime\Cache\099acdf128154d6cd2d2551568af1971.php 第 25 行.
NOTIC: [8] Use of undefined constant monkey - assumed 'monkey' D:\xampp\htdocs\MyStage\Home\Runtime\Cache\099acdf128154d6cd2d2551568af1971.php 第 28 行.
NOTIC: [8] Use of undefined constant essay - assumed 'essay' D:\xampp\htdocs\MyStage\Home\Runtime\Cache\099acdf128154d6cd2d2551568af1971.php 第 31 行.
NOTIC: [8] Use of undefined constant enshrine - assumed 'enshrine' D:\xampp\htdocs\MyStage\Home\Runtime\Cache\099acdf128154d6cd2d2551568af1971.php 第 34 行.
NOTIC: [8] Use of undefined constant about - assumed 'about' D:\xampp\htdocs\MyStage\Home\Runtime\Cache\099acdf128154d6cd2d2551568af1971.php 第 37 行.
NOTIC: [8] Use of undefined constant blog_details - assumed 'blog_details' D:\xampp\htdocs\MyStage\Home\Runtime\Cache\099acdf128154d6cd2d2551568af1971.php 第 56 行.
NOTIC: [8] Use of undefined constant blog_details - assumed 'blog_details' D:\xampp\htdocs\MyStage\Home\Runtime\Cache\099acdf128154d6cd2d2551568af1971.php 第 56 行.
NOTIC: [8] Use of undefined constant blog_details - assumed 'blog_details' D:\xampp\htdocs\MyStage\Home\Runtime\Cache\099acdf128154d6cd2d2551568af1971.php 第 56 行.
NOTIC: [8] Use of undefined constant blog_details - assumed 'blog_details' D:\xampp\htdocs\MyStage\Home\Runtime\Cache\099acdf128154d6cd2d2551568af1971.php 第 56 行.
NOTIC: [8] Use of undefined constant addComm - assumed 'addComm' D:\xampp\htdocs\MyStage\Home\Runtime\Cache\099acdf128154d6cd2d2551568af1971.php 第 103 行.
INFO: Run ParseTemplate Behavior [ RunTime:0.010649s ]
INFO: [ view_parse ] --END-- [ RunTime:0.010693s ]
INFO: [ view_filter ] --START--
INFO: Run ContentReplace Behavior [ RunTime:0.000407s ]
INFO: Run TokenBuild Behavior [ RunTime:0.000335s ]
INFO: Run WriteHtmlCache Behavior [ RunTime:0.000229s ]
INFO: Run ShowRuntime Behavior [ RunTime:0.000619s ]
INFO: [ view_filter ] --END-- [ RunTime:0.001700s ]
INFO: [ view_end ] --START--
INFO: Run ShowPageTrace Behavior [ RunTime:0.000641s ]
INFO: [ view_end ] --END-- [ RunTime:0.000686s ]

[ 2013-05-17T00:26:36+08:00 ] 127.0.0.1 /MyStage/index.php/Blog/blog_details/blog/55
INFO: [ route_check ] --START--
INFO: Run CheckRoute Behavior [ RunTime:0.001243s ]
INFO: [ route_check ] --END-- [ RunTime:0.001313s ]
INFO: [ app_begin ] --START--
INFO: Run ReadHtmlCache Behavior [ RunTime:0.001103s ]
INFO: [ app_begin ] --END-- [ RunTime:0.001174s ]
SQL: SHOW COLUMNS FROM `mystage_blog` [ RunTime:0.002776s ]
SQL: UPDATE `mystage_blog` SET `readcount`=readcount+1 WHERE ( `id` = 55 ) [ RunTime:0.036093s ]
SQL: SELECT blog.*,topic.name AS topicname,(SELECT count(comm.id) FROM mystage_blog_comm AS comm WHERE blog.id=comm.blogid ) AS commentcount FROM mystage_blog AS blog,mystage_blog_topic AS topic WHERE blog.id=55 AND blog.topicid=topic.id [ RunTime:0.000908s ]
SQL: SHOW COLUMNS FROM `mystage_blog_comm` [ RunTime:0.002338s ]
SQL: SELECT * FROM `mystage_blog_comm` WHERE ( `blogid` = 55 )  [ RunTime:0.000323s ]
SQL: SELECT blog.id,blog.title,blog.inputtime FROM mystage_blog AS blog WHERE blog.status=1 AND blog.catid=1 ORDER BY inputtime DESC limit 10  [ RunTime:0.000278s ]
INFO: [ view_template ] --START--
INFO: Run LocationTemplate Behavior [ RunTime:0.001303s ]
INFO: [ view_template ] --END-- [ RunTime:0.001349s ]
INFO: [ view_parse ] --START--
NOTIC: [8] Use of undefined constant index - assumed 'index' D:\xampp\htdocs\MyStage\Home\Runtime\Cache\099acdf128154d6cd2d2551568af1971.php 第 22 行.
NOTIC: [8] Use of undefined constant index - assumed 'index' D:\xampp\htdocs\MyStage\Home\Runtime\Cache\099acdf128154d6cd2d2551568af1971.php 第 25 行.
NOTIC: [8] Use of undefined constant monkey - assumed 'monkey' D:\xampp\htdocs\MyStage\Home\Runtime\Cache\099acdf128154d6cd2d2551568af1971.php 第 28 行.
NOTIC: [8] Use of undefined constant essay - assumed 'essay' D:\xampp\htdocs\MyStage\Home\Runtime\Cache\099acdf128154d6cd2d2551568af1971.php 第 31 行.
NOTIC: [8] Use of undefined constant enshrine - assumed 'enshrine' D:\xampp\htdocs\MyStage\Home\Runtime\Cache\099acdf128154d6cd2d2551568af1971.php 第 34 行.
NOTIC: [8] Use of undefined constant about - assumed 'about' D:\xampp\htdocs\MyStage\Home\Runtime\Cache\099acdf128154d6cd2d2551568af1971.php 第 37 行.
NOTIC: [8] Use of undefined constant blog_details - assumed 'blog_details' D:\xampp\htdocs\MyStage\Home\Runtime\Cache\099acdf128154d6cd2d2551568af1971.php 第 56 行.
NOTIC: [8] Use of undefined constant blog_details - assumed 'blog_details' D:\xampp\htdocs\MyStage\Home\Runtime\Cache\099acdf128154d6cd2d2551568af1971.php 第 56 行.
NOTIC: [8] Use of undefined constant blog_details - assumed 'blog_details' D:\xampp\htdocs\MyStage\Home\Runtime\Cache\099acdf128154d6cd2d2551568af1971.php 第 56 行.
NOTIC: [8] Use of undefined constant blog_details - assumed 'blog_details' D:\xampp\htdocs\MyStage\Home\Runtime\Cache\099acdf128154d6cd2d2551568af1971.php 第 56 行.
NOTIC: [8] Use of undefined constant addComm - assumed 'addComm' D:\xampp\htdocs\MyStage\Home\Runtime\Cache\099acdf128154d6cd2d2551568af1971.php 第 103 行.
INFO: Run ParseTemplate Behavior [ RunTime:0.011440s ]
INFO: [ view_parse ] --END-- [ RunTime:0.011484s ]
INFO: [ view_filter ] --START--
INFO: Run ContentReplace Behavior [ RunTime:0.000644s ]
INFO: Run TokenBuild Behavior [ RunTime:0.000477s ]
INFO: Run WriteHtmlCache Behavior [ RunTime:0.000402s ]
INFO: Run ShowRuntime Behavior [ RunTime:0.000694s ]
INFO: [ view_filter ] --END-- [ RunTime:0.002339s ]
INFO: [ view_end ] --START--
INFO: Run ShowPageTrace Behavior [ RunTime:0.000637s ]
INFO: [ view_end ] --END-- [ RunTime:0.000673s ]

[ 2013-05-17T00:28:06+08:00 ] 127.0.0.1 /MyStage/index.php/Blog/index
INFO: [ route_check ] --START--
INFO: Run CheckRoute Behavior [ RunTime:0.042954s ]
INFO: [ route_check ] --END-- [ RunTime:0.043065s ]
INFO: [ app_begin ] --START--
INFO: Run ReadHtmlCache Behavior [ RunTime:0.013697s ]
INFO: [ app_begin ] --END-- [ RunTime:0.013793s ]
SQL: SHOW COLUMNS FROM `mystage_blog` [ RunTime:0.002816s ]
SQL: SELECT blog.id,blog.inputtime,blog.title,blog.catid,blog.content,blog.readcount,topic.name AS topicname ,(SELECT count(comm.id) FROM mystage_blog_comm AS comm WHERE blog.id=comm.blogid ) AS commentcount 
		FROM mystage_blog AS blog ,mystage_blog_topic AS topic 
		WHERE blog.status=1 AND blog.topicid=topic.id 
		ORDER BY updatetime DESC [ RunTime:0.002510s ]
INFO: [ view_template ] --START--
INFO: Run LocationTemplate Behavior [ RunTime:0.019992s ]
INFO: [ view_template ] --END-- [ RunTime:0.020051s ]
INFO: [ view_parse ] --START--
NOTIC: [8] Use of undefined constant index - assumed 'index' D:\xampp\htdocs\MyStage\Home\Runtime\Cache\cfdd517e0d671e92ae3da660d3de2eb0.php 第 17 行.
NOTIC: [8] Use of undefined constant index - assumed 'index' D:\xampp\htdocs\MyStage\Home\Runtime\Cache\cfdd517e0d671e92ae3da660d3de2eb0.php 第 20 行.
NOTIC: [8] Use of undefined constant monkey - assumed 'monkey' D:\xampp\htdocs\MyStage\Home\Runtime\Cache\cfdd517e0d671e92ae3da660d3de2eb0.php 第 23 行.
NOTIC: [8] Use of undefined constant essay - assumed 'essay' D:\xampp\htdocs\MyStage\Home\Runtime\Cache\cfdd517e0d671e92ae3da660d3de2eb0.php 第 26 行.
NOTIC: [8] Use of undefined constant enshrine - assumed 'enshrine' D:\xampp\htdocs\MyStage\Home\Runtime\Cache\cfdd517e0d671e92ae3da660d3de2eb0.php 第 29 行.
NOTIC: [8] Use of undefined constant about - assumed 'about' D:\xampp\htdocs\MyStage\Home\Runtime\Cache\cfdd517e0d671e92ae3da660d3de2eb0.php 第 32 行.
NOTIC: [8] Use of undefined constant blog_details - assumed 'blog_details' D:\xampp\htdocs\MyStage\Home\Runtime\Cache\cfdd517e0d671e92ae3da660d3de2eb0.php 第 58 行.
NOTIC: [8] Use of undefined constant blog_details - assumed 'blog_details' D:\xampp\htdocs\MyStage\Home\Runtime\Cache\cfdd517e0d671e92ae3da660d3de2eb0.php 第 71 行.
NOTIC: [8] Use of undefined constant blog_details - assumed 'blog_details' D:\xampp\htdocs\MyStage\Home\Runtime\Cache\cfdd517e0d671e92ae3da660d3de2eb0.php 第 58 行.
NOTIC: [8] Use of undefined constant blog_details - assumed 'blog_details' D:\xampp\htdocs\MyStage\Home\Runtime\Cache\cfdd517e0d671e92ae3da660d3de2eb0.php 第 71 行.
NOTIC: [8] Use of undefined constant blog_details - assumed 'blog_details' D:\xampp\htdocs\MyStage\Home\Runtime\Cache\cfdd517e0d671e92ae3da660d3de2eb0.php 第 58 行.
NOTIC: [8] Use of undefined constant blog_details - assumed 'blog_details' D:\xampp\htdocs\MyStage\Home\Runtime\Cache\cfdd517e0d671e92ae3da660d3de2eb0.php 第 71 行.
NOTIC: [8] Use of undefined constant blog_details - assumed 'blog_details' D:\xampp\htdocs\MyStage\Home\Runtime\Cache\cfdd517e0d671e92ae3da660d3de2eb0.php 第 58 行.
NOTIC: [8] Use of undefined constant blog_details - assumed 'blog_details' D:\xampp\htdocs\MyStage\Home\Runtime\Cache\cfdd517e0d671e92ae3da660d3de2eb0.php 第 71 行.
NOTIC: [8] Use of undefined constant blog_details - assumed 'blog_details' D:\xampp\htdocs\MyStage\Home\Runtime\Cache\cfdd517e0d671e92ae3da660d3de2eb0.php 第 58 行.
NOTIC: [8] Use of undefined constant blog_details - assumed 'blog_details' D:\xampp\htdocs\MyStage\Home\Runtime\Cache\cfdd517e0d671e92ae3da660d3de2eb0.php 第 71 行.
NOTIC: [8] Use of undefined constant blog_details - assumed 'blog_details' D:\xampp\htdocs\MyStage\Home\Runtime\Cache\cfdd517e0d671e92ae3da660d3de2eb0.php 第 58 行.
NOTIC: [8] Use of undefined constant blog_details - assumed 'blog_details' D:\xampp\htdocs\MyStage\Home\Runtime\Cache\cfdd517e0d671e92ae3da660d3de2eb0.php 第 71 行.
NOTIC: [8] Use of undefined constant blog_details - assumed 'blog_details' D:\xampp\htdocs\MyStage\Home\Runtime\Cache\cfdd517e0d671e92ae3da660d3de2eb0.php 第 58 行.
NOTIC: [8] Use of undefined constant blog_details - assumed 'blog_details' D:\xampp\htdocs\MyStage\Home\Runtime\Cache\cfdd517e0d671e92ae3da660d3de2eb0.php 第 71 行.
INFO: Run ParseTemplate Behavior [ RunTime:0.107033s ]
INFO: [ view_parse ] --END-- [ RunTime:0.107078s ]
INFO: [ view_filter ] --START--
INFO: Run ContentReplace Behavior [ RunTime:0.001037s ]
INFO: Run TokenBuild Behavior [ RunTime:0.000695s ]
INFO: Run WriteHtmlCache Behavior [ RunTime:0.000775s ]
INFO: Run ShowRuntime Behavior [ RunTime:0.001164s ]
INFO: [ view_filter ] --END-- [ RunTime:0.003791s ]
INFO: [ view_end ] --START--
INFO: Run ShowPageTrace Behavior [ RunTime:0.015941s ]
INFO: [ view_end ] --END-- [ RunTime:0.015994s ]

[ 2013-05-17T00:28:11+08:00 ] 127.0.0.1 /MyStage/index.php/Blog/blog_details/blog/55
INFO: [ route_check ] --START--
INFO: Run CheckRoute Behavior [ RunTime:0.002230s ]
INFO: [ route_check ] --END-- [ RunTime:0.002450s ]
INFO: [ app_begin ] --START--
INFO: Run ReadHtmlCache Behavior [ RunTime:0.001626s ]
INFO: [ app_begin ] --END-- [ RunTime:0.001764s ]
SQL: SHOW COLUMNS FROM `mystage_blog` [ RunTime:0.005151s ]
SQL: UPDATE `mystage_blog` SET `readcount`=readcount+1 WHERE ( `id` = 55 ) [ RunTime:0.235428s ]
SQL: SELECT blog.*,topic.name AS topicname,(SELECT count(comm.id) FROM mystage_blog_comm AS comm WHERE blog.id=comm.blogid ) AS commentcount FROM mystage_blog AS blog,mystage_blog_topic AS topic WHERE blog.id=55 AND blog.topicid=topic.id [ RunTime:0.000707s ]
SQL: SHOW COLUMNS FROM `mystage_blog_comm` [ RunTime:0.002823s ]
SQL: SELECT * FROM `mystage_blog_comm` WHERE ( `blogid` = 55 )  [ RunTime:0.000372s ]
SQL: SELECT blog.id,blog.title,blog.inputtime FROM mystage_blog AS blog WHERE blog.status=1 AND blog.catid=1 ORDER BY inputtime DESC limit 10  [ RunTime:0.000287s ]
INFO: [ view_template ] --START--
INFO: Run LocationTemplate Behavior [ RunTime:0.000986s ]
INFO: [ view_template ] --END-- [ RunTime:0.001041s ]
INFO: [ view_parse ] --START--
NOTIC: [8] Use of undefined constant index - assumed 'index' D:\xampp\htdocs\MyStage\Home\Runtime\Cache\099acdf128154d6cd2d2551568af1971.php 第 22 行.
NOTIC: [8] Use of undefined constant index - assumed 'index' D:\xampp\htdocs\MyStage\Home\Runtime\Cache\099acdf128154d6cd2d2551568af1971.php 第 25 行.
NOTIC: [8] Use of undefined constant monkey - assumed 'monkey' D:\xampp\htdocs\MyStage\Home\Runtime\Cache\099acdf128154d6cd2d2551568af1971.php 第 28 行.
NOTIC: [8] Use of undefined constant essay - assumed 'essay' D:\xampp\htdocs\MyStage\Home\Runtime\Cache\099acdf128154d6cd2d2551568af1971.php 第 31 行.
NOTIC: [8] Use of undefined constant enshrine - assumed 'enshrine' D:\xampp\htdocs\MyStage\Home\Runtime\Cache\099acdf128154d6cd2d2551568af1971.php 第 34 行.
NOTIC: [8] Use of undefined constant about - assumed 'about' D:\xampp\htdocs\MyStage\Home\Runtime\Cache\099acdf128154d6cd2d2551568af1971.php 第 37 行.
NOTIC: [8] Use of undefined constant blog_details - assumed 'blog_details' D:\xampp\htdocs\MyStage\Home\Runtime\Cache\099acdf128154d6cd2d2551568af1971.php 第 56 行.
NOTIC: [8] Use of undefined constant blog_details - assumed 'blog_details' D:\xampp\htdocs\MyStage\Home\Runtime\Cache\099acdf128154d6cd2d2551568af1971.php 第 56 行.
NOTIC: [8] Use of undefined constant blog_details - assumed 'blog_details' D:\xampp\htdocs\MyStage\Home\Runtime\Cache\099acdf128154d6cd2d2551568af1971.php 第 56 行.
NOTIC: [8] Use of undefined constant blog_details - assumed 'blog_details' D:\xampp\htdocs\MyStage\Home\Runtime\Cache\099acdf128154d6cd2d2551568af1971.php 第 56 行.
NOTIC: [8] Use of undefined constant addComm - assumed 'addComm' D:\xampp\htdocs\MyStage\Home\Runtime\Cache\099acdf128154d6cd2d2551568af1971.php 第 103 行.
INFO: Run ParseTemplate Behavior [ RunTime:0.045653s ]
INFO: [ view_parse ] --END-- [ RunTime:0.045698s ]
INFO: [ view_filter ] --START--
INFO: Run ContentReplace Behavior [ RunTime:0.000380s ]
INFO: Run TokenBuild Behavior [ RunTime:0.000319s ]
INFO: Run WriteHtmlCache Behavior [ RunTime:0.000242s ]
INFO: Run ShowRuntime Behavior [ RunTime:0.000412s ]
INFO: [ view_filter ] --END-- [ RunTime:0.001458s ]
INFO: [ view_end ] --START--
INFO: Run ShowPageTrace Behavior [ RunTime:0.000497s ]
INFO: [ view_end ] --END-- [ RunTime:0.000534s ]

[ 2013-05-17T00:28:39+08:00 ] 127.0.0.1 /MyStage/index.php/Blog/blog_details/blog/55
INFO: [ route_check ] --START--
INFO: Run CheckRoute Behavior [ RunTime:0.021157s ]
INFO: [ route_check ] --END-- [ RunTime:0.021236s ]
INFO: [ app_begin ] --START--
INFO: Run ReadHtmlCache Behavior [ RunTime:0.013101s ]
INFO: [ app_begin ] --END-- [ RunTime:0.013173s ]
SQL: SHOW COLUMNS FROM `mystage_blog` [ RunTime:0.012017s ]
SQL: UPDATE `mystage_blog` SET `readcount`=readcount+1 WHERE ( `id` = 55 ) [ RunTime:0.024810s ]
SQL: SELECT blog.*,topic.name AS topicname,(SELECT count(comm.id) FROM mystage_blog_comm AS comm WHERE blog.id=comm.blogid ) AS commentcount FROM mystage_blog AS blog,mystage_blog_topic AS topic WHERE blog.id=55 AND blog.topicid=topic.id [ RunTime:0.000600s ]
SQL: SHOW COLUMNS FROM `mystage_blog_comm` [ RunTime:0.002696s ]
SQL: SELECT * FROM `mystage_blog_comm` WHERE ( `blogid` = 55 )  [ RunTime:0.000296s ]
SQL: SELECT blog.id,blog.title,blog.inputtime FROM mystage_blog AS blog WHERE blog.status=1 AND blog.catid=1 ORDER BY inputtime DESC limit 10  [ RunTime:0.000245s ]
INFO: [ view_template ] --START--
INFO: Run LocationTemplate Behavior [ RunTime:0.016502s ]
INFO: [ view_template ] --END-- [ RunTime:0.016559s ]
INFO: [ view_parse ] --START--
NOTIC: [8] Use of undefined constant index - assumed 'index' D:\xampp\htdocs\MyStage\Home\Runtime\Cache\099acdf128154d6cd2d2551568af1971.php 第 22 行.
NOTIC: [8] Use of undefined constant index - assumed 'index' D:\xampp\htdocs\MyStage\Home\Runtime\Cache\099acdf128154d6cd2d2551568af1971.php 第 25 行.
NOTIC: [8] Use of undefined constant monkey - assumed 'monkey' D:\xampp\htdocs\MyStage\Home\Runtime\Cache\099acdf128154d6cd2d2551568af1971.php 第 28 行.
NOTIC: [8] Use of undefined constant essay - assumed 'essay' D:\xampp\htdocs\MyStage\Home\Runtime\Cache\099acdf128154d6cd2d2551568af1971.php 第 31 行.
NOTIC: [8] Use of undefined constant enshrine - assumed 'enshrine' D:\xampp\htdocs\MyStage\Home\Runtime\Cache\099acdf128154d6cd2d2551568af1971.php 第 34 行.
NOTIC: [8] Use of undefined constant about - assumed 'about' D:\xampp\htdocs\MyStage\Home\Runtime\Cache\099acdf128154d6cd2d2551568af1971.php 第 37 行.
NOTIC: [8] Use of undefined constant blog_details - assumed 'blog_details' D:\xampp\htdocs\MyStage\Home\Runtime\Cache\099acdf128154d6cd2d2551568af1971.php 第 56 行.
NOTIC: [8] Use of undefined constant blog_details - assumed 'blog_details' D:\xampp\htdocs\MyStage\Home\Runtime\Cache\099acdf128154d6cd2d2551568af1971.php 第 56 行.
NOTIC: [8] Use of undefined constant blog_details - assumed 'blog_details' D:\xampp\htdocs\MyStage\Home\Runtime\Cache\099acdf128154d6cd2d2551568af1971.php 第 56 行.
NOTIC: [8] Use of undefined constant blog_details - assumed 'blog_details' D:\xampp\htdocs\MyStage\Home\Runtime\Cache\099acdf128154d6cd2d2551568af1971.php 第 56 行.
NOTIC: [8] Use of undefined constant addComm - assumed 'addComm' D:\xampp\htdocs\MyStage\Home\Runtime\Cache\099acdf128154d6cd2d2551568af1971.php 第 103 行.
INFO: Run ParseTemplate Behavior [ RunTime:0.070759s ]
INFO: [ view_parse ] --END-- [ RunTime:0.070806s ]
INFO: [ view_filter ] --START--
INFO: Run ContentReplace Behavior [ RunTime:0.001272s ]
INFO: Run TokenBuild Behavior [ RunTime:0.001127s ]
INFO: Run WriteHtmlCache Behavior [ RunTime:0.000978s ]
INFO: Run ShowRuntime Behavior [ RunTime:0.001421s ]
INFO: [ view_filter ] --END-- [ RunTime:0.005000s ]
INFO: [ view_end ] --START--
INFO: Run ShowPageTrace Behavior [ RunTime:0.018260s ]
INFO: [ view_end ] --END-- [ RunTime:0.018322s ]

[ 2013-05-17T00:28:41+08:00 ] 127.0.0.1 /MyStage/index.php/Blog/blog_details/blog/55
INFO: [ route_check ] --START--
INFO: Run CheckRoute Behavior [ RunTime:0.000590s ]
INFO: [ route_check ] --END-- [ RunTime:0.000650s ]
INFO: [ app_begin ] --START--
INFO: Run ReadHtmlCache Behavior [ RunTime:0.000457s ]
INFO: [ app_begin ] --END-- [ RunTime:0.000496s ]
SQL: SHOW COLUMNS FROM `mystage_blog` [ RunTime:0.002694s ]
SQL: UPDATE `mystage_blog` SET `readcount`=readcount+1 WHERE ( `id` = 55 ) [ RunTime:0.081157s ]
SQL: SELECT blog.*,topic.name AS topicname,(SELECT count(comm.id) FROM mystage_blog_comm AS comm WHERE blog.id=comm.blogid ) AS commentcount FROM mystage_blog AS blog,mystage_blog_topic AS topic WHERE blog.id=55 AND blog.topicid=topic.id [ RunTime:0.000526s ]
SQL: SHOW COLUMNS FROM `mystage_blog_comm` [ RunTime:0.002344s ]
SQL: SELECT * FROM `mystage_blog_comm` WHERE ( `blogid` = 55 )  [ RunTime:0.000276s ]
SQL: SELECT blog.id,blog.title,blog.inputtime FROM mystage_blog AS blog WHERE blog.status=1 AND blog.catid=1 ORDER BY inputtime DESC limit 10  [ RunTime:0.000251s ]
INFO: [ view_template ] --START--
INFO: Run LocationTemplate Behavior [ RunTime:0.000656s ]
INFO: [ view_template ] --END-- [ RunTime:0.000718s ]
INFO: [ view_parse ] --START--
NOTIC: [8] Use of undefined constant index - assumed 'index' D:\xampp\htdocs\MyStage\Home\Runtime\Cache\099acdf128154d6cd2d2551568af1971.php 第 22 行.
NOTIC: [8] Use of undefined constant index - assumed 'index' D:\xampp\htdocs\MyStage\Home\Runtime\Cache\099acdf128154d6cd2d2551568af1971.php 第 25 行.
NOTIC: [8] Use of undefined constant monkey - assumed 'monkey' D:\xampp\htdocs\MyStage\Home\Runtime\Cache\099acdf128154d6cd2d2551568af1971.php 第 28 行.
NOTIC: [8] Use of undefined constant essay - assumed 'essay' D:\xampp\htdocs\MyStage\Home\Runtime\Cache\099acdf128154d6cd2d2551568af1971.php 第 31 行.
NOTIC: [8] Use of undefined constant enshrine - assumed 'enshrine' D:\xampp\htdocs\MyStage\Home\Runtime\Cache\099acdf128154d6cd2d2551568af1971.php 第 34 行.
NOTIC: [8] Use of undefined constant about - assumed 'about' D:\xampp\htdocs\MyStage\Home\Runtime\Cache\099acdf128154d6cd2d2551568af1971.php 第 37 行.
NOTIC: [8] Use of undefined constant blog_details - assumed 'blog_details' D:\xampp\htdocs\MyStage\Home\Runtime\Cache\099acdf128154d6cd2d2551568af1971.php 第 56 行.
NOTIC: [8] Use of undefined constant blog_details - assumed 'blog_details' D:\xampp\htdocs\MyStage\Home\Runtime\Cache\099acdf128154d6cd2d2551568af1971.php 第 56 行.
NOTIC: [8] Use of undefined constant blog_details - assumed 'blog_details' D:\xampp\htdocs\MyStage\Home\Runtime\Cache\099acdf128154d6cd2d2551568af1971.php 第 56 行.
NOTIC: [8] Use of undefined constant blog_details - assumed 'blog_details' D:\xampp\htdocs\MyStage\Home\Runtime\Cache\099acdf128154d6cd2d2551568af1971.php 第 56 行.
NOTIC: [8] Use of undefined constant addComm - assumed 'addComm' D:\xampp\htdocs\MyStage\Home\Runtime\Cache\099acdf128154d6cd2d2551568af1971.php 第 103 行.
INFO: Run ParseTemplate Behavior [ RunTime:0.009728s ]
INFO: [ view_parse ] --END-- [ RunTime:0.009773s ]
INFO: [ view_filter ] --START--
INFO: Run ContentReplace Behavior [ RunTime:0.000359s ]
INFO: Run TokenBuild Behavior [ RunTime:0.000298s ]
INFO: Run WriteHtmlCache Behavior [ RunTime:0.000253s ]
INFO: Run ShowRuntime Behavior [ RunTime:0.000558s ]
INFO: [ view_filter ] --END-- [ RunTime:0.001566s ]
INFO: [ view_end ] --START--
INFO: Run ShowPageTrace Behavior [ RunTime:0.000476s ]
INFO: [ view_end ] --END-- [ RunTime:0.000508s ]

[ 2013-05-17T00:28:44+08:00 ] 127.0.0.1 /MyStage/index.php/Blog/blog_details/blog/55
INFO: [ route_check ] --START--
INFO: Run CheckRoute Behavior [ RunTime:0.001085s ]
INFO: [ route_check ] --END-- [ RunTime:0.001149s ]
INFO: [ app_begin ] --START--
INFO: Run ReadHtmlCache Behavior [ RunTime:0.000589s ]
INFO: [ app_begin ] --END-- [ RunTime:0.000635s ]
SQL: SHOW COLUMNS FROM `mystage_blog` [ RunTime:0.002606s ]
SQL: UPDATE `mystage_blog` SET `readcount`=readcount+1 WHERE ( `id` = 55 ) [ RunTime:0.083948s ]
SQL: SELECT blog.*,topic.name AS topicname,(SELECT count(comm.id) FROM mystage_blog_comm AS comm WHERE blog.id=comm.blogid ) AS commentcount FROM mystage_blog AS blog,mystage_blog_topic AS topic WHERE blog.id=55 AND blog.topicid=topic.id [ RunTime:0.000463s ]
SQL: SHOW COLUMNS FROM `mystage_blog_comm` [ RunTime:0.003361s ]
SQL: SELECT * FROM `mystage_blog_comm` WHERE ( `blogid` = 55 )  [ RunTime:0.000288s ]
SQL: SELECT blog.id,blog.title,blog.inputtime FROM mystage_blog AS blog WHERE blog.status=1 AND blog.catid=1 ORDER BY inputtime DESC limit 10  [ RunTime:0.000257s ]
INFO: [ view_template ] --START--
INFO: Run LocationTemplate Behavior [ RunTime:0.000635s ]
INFO: [ view_template ] --END-- [ RunTime:0.000688s ]
INFO: [ view_parse ] --START--
NOTIC: [8] Use of undefined constant index - assumed 'index' D:\xampp\htdocs\MyStage\Home\Runtime\Cache\099acdf128154d6cd2d2551568af1971.php 第 22 行.
NOTIC: [8] Use of undefined constant index - assumed 'index' D:\xampp\htdocs\MyStage\Home\Runtime\Cache\099acdf128154d6cd2d2551568af1971.php 第 25 行.
NOTIC: [8] Use of undefined constant monkey - assumed 'monkey' D:\xampp\htdocs\MyStage\Home\Runtime\Cache\099acdf128154d6cd2d2551568af1971.php 第 28 行.
NOTIC: [8] Use of undefined constant essay - assumed 'essay' D:\xampp\htdocs\MyStage\Home\Runtime\Cache\099acdf128154d6cd2d2551568af1971.php 第 31 行.
NOTIC: [8] Use of undefined constant enshrine - assumed 'enshrine' D:\xampp\htdocs\MyStage\Home\Runtime\Cache\099acdf128154d6cd2d2551568af1971.php 第 34 行.
NOTIC: [8] Use of undefined constant about - assumed 'about' D:\xampp\htdocs\MyStage\Home\Runtime\Cache\099acdf128154d6cd2d2551568af1971.php 第 37 行.
NOTIC: [8] Use of undefined constant blog_details - assumed 'blog_details' D:\xampp\htdocs\MyStage\Home\Runtime\Cache\099acdf128154d6cd2d2551568af1971.php 第 56 行.
NOTIC: [8] Use of undefined constant blog_details - assumed 'blog_details' D:\xampp\htdocs\MyStage\Home\Runtime\Cache\099acdf128154d6cd2d2551568af1971.php 第 56 行.
NOTIC: [8] Use of undefined constant blog_details - assumed 'blog_details' D:\xampp\htdocs\MyStage\Home\Runtime\Cache\099acdf128154d6cd2d2551568af1971.php 第 56 行.
NOTIC: [8] Use of undefined constant blog_details - assumed 'blog_details' D:\xampp\htdocs\MyStage\Home\Runtime\Cache\099acdf128154d6cd2d2551568af1971.php 第 56 行.
NOTIC: [8] Use of undefined constant addComm - assumed 'addComm' D:\xampp\htdocs\MyStage\Home\Runtime\Cache\099acdf128154d6cd2d2551568af1971.php 第 103 行.
INFO: Run ParseTemplate Behavior [ RunTime:0.010595s ]
INFO: [ view_parse ] --END-- [ RunTime:0.010638s ]
INFO: [ view_filter ] --START--
INFO: Run ContentReplace Behavior [ RunTime:0.000529s ]
INFO: Run TokenBuild Behavior [ RunTime:0.000490s ]
INFO: Run WriteHtmlCache Behavior [ RunTime:0.000664s ]
INFO: Run ShowRuntime Behavior [ RunTime:0.001049s ]
INFO: [ view_filter ] --END-- [ RunTime:0.002875s ]
INFO: [ view_end ] --START--
INFO: Run ShowPageTrace Behavior [ RunTime:0.000713s ]
INFO: [ view_end ] --END-- [ RunTime:0.000752s ]

[ 2013-05-17T00:28:51+08:00 ] 127.0.0.1 /MyStage/index.php/Blog/blog_details/blog/55
INFO: [ route_check ] --START--
INFO: Run CheckRoute Behavior [ RunTime:0.001131s ]
INFO: [ route_check ] --END-- [ RunTime:0.001211s ]
INFO: [ app_begin ] --START--
INFO: Run ReadHtmlCache Behavior [ RunTime:0.000612s ]
INFO: [ app_begin ] --END-- [ RunTime:0.000669s ]
SQL: SHOW COLUMNS FROM `mystage_blog` [ RunTime:0.002495s ]
SQL: UPDATE `mystage_blog` SET `readcount`=readcount+1 WHERE ( `id` = 55 ) [ RunTime:0.034342s ]
SQL: SELECT blog.*,topic.name AS topicname,(SELECT count(comm.id) FROM mystage_blog_comm AS comm WHERE blog.id=comm.blogid ) AS commentcount FROM mystage_blog AS blog,mystage_blog_topic AS topic WHERE blog.id=55 AND blog.topicid=topic.id [ RunTime:0.000524s ]
SQL: SHOW COLUMNS FROM `mystage_blog_comm` [ RunTime:0.002474s ]
SQL: SELECT * FROM `mystage_blog_comm` WHERE ( `blogid` = 55 )  [ RunTime:0.000257s ]
SQL: SELECT blog.id,blog.title,blog.inputtime FROM mystage_blog AS blog WHERE blog.status=1 AND blog.catid=1 ORDER BY inputtime DESC limit 10  [ RunTime:0.000222s ]
INFO: [ view_template ] --START--
INFO: Run LocationTemplate Behavior [ RunTime:0.001304s ]
INFO: [ view_template ] --END-- [ RunTime:0.001350s ]
INFO: [ view_parse ] --START--
NOTIC: [8] Use of undefined constant index - assumed 'index' D:\xampp\htdocs\MyStage\Home\Runtime\Cache\099acdf128154d6cd2d2551568af1971.php 第 22 行.
NOTIC: [8] Use of undefined constant index - assumed 'index' D:\xampp\htdocs\MyStage\Home\Runtime\Cache\099acdf128154d6cd2d2551568af1971.php 第 25 行.
NOTIC: [8] Use of undefined constant monkey - assumed 'monkey' D:\xampp\htdocs\MyStage\Home\Runtime\Cache\099acdf128154d6cd2d2551568af1971.php 第 28 行.
NOTIC: [8] Use of undefined constant essay - assumed 'essay' D:\xampp\htdocs\MyStage\Home\Runtime\Cache\099acdf128154d6cd2d2551568af1971.php 第 31 行.
NOTIC: [8] Use of undefined constant enshrine - assumed 'enshrine' D:\xampp\htdocs\MyStage\Home\Runtime\Cache\099acdf128154d6cd2d2551568af1971.php 第 34 行.
NOTIC: [8] Use of undefined constant about - assumed 'about' D:\xampp\htdocs\MyStage\Home\Runtime\Cache\099acdf128154d6cd2d2551568af1971.php 第 37 行.
NOTIC: [8] Use of undefined constant blog_details - assumed 'blog_details' D:\xampp\htdocs\MyStage\Home\Runtime\Cache\099acdf128154d6cd2d2551568af1971.php 第 56 行.
NOTIC: [8] Use of undefined constant blog_details - assumed 'blog_details' D:\xampp\htdocs\MyStage\Home\Runtime\Cache\099acdf128154d6cd2d2551568af1971.php 第 56 行.
NOTIC: [8] Use of undefined constant blog_details - assumed 'blog_details' D:\xampp\htdocs\MyStage\Home\Runtime\Cache\099acdf128154d6cd2d2551568af1971.php 第 56 行.
NOTIC: [8] Use of undefined constant blog_details - assumed 'blog_details' D:\xampp\htdocs\MyStage\Home\Runtime\Cache\099acdf128154d6cd2d2551568af1971.php 第 56 行.
NOTIC: [8] Use of undefined constant addComm - assumed 'addComm' D:\xampp\htdocs\MyStage\Home\Runtime\Cache\099acdf128154d6cd2d2551568af1971.php 第 103 行.
INFO: Run ParseTemplate Behavior [ RunTime:0.011065s ]
INFO: [ view_parse ] --END-- [ RunTime:0.011107s ]
INFO: [ view_filter ] --START--
INFO: Run ContentReplace Behavior [ RunTime:0.000547s ]
INFO: Run TokenBuild Behavior [ RunTime:0.000473s ]
INFO: Run WriteHtmlCache Behavior [ RunTime:0.000408s ]
INFO: Run ShowRuntime Behavior [ RunTime:0.000821s ]
INFO: [ view_filter ] --END-- [ RunTime:0.002359s ]
INFO: [ view_end ] --START--
INFO: Run ShowPageTrace Behavior [ RunTime:0.000655s ]
INFO: [ view_end ] --END-- [ RunTime:0.000697s ]

[ 2013-05-17T00:28:53+08:00 ] 127.0.0.1 /MyStage/index.php/Blog/blog_details/blog/55
INFO: [ route_check ] --START--
INFO: Run CheckRoute Behavior [ RunTime:0.001520s ]
INFO: [ route_check ] --END-- [ RunTime:0.001582s ]
INFO: [ app_begin ] --START--
INFO: Run ReadHtmlCache Behavior [ RunTime:0.000840s ]
INFO: [ app_begin ] --END-- [ RunTime:0.000920s ]
SQL: SHOW COLUMNS FROM `mystage_blog` [ RunTime:0.002537s ]
SQL: UPDATE `mystage_blog` SET `readcount`=readcount+1 WHERE ( `id` = 55 ) [ RunTime:0.038416s ]
SQL: SELECT blog.*,topic.name AS topicname,(SELECT count(comm.id) FROM mystage_blog_comm AS comm WHERE blog.id=comm.blogid ) AS commentcount FROM mystage_blog AS blog,mystage_blog_topic AS topic WHERE blog.id=55 AND blog.topicid=topic.id [ RunTime:0.000549s ]
SQL: SHOW COLUMNS FROM `mystage_blog_comm` [ RunTime:0.002581s ]
SQL: SELECT * FROM `mystage_blog_comm` WHERE ( `blogid` = 55 )  [ RunTime:0.000355s ]
SQL: SELECT blog.id,blog.title,blog.inputtime FROM mystage_blog AS blog WHERE blog.status=1 AND blog.catid=1 ORDER BY inputtime DESC limit 10  [ RunTime:0.000280s ]
INFO: [ view_template ] --START--
INFO: Run LocationTemplate Behavior [ RunTime:0.001030s ]
INFO: [ view_template ] --END-- [ RunTime:0.001071s ]
INFO: [ view_parse ] --START--
NOTIC: [8] Use of undefined constant index - assumed 'index' D:\xampp\htdocs\MyStage\Home\Runtime\Cache\099acdf128154d6cd2d2551568af1971.php 第 22 行.
NOTIC: [8] Use of undefined constant index - assumed 'index' D:\xampp\htdocs\MyStage\Home\Runtime\Cache\099acdf128154d6cd2d2551568af1971.php 第 25 行.
NOTIC: [8] Use of undefined constant monkey - assumed 'monkey' D:\xampp\htdocs\MyStage\Home\Runtime\Cache\099acdf128154d6cd2d2551568af1971.php 第 28 行.
NOTIC: [8] Use of undefined constant essay - assumed 'essay' D:\xampp\htdocs\MyStage\Home\Runtime\Cache\099acdf128154d6cd2d2551568af1971.php 第 31 行.
NOTIC: [8] Use of undefined constant enshrine - assumed 'enshrine' D:\xampp\htdocs\MyStage\Home\Runtime\Cache\099acdf128154d6cd2d2551568af1971.php 第 34 行.
NOTIC: [8] Use of undefined constant about - assumed 'about' D:\xampp\htdocs\MyStage\Home\Runtime\Cache\099acdf128154d6cd2d2551568af1971.php 第 37 行.
NOTIC: [8] Use of undefined constant blog_details - assumed 'blog_details' D:\xampp\htdocs\MyStage\Home\Runtime\Cache\099acdf128154d6cd2d2551568af1971.php 第 56 行.
NOTIC: [8] Use of undefined constant blog_details - assumed 'blog_details' D:\xampp\htdocs\MyStage\Home\Runtime\Cache\099acdf128154d6cd2d2551568af1971.php 第 56 行.
NOTIC: [8] Use of undefined constant blog_details - assumed 'blog_details' D:\xampp\htdocs\MyStage\Home\Runtime\Cache\099acdf128154d6cd2d2551568af1971.php 第 56 行.
NOTIC: [8] Use of undefined constant blog_details - assumed 'blog_details' D:\xampp\htdocs\MyStage\Home\Runtime\Cache\099acdf128154d6cd2d2551568af1971.php 第 56 行.
NOTIC: [8] Use of undefined constant addComm - assumed 'addComm' D:\xampp\htdocs\MyStage\Home\Runtime\Cache\099acdf128154d6cd2d2551568af1971.php 第 103 行.
INFO: Run ParseTemplate Behavior [ RunTime:0.010857s ]
INFO: [ view_parse ] --END-- [ RunTime:0.010898s ]
INFO: [ view_filter ] --START--
INFO: Run ContentReplace Behavior [ RunTime:0.000548s ]
INFO: Run TokenBuild Behavior [ RunTime:0.000493s ]
INFO: Run WriteHtmlCache Behavior [ RunTime:0.000395s ]
INFO: Run ShowRuntime Behavior [ RunTime:0.000534s ]
INFO: [ view_filter ] --END-- [ RunTime:0.002077s ]
INFO: [ view_end ] --START--
INFO: Run ShowPageTrace Behavior [ RunTime:0.000622s ]
INFO: [ view_end ] --END-- [ RunTime:0.000665s ]

[ 2013-05-17T00:29:18+08:00 ] 127.0.0.1 /MyStage/index.php/Blog/blog_details/blog/55
INFO: [ route_check ] --START--
INFO: Run CheckRoute Behavior [ RunTime:0.000571s ]
INFO: [ route_check ] --END-- [ RunTime:0.000628s ]
INFO: [ app_begin ] --START--
INFO: Run ReadHtmlCache Behavior [ RunTime:0.000411s ]
INFO: [ app_begin ] --END-- [ RunTime:0.000451s ]
SQL: SHOW COLUMNS FROM `mystage_blog` [ RunTime:0.003208s ]
SQL: UPDATE `mystage_blog` SET `readcount`=readcount+1 WHERE ( `id` = 55 ) [ RunTime:0.074055s ]
SQL: SELECT blog.*,topic.name AS topicname,(SELECT count(comm.id) FROM mystage_blog_comm AS comm WHERE blog.id=comm.blogid ) AS commentcount FROM mystage_blog AS blog,mystage_blog_topic AS topic WHERE blog.id=55 AND blog.topicid=topic.id [ RunTime:0.000516s ]
SQL: SHOW COLUMNS FROM `mystage_blog_comm` [ RunTime:0.002330s ]
SQL: SELECT * FROM `mystage_blog_comm` WHERE ( `blogid` = 55 )  [ RunTime:0.000265s ]
SQL: SELECT blog.id,blog.title,blog.inputtime FROM mystage_blog AS blog WHERE blog.status=1 AND blog.catid=1 ORDER BY inputtime DESC limit 10  [ RunTime:0.000239s ]
INFO: [ view_template ] --START--
INFO: Run LocationTemplate Behavior [ RunTime:0.000454s ]
INFO: [ view_template ] --END-- [ RunTime:0.000497s ]
INFO: [ view_parse ] --START--
NOTIC: [8] Use of undefined constant index - assumed 'index' D:\xampp\htdocs\MyStage\Home\Runtime\Cache\099acdf128154d6cd2d2551568af1971.php 第 22 行.
NOTIC: [8] Use of undefined constant index - assumed 'index' D:\xampp\htdocs\MyStage\Home\Runtime\Cache\099acdf128154d6cd2d2551568af1971.php 第 25 行.
NOTIC: [8] Use of undefined constant monkey - assumed 'monkey' D:\xampp\htdocs\MyStage\Home\Runtime\Cache\099acdf128154d6cd2d2551568af1971.php 第 28 行.
NOTIC: [8] Use of undefined constant essay - assumed 'essay' D:\xampp\htdocs\MyStage\Home\Runtime\Cache\099acdf128154d6cd2d2551568af1971.php 第 31 行.
NOTIC: [8] Use of undefined constant enshrine - assumed 'enshrine' D:\xampp\htdocs\MyStage\Home\Runtime\Cache\099acdf128154d6cd2d2551568af1971.php 第 34 行.
NOTIC: [8] Use of undefined constant about - assumed 'about' D:\xampp\htdocs\MyStage\Home\Runtime\Cache\099acdf128154d6cd2d2551568af1971.php 第 37 行.
NOTIC: [8] Use of undefined constant blog_details - assumed 'blog_details' D:\xampp\htdocs\MyStage\Home\Runtime\Cache\099acdf128154d6cd2d2551568af1971.php 第 56 行.
NOTIC: [8] Use of undefined constant blog_details - assumed 'blog_details' D:\xampp\htdocs\MyStage\Home\Runtime\Cache\099acdf128154d6cd2d2551568af1971.php 第 56 行.
NOTIC: [8] Use of undefined constant blog_details - assumed 'blog_details' D:\xampp\htdocs\MyStage\Home\Runtime\Cache\099acdf128154d6cd2d2551568af1971.php 第 56 行.
NOTIC: [8] Use of undefined constant blog_details - assumed 'blog_details' D:\xampp\htdocs\MyStage\Home\Runtime\Cache\099acdf128154d6cd2d2551568af1971.php 第 56 行.
NOTIC: [8] Use of undefined constant addComm - assumed 'addComm' D:\xampp\htdocs\MyStage\Home\Runtime\Cache\099acdf128154d6cd2d2551568af1971.php 第 103 行.
INFO: Run ParseTemplate Behavior [ RunTime:0.010017s ]
INFO: [ view_parse ] --END-- [ RunTime:0.010085s ]
INFO: [ view_filter ] --START--
INFO: Run ContentReplace Behavior [ RunTime:0.000352s ]
INFO: Run TokenBuild Behavior [ RunTime:0.000298s ]
INFO: Run WriteHtmlCache Behavior [ RunTime:0.000255s ]
INFO: Run ShowRuntime Behavior [ RunTime:0.000578s ]
INFO: [ view_filter ] --END-- [ RunTime:0.001594s ]
INFO: [ view_end ] --START--
INFO: Run ShowPageTrace Behavior [ RunTime:0.000543s ]
INFO: [ view_end ] --END-- [ RunTime:0.000596s ]

[ 2013-05-17T00:29:21+08:00 ] 127.0.0.1 /MyStage/index.php/Blog/blog_details/blog/55
INFO: [ route_check ] --START--
INFO: Run CheckRoute Behavior [ RunTime:0.000565s ]
INFO: [ route_check ] --END-- [ RunTime:0.000638s ]
INFO: [ app_begin ] --START--
INFO: Run ReadHtmlCache Behavior [ RunTime:0.000414s ]
INFO: [ app_begin ] --END-- [ RunTime:0.000453s ]
SQL: SHOW COLUMNS FROM `mystage_blog` [ RunTime:0.002614s ]
SQL: UPDATE `mystage_blog` SET `readcount`=readcount+1 WHERE ( `id` = 55 ) [ RunTime:0.116695s ]
SQL: SELECT blog.*,topic.name AS topicname,(SELECT count(comm.id) FROM mystage_blog_comm AS comm WHERE blog.id=comm.blogid ) AS commentcount FROM mystage_blog AS blog,mystage_blog_topic AS topic WHERE blog.id=55 AND blog.topicid=topic.id [ RunTime:0.000526s ]
SQL: SHOW COLUMNS FROM `mystage_blog_comm` [ RunTime:0.002563s ]
SQL: SELECT * FROM `mystage_blog_comm` WHERE ( `blogid` = 55 )  [ RunTime:0.000343s ]
SQL: SELECT blog.id,blog.title,blog.inputtime FROM mystage_blog AS blog WHERE blog.status=1 AND blog.catid=1 ORDER BY inputtime DESC limit 10  [ RunTime:0.000282s ]
INFO: [ view_template ] --START--
INFO: Run LocationTemplate Behavior [ RunTime:0.000474s ]
INFO: [ view_template ] --END-- [ RunTime:0.000518s ]
INFO: [ view_parse ] --START--
NOTIC: [8] Use of undefined constant index - assumed 'index' D:\xampp\htdocs\MyStage\Home\Runtime\Cache\099acdf128154d6cd2d2551568af1971.php 第 22 行.
NOTIC: [8] Use of undefined constant index - assumed 'index' D:\xampp\htdocs\MyStage\Home\Runtime\Cache\099acdf128154d6cd2d2551568af1971.php 第 25 行.
NOTIC: [8] Use of undefined constant monkey - assumed 'monkey' D:\xampp\htdocs\MyStage\Home\Runtime\Cache\099acdf128154d6cd2d2551568af1971.php 第 28 行.
NOTIC: [8] Use of undefined constant essay - assumed 'essay' D:\xampp\htdocs\MyStage\Home\Runtime\Cache\099acdf128154d6cd2d2551568af1971.php 第 31 行.
NOTIC: [8] Use of undefined constant enshrine - assumed 'enshrine' D:\xampp\htdocs\MyStage\Home\Runtime\Cache\099acdf128154d6cd2d2551568af1971.php 第 34 行.
NOTIC: [8] Use of undefined constant about - assumed 'about' D:\xampp\htdocs\MyStage\Home\Runtime\Cache\099acdf128154d6cd2d2551568af1971.php 第 37 行.
NOTIC: [8] Use of undefined constant blog_details - assumed 'blog_details' D:\xampp\htdocs\MyStage\Home\Runtime\Cache\099acdf128154d6cd2d2551568af1971.php 第 56 行.
NOTIC: [8] Use of undefined constant blog_details - assumed 'blog_details' D:\xampp\htdocs\MyStage\Home\Runtime\Cache\099acdf128154d6cd2d2551568af1971.php 第 56 行.
NOTIC: [8] Use of undefined constant blog_details - assumed 'blog_details' D:\xampp\htdocs\MyStage\Home\Runtime\Cache\099acdf128154d6cd2d2551568af1971.php 第 56 行.
NOTIC: [8] Use of undefined constant blog_details - assumed 'blog_details' D:\xampp\htdocs\MyStage\Home\Runtime\Cache\099acdf128154d6cd2d2551568af1971.php 第 56 行.
NOTIC: [8] Use of undefined constant addComm - assumed 'addComm' D:\xampp\htdocs\MyStage\Home\Runtime\Cache\099acdf128154d6cd2d2551568af1971.php 第 103 行.
INFO: Run ParseTemplate Behavior [ RunTime:0.010239s ]
INFO: [ view_parse ] --END-- [ RunTime:0.010284s ]
INFO: [ view_filter ] --START--
INFO: Run ContentReplace Behavior [ RunTime:0.000399s ]
INFO: Run TokenBuild Behavior [ RunTime:0.000329s ]
INFO: Run WriteHtmlCache Behavior [ RunTime:0.000244s ]
INFO: Run ShowRuntime Behavior [ RunTime:0.000626s ]
INFO: [ view_filter ] --END-- [ RunTime:0.001704s ]
INFO: [ view_end ] --START--
INFO: Run ShowPageTrace Behavior [ RunTime:0.000481s ]
INFO: [ view_end ] --END-- [ RunTime:0.000516s ]

[ 2013-05-17T00:29:57+08:00 ] 127.0.0.1 /MyStage/index.php/Blog/blog_details/blog/55
INFO: [ route_check ] --START--
INFO: Run CheckRoute Behavior [ RunTime:0.000617s ]
INFO: [ route_check ] --END-- [ RunTime:0.000675s ]
INFO: [ app_begin ] --START--
INFO: Run ReadHtmlCache Behavior [ RunTime:0.000411s ]
INFO: [ app_begin ] --END-- [ RunTime:0.000458s ]
SQL: SHOW COLUMNS FROM `mystage_blog` [ RunTime:0.002648s ]
SQL: UPDATE `mystage_blog` SET `readcount`=readcount+1 WHERE ( `id` = 55 ) [ RunTime:0.080747s ]
SQL: SELECT blog.*,topic.name AS topicname,(SELECT count(comm.id) FROM mystage_blog_comm AS comm WHERE blog.id=comm.blogid ) AS commentcount FROM mystage_blog AS blog,mystage_blog_topic AS topic WHERE blog.id=55 AND blog.topicid=topic.id [ RunTime:0.000530s ]
SQL: SHOW COLUMNS FROM `mystage_blog_comm` [ RunTime:0.002371s ]
SQL: SELECT * FROM `mystage_blog_comm` WHERE ( `blogid` = 55 )  [ RunTime:0.000279s ]
SQL: SELECT blog.id,blog.title,blog.inputtime FROM mystage_blog AS blog WHERE blog.status=1 AND blog.catid=1 ORDER BY inputtime DESC limit 10  [ RunTime:0.000256s ]
INFO: [ view_template ] --START--
INFO: Run LocationTemplate Behavior [ RunTime:0.001117s ]
INFO: [ view_template ] --END-- [ RunTime:0.001162s ]
INFO: [ view_parse ] --START--
NOTIC: [8] Use of undefined constant index - assumed 'index' D:\xampp\htdocs\MyStage\Home\Runtime\Cache\099acdf128154d6cd2d2551568af1971.php 第 22 行.
NOTIC: [8] Use of undefined constant index - assumed 'index' D:\xampp\htdocs\MyStage\Home\Runtime\Cache\099acdf128154d6cd2d2551568af1971.php 第 25 行.
NOTIC: [8] Use of undefined constant monkey - assumed 'monkey' D:\xampp\htdocs\MyStage\Home\Runtime\Cache\099acdf128154d6cd2d2551568af1971.php 第 28 行.
NOTIC: [8] Use of undefined constant essay - assumed 'essay' D:\xampp\htdocs\MyStage\Home\Runtime\Cache\099acdf128154d6cd2d2551568af1971.php 第 31 行.
NOTIC: [8] Use of undefined constant enshrine - assumed 'enshrine' D:\xampp\htdocs\MyStage\Home\Runtime\Cache\099acdf128154d6cd2d2551568af1971.php 第 34 行.
NOTIC: [8] Use of undefined constant about - assumed 'about' D:\xampp\htdocs\MyStage\Home\Runtime\Cache\099acdf128154d6cd2d2551568af1971.php 第 37 行.
NOTIC: [8] Use of undefined constant blog_details - assumed 'blog_details' D:\xampp\htdocs\MyStage\Home\Runtime\Cache\099acdf128154d6cd2d2551568af1971.php 第 56 行.
NOTIC: [8] Use of undefined constant blog_details - assumed 'blog_details' D:\xampp\htdocs\MyStage\Home\Runtime\Cache\099acdf128154d6cd2d2551568af1971.php 第 56 行.
NOTIC: [8] Use of undefined constant blog_details - assumed 'blog_details' D:\xampp\htdocs\MyStage\Home\Runtime\Cache\099acdf128154d6cd2d2551568af1971.php 第 56 行.
NOTIC: [8] Use of undefined constant blog_details - assumed 'blog_details' D:\xampp\htdocs\MyStage\Home\Runtime\Cache\099acdf128154d6cd2d2551568af1971.php 第 56 行.
NOTIC: [8] Use of undefined constant addComm - assumed 'addComm' D:\xampp\htdocs\MyStage\Home\Runtime\Cache\099acdf128154d6cd2d2551568af1971.php 第 103 行.
INFO: Run ParseTemplate Behavior [ RunTime:0.010230s ]
INFO: [ view_parse ] --END-- [ RunTime:0.010282s ]
INFO: [ view_filter ] --START--
INFO: Run ContentReplace Behavior [ RunTime:0.000431s ]
INFO: Run TokenBuild Behavior [ RunTime:0.000391s ]
INFO: Run WriteHtmlCache Behavior [ RunTime:0.000307s ]
INFO: Run ShowRuntime Behavior [ RunTime:0.000630s ]
INFO: [ view_filter ] --END-- [ RunTime:0.001872s ]
INFO: [ view_end ] --START--
INFO: Run ShowPageTrace Behavior [ RunTime:0.000475s ]
INFO: [ view_end ] --END-- [ RunTime:0.000510s ]

[ 2013-05-17T00:29:59+08:00 ] 127.0.0.1 /MyStage/index.php/Blog/blog_details/blog/55
INFO: [ route_check ] --START--
INFO: Run CheckRoute Behavior [ RunTime:0.000751s ]
INFO: [ route_check ] --END-- [ RunTime:0.000824s ]
INFO: [ app_begin ] --START--
INFO: Run ReadHtmlCache Behavior [ RunTime:0.000447s ]
INFO: [ app_begin ] --END-- [ RunTime:0.000488s ]
SQL: SHOW COLUMNS FROM `mystage_blog` [ RunTime:0.002837s ]
SQL: UPDATE `mystage_blog` SET `readcount`=readcount+1 WHERE ( `id` = 55 ) [ RunTime:0.078145s ]
SQL: SELECT blog.*,topic.name AS topicname,(SELECT count(comm.id) FROM mystage_blog_comm AS comm WHERE blog.id=comm.blogid ) AS commentcount FROM mystage_blog AS blog,mystage_blog_topic AS topic WHERE blog.id=55 AND blog.topicid=topic.id [ RunTime:0.000577s ]
SQL: SHOW COLUMNS FROM `mystage_blog_comm` [ RunTime:0.002444s ]
SQL: SELECT * FROM `mystage_blog_comm` WHERE ( `blogid` = 55 )  [ RunTime:0.000414s ]
SQL: SELECT blog.id,blog.title,blog.inputtime FROM mystage_blog AS blog WHERE blog.status=1 AND blog.catid=1 ORDER BY inputtime DESC limit 10  [ RunTime:0.000324s ]
INFO: [ view_template ] --START--
INFO: Run LocationTemplate Behavior [ RunTime:0.000489s ]
INFO: [ view_template ] --END-- [ RunTime:0.000534s ]
INFO: [ view_parse ] --START--
NOTIC: [8] Use of undefined constant index - assumed 'index' D:\xampp\htdocs\MyStage\Home\Runtime\Cache\099acdf128154d6cd2d2551568af1971.php 第 22 行.
NOTIC: [8] Use of undefined constant index - assumed 'index' D:\xampp\htdocs\MyStage\Home\Runtime\Cache\099acdf128154d6cd2d2551568af1971.php 第 25 行.
NOTIC: [8] Use of undefined constant monkey - assumed 'monkey' D:\xampp\htdocs\MyStage\Home\Runtime\Cache\099acdf128154d6cd2d2551568af1971.php 第 28 行.
NOTIC: [8] Use of undefined constant essay - assumed 'essay' D:\xampp\htdocs\MyStage\Home\Runtime\Cache\099acdf128154d6cd2d2551568af1971.php 第 31 行.
NOTIC: [8] Use of undefined constant enshrine - assumed 'enshrine' D:\xampp\htdocs\MyStage\Home\Runtime\Cache\099acdf128154d6cd2d2551568af1971.php 第 34 行.
NOTIC: [8] Use of undefined constant about - assumed 'about' D:\xampp\htdocs\MyStage\Home\Runtime\Cache\099acdf128154d6cd2d2551568af1971.php 第 37 行.
NOTIC: [8] Use of undefined constant blog_details - assumed 'blog_details' D:\xampp\htdocs\MyStage\Home\Runtime\Cache\099acdf128154d6cd2d2551568af1971.php 第 56 行.
NOTIC: [8] Use of undefined constant blog_details - assumed 'blog_details' D:\xampp\htdocs\MyStage\Home\Runtime\Cache\099acdf128154d6cd2d2551568af1971.php 第 56 行.
NOTIC: [8] Use of undefined constant blog_details - assumed 'blog_details' D:\xampp\htdocs\MyStage\Home\Runtime\Cache\099acdf128154d6cd2d2551568af1971.php 第 56 行.
NOTIC: [8] Use of undefined constant blog_details - assumed 'blog_details' D:\xampp\htdocs\MyStage\Home\Runtime\Cache\099acdf128154d6cd2d2551568af1971.php 第 56 行.
NOTIC: [8] Use of undefined constant addComm - assumed 'addComm' D:\xampp\htdocs\MyStage\Home\Runtime\Cache\099acdf128154d6cd2d2551568af1971.php 第 103 行.
INFO: Run ParseTemplate Behavior [ RunTime:0.010017s ]
INFO: [ view_parse ] --END-- [ RunTime:0.010059s ]
INFO: [ view_filter ] --START--
INFO: Run ContentReplace Behavior [ RunTime:0.000374s ]
INFO: Run TokenBuild Behavior [ RunTime:0.000299s ]
INFO: Run WriteHtmlCache Behavior [ RunTime:0.000241s ]
INFO: Run ShowRuntime Behavior [ RunTime:0.000637s ]
INFO: [ view_filter ] --END-- [ RunTime:0.001652s ]
INFO: [ view_end ] --START--
INFO: Run ShowPageTrace Behavior [ RunTime:0.000439s ]
INFO: [ view_end ] --END-- [ RunTime:0.000474s ]

[ 2013-05-17T00:30:25+08:00 ] 127.0.0.1 /MyStage/index.php/Blog/blog_details/blog/55
INFO: [ route_check ] --START--
INFO: Run CheckRoute Behavior [ RunTime:0.000626s ]
INFO: [ route_check ] --END-- [ RunTime:0.000686s ]
INFO: [ app_begin ] --START--
INFO: Run ReadHtmlCache Behavior [ RunTime:0.000501s ]
INFO: [ app_begin ] --END-- [ RunTime:0.000544s ]
SQL: SHOW COLUMNS FROM `mystage_blog` [ RunTime:0.002636s ]
SQL: UPDATE `mystage_blog` SET `readcount`=readcount+1 WHERE ( `id` = 55 ) [ RunTime:0.079609s ]
SQL: SELECT blog.*,topic.name AS topicname,(SELECT count(comm.id) FROM mystage_blog_comm AS comm WHERE blog.id=comm.blogid ) AS commentcount FROM mystage_blog AS blog,mystage_blog_topic AS topic WHERE blog.id=55 AND blog.topicid=topic.id [ RunTime:0.000557s ]
SQL: SHOW COLUMNS FROM `mystage_blog_comm` [ RunTime:0.002707s ]
SQL: SELECT * FROM `mystage_blog_comm` WHERE ( `blogid` = 55 )  [ RunTime:0.000285s ]
SQL: SELECT blog.id,blog.title,blog.inputtime FROM mystage_blog AS blog WHERE blog.status=1 AND blog.catid=1 ORDER BY inputtime DESC limit 10  [ RunTime:0.000251s ]
INFO: [ view_template ] --START--
INFO: Run LocationTemplate Behavior [ RunTime:0.000896s ]
INFO: [ view_template ] --END-- [ RunTime:0.000941s ]
INFO: [ view_parse ] --START--
NOTIC: [8] Use of undefined constant index - assumed 'index' D:\xampp\htdocs\MyStage\Home\Runtime\Cache\099acdf128154d6cd2d2551568af1971.php 第 22 行.
NOTIC: [8] Use of undefined constant index - assumed 'index' D:\xampp\htdocs\MyStage\Home\Runtime\Cache\099acdf128154d6cd2d2551568af1971.php 第 25 行.
NOTIC: [8] Use of undefined constant monkey - assumed 'monkey' D:\xampp\htdocs\MyStage\Home\Runtime\Cache\099acdf128154d6cd2d2551568af1971.php 第 28 行.
NOTIC: [8] Use of undefined constant essay - assumed 'essay' D:\xampp\htdocs\MyStage\Home\Runtime\Cache\099acdf128154d6cd2d2551568af1971.php 第 31 行.
NOTIC: [8] Use of undefined constant enshrine - assumed 'enshrine' D:\xampp\htdocs\MyStage\Home\Runtime\Cache\099acdf128154d6cd2d2551568af1971.php 第 34 行.
NOTIC: [8] Use of undefined constant about - assumed 'about' D:\xampp\htdocs\MyStage\Home\Runtime\Cache\099acdf128154d6cd2d2551568af1971.php 第 37 行.
NOTIC: [8] Use of undefined constant blog_details - assumed 'blog_details' D:\xampp\htdocs\MyStage\Home\Runtime\Cache\099acdf128154d6cd2d2551568af1971.php 第 56 行.
NOTIC: [8] Use of undefined constant blog_details - assumed 'blog_details' D:\xampp\htdocs\MyStage\Home\Runtime\Cache\099acdf128154d6cd2d2551568af1971.php 第 56 行.
NOTIC: [8] Use of undefined constant blog_details - assumed 'blog_details' D:\xampp\htdocs\MyStage\Home\Runtime\Cache\099acdf128154d6cd2d2551568af1971.php 第 56 行.
NOTIC: [8] Use of undefined constant blog_details - assumed 'blog_details' D:\xampp\htdocs\MyStage\Home\Runtime\Cache\099acdf128154d6cd2d2551568af1971.php 第 56 行.
NOTIC: [8] Use of undefined constant addComm - assumed 'addComm' D:\xampp\htdocs\MyStage\Home\Runtime\Cache\099acdf128154d6cd2d2551568af1971.php 第 103 行.
INFO: Run ParseTemplate Behavior [ RunTime:0.009508s ]
INFO: [ view_parse ] --END-- [ RunTime:0.009551s ]
INFO: [ view_filter ] --START--
INFO: Run ContentReplace Behavior [ RunTime:0.000381s ]
INFO: Run TokenBuild Behavior [ RunTime:0.000303s ]
INFO: Run WriteHtmlCache Behavior [ RunTime:0.000228s ]
INFO: Run ShowRuntime Behavior [ RunTime:0.000595s ]
INFO: [ view_filter ] --END-- [ RunTime:0.001604s ]
INFO: [ view_end ] --START--
INFO: Run ShowPageTrace Behavior [ RunTime:0.000435s ]
INFO: [ view_end ] --END-- [ RunTime:0.000468s ]

