[ 2013-06-13T18:01:10+08:00 ] 192.168.1.102 /mystage/index.php/Blog/index
INFO: [ route_check ] --START--
INFO: Run CheckRoute Behavior [ RunTime:0.018415s ]
INFO: [ route_check ] --END-- [ RunTime:0.018479s ]
INFO: [ app_begin ] --START--
INFO: Run ReadHtmlCache Behavior [ RunTime:0.000581s ]
INFO: [ app_begin ] --END-- [ RunTime:0.000630s ]
SQL: SHOW COLUMNS FROM `mystage_blog` [ RunTime:0.056242s ]
SQL: SELECT blog.id,blog.title,blog.inputtime,blog.catid,blog.readcount,topic.name AS topicname ,(SELECT count(comm.id) FROM mystage_blog_comm AS comm WHERE blog.id=comm.blogid ) AS commentcount 
		FROM mystage_blog AS blog ,mystage_blog_topic AS topic 
		WHERE blog.status=1 AND blog.topicid=topic.id 
		ORDER BY updatetime DESC [ RunTime:0.093742s ]
INFO: [ view_template ] --START--
INFO: Run LocationTemplate Behavior [ RunTime:0.027998s ]
INFO: [ view_template ] --END-- [ RunTime:0.028075s ]
INFO: [ view_parse ] --START--
NOTIC: [8] Use of undefined constant index - assumed 'index' D:\xampp\htdocs\MyStage\Home\Runtime\Cache\cfdd517e0d671e92ae3da660d3de2eb0.php 第 22 行.
NOTIC: [8] Use of undefined constant monkey - assumed 'monkey' D:\xampp\htdocs\MyStage\Home\Runtime\Cache\cfdd517e0d671e92ae3da660d3de2eb0.php 第 25 行.
NOTIC: [8] Use of undefined constant essay - assumed 'essay' D:\xampp\htdocs\MyStage\Home\Runtime\Cache\cfdd517e0d671e92ae3da660d3de2eb0.php 第 28 行.
NOTIC: [8] Use of undefined constant enshrine - assumed 'enshrine' D:\xampp\htdocs\MyStage\Home\Runtime\Cache\cfdd517e0d671e92ae3da660d3de2eb0.php 第 31 行.
NOTIC: [8] Use of undefined constant about - assumed 'about' D:\xampp\htdocs\MyStage\Home\Runtime\Cache\cfdd517e0d671e92ae3da660d3de2eb0.php 第 37 行.
NOTIC: [8] Use of undefined constant blog_details - assumed 'blog_details' D:\xampp\htdocs\MyStage\Home\Runtime\Cache\cfdd517e0d671e92ae3da660d3de2eb0.php 第 55 行.
NOTIC: [8] Undefined index: content D:\xampp\htdocs\MyStage\Home\Runtime\Cache\cfdd517e0d671e92ae3da660d3de2eb0.php 第 64 行.
NOTIC: [8] Use of undefined constant blog_details - assumed 'blog_details' D:\xampp\htdocs\MyStage\Home\Runtime\Cache\cfdd517e0d671e92ae3da660d3de2eb0.php 第 70 行.
NOTIC: [8] Use of undefined constant blog_details - assumed 'blog_details' D:\xampp\htdocs\MyStage\Home\Runtime\Cache\cfdd517e0d671e92ae3da660d3de2eb0.php 第 55 行.
NOTIC: [8] Undefined index: content D:\xampp\htdocs\MyStage\Home\Runtime\Cache\cfdd517e0d671e92ae3da660d3de2eb0.php 第 64 行.
NOTIC: [8] Use of undefined constant blog_details - assumed 'blog_details' D:\xampp\htdocs\MyStage\Home\Runtime\Cache\cfdd517e0d671e92ae3da660d3de2eb0.php 第 70 行.
NOTIC: [8] Use of undefined constant blog_details - assumed 'blog_details' D:\xampp\htdocs\MyStage\Home\Runtime\Cache\cfdd517e0d671e92ae3da660d3de2eb0.php 第 55 行.
NOTIC: [8] Undefined index: content D:\xampp\htdocs\MyStage\Home\Runtime\Cache\cfdd517e0d671e92ae3da660d3de2eb0.php 第 64 行.
NOTIC: [8] Use of undefined constant blog_details - assumed 'blog_details' D:\xampp\htdocs\MyStage\Home\Runtime\Cache\cfdd517e0d671e92ae3da660d3de2eb0.php 第 70 行.
NOTIC: [8] Use of undefined constant blog_details - assumed 'blog_details' D:\xampp\htdocs\MyStage\Home\Runtime\Cache\cfdd517e0d671e92ae3da660d3de2eb0.php 第 55 行.
NOTIC: [8] Undefined index: content D:\xampp\htdocs\MyStage\Home\Runtime\Cache\cfdd517e0d671e92ae3da660d3de2eb0.php 第 64 行.
NOTIC: [8] Use of undefined constant blog_details - assumed 'blog_details' D:\xampp\htdocs\MyStage\Home\Runtime\Cache\cfdd517e0d671e92ae3da660d3de2eb0.php 第 70 行.
NOTIC: [8] Use of undefined constant blog_details - assumed 'blog_details' D:\xampp\htdocs\MyStage\Home\Runtime\Cache\cfdd517e0d671e92ae3da660d3de2eb0.php 第 55 行.
NOTIC: [8] Undefined index: content D:\xampp\htdocs\MyStage\Home\Runtime\Cache\cfdd517e0d671e92ae3da660d3de2eb0.php 第 64 行.
NOTIC: [8] Use of undefined constant blog_details - assumed 'blog_details' D:\xampp\htdocs\MyStage\Home\Runtime\Cache\cfdd517e0d671e92ae3da660d3de2eb0.php 第 70 行.
NOTIC: [8] Use of undefined constant blog_details - assumed 'blog_details' D:\xampp\htdocs\MyStage\Home\Runtime\Cache\cfdd517e0d671e92ae3da660d3de2eb0.php 第 55 行.
NOTIC: [8] Undefined index: content D:\xampp\htdocs\MyStage\Home\Runtime\Cache\cfdd517e0d671e92ae3da660d3de2eb0.php 第 64 行.
NOTIC: [8] Use of undefined constant blog_details - assumed 'blog_details' D:\xampp\htdocs\MyStage\Home\Runtime\Cache\cfdd517e0d671e92ae3da660d3de2eb0.php 第 70 行.
NOTIC: [8] Use of undefined constant blog_details - assumed 'blog_details' D:\xampp\htdocs\MyStage\Home\Runtime\Cache\cfdd517e0d671e92ae3da660d3de2eb0.php 第 55 行.
NOTIC: [8] Undefined index: content D:\xampp\htdocs\MyStage\Home\Runtime\Cache\cfdd517e0d671e92ae3da660d3de2eb0.php 第 64 行.
NOTIC: [8] Use of undefined constant blog_details - assumed 'blog_details' D:\xampp\htdocs\MyStage\Home\Runtime\Cache\cfdd517e0d671e92ae3da660d3de2eb0.php 第 70 行.
INFO: Run ParseTemplate Behavior [ RunTime:0.079234s ]
INFO: [ view_parse ] --END-- [ RunTime:0.079279s ]
INFO: [ view_filter ] --START--
INFO: Run ContentReplace Behavior [ RunTime:0.000460s ]
INFO: Run TokenBuild Behavior [ RunTime:0.000310s ]
INFO: Run WriteHtmlCache Behavior [ RunTime:0.000237s ]
INFO: Run ShowRuntime Behavior [ RunTime:0.000375s ]
INFO: [ view_filter ] --END-- [ RunTime:0.001501s ]
INFO: [ view_end ] --START--
INFO: Run ShowPageTrace Behavior [ RunTime:0.000435s ]
INFO: [ view_end ] --END-- [ RunTime:0.000468s ]

